<?xml version="1.0" encoding="UTF-8"?>
<robot generator="Robot 5.0.1 (Python 3.10.7 on win32)" generated="20220921 13:27:09.938" rpa="false" schemaversion="3">
<suite id="s1" name="TestCasesAPIBooks" source="d:\Cursos\robotFramework\Api-testing-basic\TestCasesAPIBooks.robot">
<kw name="Conectar a minha api" library="ResourcesAPI" type="SETUP">
<kw name="Create Session" library="RequestsLibrary">
<arg>fakeAPI</arg>
<arg>${URL_API}</arg>
<doc>Create Session: create a HTTP session to a server</doc>
<msg timestamp="20220921 13:27:10.045" level="INFO">Creating Session using : alias=fakeAPI, url=https://fakerestapi.azurewebsites.net/api/v1/, headers={},                     cookies={}, auth=None, timeout=None, proxies=None, verify=False,                     debug=0 </msg>
<status status="PASS" starttime="20220921 13:27:10.045" endtime="20220921 13:27:10.053"/>
</kw>
<status status="PASS" starttime="20220921 13:27:10.044" endtime="20220921 13:27:10.054"/>
</kw>
<test id="s1-t1" name="Alterar dados" line="30">
<kw name="Alterar dados do livro 10" library="ResourcesAPI">
<kw name="GET On Session" library="RequestsLibrary">
<var>${RESP}</var>
<arg>fakeAPI</arg>
<arg>Books/10</arg>
<doc>Sends a GET request on a previously created HTTP Session.</doc>
<msg timestamp="20220921 13:27:11.203" level="INFO">GET Request : url=https://fakerestapi.azurewebsites.net/api/v1/Books/10 
 path_url=/api/v1/Books/10 
 headers={'User-Agent': 'python-requests/2.28.1', 'Accept-Encoding': 'gzip, deflate', 'Accept': '*/*', 'Connection': 'keep-alive'} 
 body=None 
 </msg>
<msg timestamp="20220921 13:27:11.204" level="INFO">GET Response : url=https://fakerestapi.azurewebsites.net/api/v1/Books/10 
 status=200, reason=OK 
 headers={'Content-Type': 'application/json; charset=utf-8; v=1.0', 'Date': 'Wed, 21 Sep 2022 16:27:13 GMT', 'Server': 'Kestrel', 'Transfer-Encoding': 'chunked', 'api-supported-versions': '1.0'} 
 body={"id":10,"title":"Book 10","description":"Ea quis ipsum diam justo takimata nam sit dolores elitr justo et iriure sadipscing lobortis ipsum odio dolor. Mazim ipsum gubergren sed eos dolor sit. Cum sit facilisis vel takimata. Vero diam dolor sed amet in sed diam. Sed takimata ipsum et ea sit invidunt ut sed. Consetetur in aliquam ut. Sit labore duo takimata lorem labore nam accumsan duis feugiat et laoreet. Blandit et delenit sit et rebum justo labore tincidunt ad ut dolor dolores. Et luptatum stet rebum stet stet diam rebum lorem sadipscing consequat vero labore ut sit. Eros amet in et dolores eirmod accusam voluptua facilisis vero lobortis invidunt eros velit lorem eirmod. Nonumy labore eos duis rebum erat diam praesent vero esse. Duo at ipsum labore et diam sanctus diam labore facilisi sed sit elit eirmod. Sit sed feugait ipsum gubergren consetetur erat justo amet consequat. Accusam et duis dolore sadipscing minim blandit ea sea consequat autem stet clita. Sed no est clita nibh et clita duis no et blandit sea. Sadipscing sit lobortis takimata.\n","pageCount":1000,"excerpt":"Nam et iriure at nisl option et nobis veniam aliquyam. Amet takimata invidunt magna. Dolores diam takimata luptatum cum dolores et accusam vero elitr invidunt et vulputate et justo dolor eum ipsum. Possim eirmod magna dolores eos erat ea. Ad lorem et dolore praesent takimata eu dolor. Amet stet stet facer elitr vero eos quis stet at diam gubergren. Nonumy facilisis dolore te feugait at et takimata. Invidunt lorem ipsum sadipscing volutpat duo amet dolor labore. Voluptua sit doming eos tincidunt sea ipsum stet elitr sit duo dolor aliquam tempor eirmod in nulla sed elitr. Facilisi ullamcorper feugait vero molestie sea tempor lorem laoreet accusam ipsum clita at justo labore in. Ipsum in dolor kasd kasd sea est. Dolore amet ut est eos et diam. Consequat dolores ut gubergren et iusto illum accusam lorem et nisl eos takimata dolor justo. Aliquyam voluptua autem commodo et accusam adipiscing dolore est sed dolor nonummy dolor consetetur duo eu vero illum velit. Dolores sit eum adipiscing vero illum sit eirmod velit zzril et. Adipiscing ad no sit diam tation. Zzril ipsum lorem est takimata eirmod elitr sit est tempor. Amet eos nulla labore. Erat lorem stet in sea at mazim hendrerit lorem ea.\nAt invidunt et. Vel dolore no zzril rebum autem. Sadipscing ad aliquyam nostrud dignissim zzril labore kasd erat dolor gubergren magna eu rebum nulla sed. Aliquyam amet labore hendrerit est aliquyam elitr invidunt zzril invidunt zzril diam amet. Diam dolor voluptua accusam clita dolor elit et. At lorem diam lorem lorem est diam vulputate et sanctus dolor lobortis justo sit zzril labore et nonumy invidunt. Augue wisi et erat autem et augue lorem sadipscing ex aliquyam facilisi ut labore sadipscing esse dolor magna voluptua. Euismod erat consetetur labore autem et et sanctus eu volutpat ullamcorper sea consetetur dolores vel nisl labore. Eos eu voluptua duo consectetuer invidunt eros amet magna ut ipsum. Molestie nonumy sit.\nUt diam ut et et amet in amet te sadipscing est. Accusam vel est lobortis voluptua no et esse sea dolor eros elitr cum justo. Consequat nisl eum. Nulla labore hendrerit ipsum magna dolore sadipscing sadipscing at. Vero tempor sadipscing hendrerit autem diam ut. In dolore magna erat est accusam accusam et exerci feugiat kasd ea et hendrerit stet diam ullamcorper dolor. Ullamcorper vero voluptua praesent ea. Lorem labore gubergren dolores ipsum accusam erat. Aliquam stet ut facer commodo erat lorem. Luptatum liber duis zzril. Rebum ea vero dolor aliquyam consectetuer diam. Hendrerit ut consetetur et elitr dolor voluptua. Et vero voluptua eirmod dolore dolore nulla sed amet sea dolor amet at takimata. Sanctus labore gubergren diam sit invidunt enim et. Eirmod sanctus magna diam sed at no sit voluptua sit luptatum nonummy ut sit feugiat ad vel amet. Et dolores et labore amet volutpat eirmod ea et rebum cum sed et dolor lorem amet voluptua dolor dolor. Consetetur praesent sanctus at amet.\nEt et sit dolor dolor sed minim amet erat illum accusam no nonumy dolor feugait elitr et elitr sadipscing. Dolor aliquyam takimata suscipit wisi sed takimata eros diam te imperdiet diam in. Justo et accusam accusam aliquip sit sea dolor justo te nonumy. Hendrerit consequat ut at et. Vel kasd amet diam eros diam voluptua tempor et ut gubergren. Nonumy magna ut et et nonummy est sit diam sadipscing suscipit elitr kasd aliquyam sit in sed est. Ipsum ipsum amet aliquyam ipsum dolor. Accusam aliquyam amet. Duo eos sed sea nisl takimata ut elitr lorem et et sit exerci veniam invidunt dolor nulla rebum. Sit dolor imperdiet erat stet elitr sadipscing veniam. Consectetuer nonumy eirmod tincidunt ex eros. Consectetuer sit tempor accumsan sadipscing sadipscing et dolores ea sed facilisis dolor diam mazim sit et at. Minim sit possim consetetur facilisis consectetuer nostrud sit clita sed eirmod est rebum amet amet. In duo minim vulputate aliquyam takimata ea nibh vel ut et te elit. Consectetuer sanctus sit et tempor at qui dolor est ipsum dolor dolor magna lorem soluta. Vel elit aliquip at dolores dolore odio lorem gubergren liber erat gubergren magna. Labore ipsum magna rebum eum sed elitr sit takimata at.\nNonummy voluptua quod dolore at gubergren diam tempor consequat lorem no elitr illum duis ea elitr takimata sit justo. Tation voluptua commodo consetetur consectetuer duo sea. Soluta dolore et nibh dolore nulla tempor iriure gubergren diam facilisis veniam dolore diam sea. Sadipscing eirmod luptatum dolore no lorem justo tincidunt volutpat. Congue justo sadipscing option dolore sea ipsum dolor ut duo veniam nobis soluta praesent clita tincidunt et ipsum et. Sed sed duo dolor sit duis.\n","publishDate":"2022-09-11T16:27:13.2416368+00:00"} 
 </msg>
<msg timestamp="20220921 13:27:11.204" level="INFO">D:\Users\pac-c\AppData\Local\Programs\Python\Python310\lib\site-packages\urllib3\connectionpool.py:1045: InsecureRequestWarning: Unverified HTTPS request is being made to host 'fakerestapi.azurewebsites.net'. Adding certificate verification is strongly advised. See: https://urllib3.readthedocs.io/en/1.26.x/advanced-usage.html#ssl-warnings
  warnings.warn(</msg>
<msg timestamp="20220921 13:27:11.205" level="INFO">${RESP} = &lt;Response [200]&gt;</msg>
<status status="PASS" starttime="20220921 13:27:10.058" endtime="20220921 13:27:11.205"/>
</kw>
<kw name="Log" library="BuiltIn">
<arg>${RESP.text}</arg>
<doc>Logs the given message with the given level.</doc>
<msg timestamp="20220921 13:27:11.207" level="INFO">{"id":10,"title":"Book 10","description":"Ea quis ipsum diam justo takimata nam sit dolores elitr justo et iriure sadipscing lobortis ipsum odio dolor. Mazim ipsum gubergren sed eos dolor sit. Cum sit facilisis vel takimata. Vero diam dolor sed amet in sed diam. Sed takimata ipsum et ea sit invidunt ut sed. Consetetur in aliquam ut. Sit labore duo takimata lorem labore nam accumsan duis feugiat et laoreet. Blandit et delenit sit et rebum justo labore tincidunt ad ut dolor dolores. Et luptatum stet rebum stet stet diam rebum lorem sadipscing consequat vero labore ut sit. Eros amet in et dolores eirmod accusam voluptua facilisis vero lobortis invidunt eros velit lorem eirmod. Nonumy labore eos duis rebum erat diam praesent vero esse. Duo at ipsum labore et diam sanctus diam labore facilisi sed sit elit eirmod. Sit sed feugait ipsum gubergren consetetur erat justo amet consequat. Accusam et duis dolore sadipscing minim blandit ea sea consequat autem stet clita. Sed no est clita nibh et clita duis no et blandit sea. Sadipscing sit lobortis takimata.\n","pageCount":1000,"excerpt":"Nam et iriure at nisl option et nobis veniam aliquyam. Amet takimata invidunt magna. Dolores diam takimata luptatum cum dolores et accusam vero elitr invidunt et vulputate et justo dolor eum ipsum. Possim eirmod magna dolores eos erat ea. Ad lorem et dolore praesent takimata eu dolor. Amet stet stet facer elitr vero eos quis stet at diam gubergren. Nonumy facilisis dolore te feugait at et takimata. Invidunt lorem ipsum sadipscing volutpat duo amet dolor labore. Voluptua sit doming eos tincidunt sea ipsum stet elitr sit duo dolor aliquam tempor eirmod in nulla sed elitr. Facilisi ullamcorper feugait vero molestie sea tempor lorem laoreet accusam ipsum clita at justo labore in. Ipsum in dolor kasd kasd sea est. Dolore amet ut est eos et diam. Consequat dolores ut gubergren et iusto illum accusam lorem et nisl eos takimata dolor justo. Aliquyam voluptua autem commodo et accusam adipiscing dolore est sed dolor nonummy dolor consetetur duo eu vero illum velit. Dolores sit eum adipiscing vero illum sit eirmod velit zzril et. Adipiscing ad no sit diam tation. Zzril ipsum lorem est takimata eirmod elitr sit est tempor. Amet eos nulla labore. Erat lorem stet in sea at mazim hendrerit lorem ea.\nAt invidunt et. Vel dolore no zzril rebum autem. Sadipscing ad aliquyam nostrud dignissim zzril labore kasd erat dolor gubergren magna eu rebum nulla sed. Aliquyam amet labore hendrerit est aliquyam elitr invidunt zzril invidunt zzril diam amet. Diam dolor voluptua accusam clita dolor elit et. At lorem diam lorem lorem est diam vulputate et sanctus dolor lobortis justo sit zzril labore et nonumy invidunt. Augue wisi et erat autem et augue lorem sadipscing ex aliquyam facilisi ut labore sadipscing esse dolor magna voluptua. Euismod erat consetetur labore autem et et sanctus eu volutpat ullamcorper sea consetetur dolores vel nisl labore. Eos eu voluptua duo consectetuer invidunt eros amet magna ut ipsum. Molestie nonumy sit.\nUt diam ut et et amet in amet te sadipscing est. Accusam vel est lobortis voluptua no et esse sea dolor eros elitr cum justo. Consequat nisl eum. Nulla labore hendrerit ipsum magna dolore sadipscing sadipscing at. Vero tempor sadipscing hendrerit autem diam ut. In dolore magna erat est accusam accusam et exerci feugiat kasd ea et hendrerit stet diam ullamcorper dolor. Ullamcorper vero voluptua praesent ea. Lorem labore gubergren dolores ipsum accusam erat. Aliquam stet ut facer commodo erat lorem. Luptatum liber duis zzril. Rebum ea vero dolor aliquyam consectetuer diam. Hendrerit ut consetetur et elitr dolor voluptua. Et vero voluptua eirmod dolore dolore nulla sed amet sea dolor amet at takimata. Sanctus labore gubergren diam sit invidunt enim et. Eirmod sanctus magna diam sed at no sit voluptua sit luptatum nonummy ut sit feugiat ad vel amet. Et dolores et labore amet volutpat eirmod ea et rebum cum sed et dolor lorem amet voluptua dolor dolor. Consetetur praesent sanctus at amet.\nEt et sit dolor dolor sed minim amet erat illum accusam no nonumy dolor feugait elitr et elitr sadipscing. Dolor aliquyam takimata suscipit wisi sed takimata eros diam te imperdiet diam in. Justo et accusam accusam aliquip sit sea dolor justo te nonumy. Hendrerit consequat ut at et. Vel kasd amet diam eros diam voluptua tempor et ut gubergren. Nonumy magna ut et et nonummy est sit diam sadipscing suscipit elitr kasd aliquyam sit in sed est. Ipsum ipsum amet aliquyam ipsum dolor. Accusam aliquyam amet. Duo eos sed sea nisl takimata ut elitr lorem et et sit exerci veniam invidunt dolor nulla rebum. Sit dolor imperdiet erat stet elitr sadipscing veniam. Consectetuer nonumy eirmod tincidunt ex eros. Consectetuer sit tempor accumsan sadipscing sadipscing et dolores ea sed facilisis dolor diam mazim sit et at. Minim sit possim consetetur facilisis consectetuer nostrud sit clita sed eirmod est rebum amet amet. In duo minim vulputate aliquyam takimata ea nibh vel ut et te elit. Consectetuer sanctus sit et tempor at qui dolor est ipsum dolor dolor magna lorem soluta. Vel elit aliquip at dolores dolore odio lorem gubergren liber erat gubergren magna. Labore ipsum magna rebum eum sed elitr sit takimata at.\nNonummy voluptua quod dolore at gubergren diam tempor consequat lorem no elitr illum duis ea elitr takimata sit justo. Tation voluptua commodo consetetur consectetuer duo sea. Soluta dolore et nibh dolore nulla tempor iriure gubergren diam facilisis veniam dolore diam sea. Sadipscing eirmod luptatum dolore no lorem justo tincidunt volutpat. Congue justo sadipscing option dolore sea ipsum dolor ut duo veniam nobis soluta praesent clita tincidunt et ipsum et. Sed sed duo dolor sit duis.\n","publishDate":"2022-09-11T16:27:13.2416368+00:00"}</msg>
<status status="PASS" starttime="20220921 13:27:11.206" endtime="20220921 13:27:11.208"/>
</kw>
<kw name="Create Dictionary" library="BuiltIn">
<var>${body}</var>
<arg>title=alterado</arg>
<doc>Creates and returns a dictionary based on the given ``items``.</doc>
<msg timestamp="20220921 13:27:11.208" level="INFO">${body} = {'title': 'alterado'}</msg>
<status status="PASS" starttime="20220921 13:27:11.208" endtime="20220921 13:27:11.208"/>
</kw>
<kw name="PUT On Session" library="RequestsLibrary">
<var>${RESPOSTA}</var>
<arg>fakeAPI</arg>
<arg>Books/10</arg>
<arg>json=${body}</arg>
<doc>Sends a PUT request on a previously created HTTP Session.</doc>
<msg timestamp="20220921 13:27:11.419" level="INFO">PUT Request : url=https://fakerestapi.azurewebsites.net/api/v1/Books/10 
 path_url=/api/v1/Books/10 
 headers={'User-Agent': 'python-requests/2.28.1', 'Accept-Encoding': 'gzip, deflate', 'Accept': '*/*', 'Connection': 'keep-alive', 'Content-Length': '21', 'Content-Type': 'application/json'} 
 body=b'{"title": "alterado"}' 
 </msg>
<msg timestamp="20220921 13:27:11.420" level="INFO">PUT Response : url=https://fakerestapi.azurewebsites.net/api/v1/Books/10 
 status=200, reason=OK 
 headers={'Content-Type': 'application/json; charset=utf-8; v=1.0', 'Date': 'Wed, 21 Sep 2022 16:27:13 GMT', 'Server': 'Kestrel', 'Transfer-Encoding': 'chunked', 'api-supported-versions': '1.0'} 
 body={"id":0,"title":"alterado","description":null,"pageCount":0,"excerpt":null,"publishDate":"0001-01-01T00:00:00"} 
 </msg>
<msg timestamp="20220921 13:27:11.420" level="INFO">D:\Users\pac-c\AppData\Local\Programs\Python\Python310\lib\site-packages\urllib3\connectionpool.py:1045: InsecureRequestWarning: Unverified HTTPS request is being made to host 'fakerestapi.azurewebsites.net'. Adding certificate verification is strongly advised. See: https://urllib3.readthedocs.io/en/1.26.x/advanced-usage.html#ssl-warnings
  warnings.warn(</msg>
<msg timestamp="20220921 13:27:11.421" level="INFO">${RESPOSTA} = &lt;Response [200]&gt;</msg>
<status status="PASS" starttime="20220921 13:27:11.209" endtime="20220921 13:27:11.421"/>
</kw>
<kw name="Log" library="BuiltIn">
<arg>${RESPOSTA.text}</arg>
<doc>Logs the given message with the given level.</doc>
<msg timestamp="20220921 13:27:11.423" level="INFO">{"id":0,"title":"alterado","description":null,"pageCount":0,"excerpt":null,"publishDate":"0001-01-01T00:00:00"}</msg>
<status status="PASS" starttime="20220921 13:27:11.421" endtime="20220921 13:27:11.423"/>
</kw>
<status status="PASS" starttime="20220921 13:27:10.057" endtime="20220921 13:27:11.423"/>
</kw>
<status status="PASS" starttime="20220921 13:27:10.054" endtime="20220921 13:27:11.424"/>
</test>
<doc>Documentation da API:</doc>
<status status="PASS" starttime="20220921 13:27:09.943" endtime="20220921 13:27:11.426"/>
</suite>
<statistics>
<total>
<stat pass="1" fail="0" skip="0">All Tests</stat>
</total>
<tag>
</tag>
<suite>
<stat pass="1" fail="0" skip="0" id="s1" name="TestCasesAPIBooks">TestCasesAPIBooks</stat>
</suite>
</statistics>
<errors>
</errors>
</robot>
