<?xml version="1.0" encoding="UTF-8"?>
<robot generator="Robot 5.0.1 (Python 3.10.7 on win32)" generated="20220908 15:57:20.973" rpa="false" schemaversion="3">
<suite id="s1" name="TestCasesAPIBooks" source="d:\Cursos\robotFramework\Api-testing-basic\TestCasesAPIBooks.robot">
<kw name="Conectar a minha api" library="ResourcesAPI" type="SETUP">
<kw name="Create Session" library="RequestsLibrary">
<arg>fakeAPI</arg>
<arg>${URL_API}</arg>
<doc>Create Session: create a HTTP session to a server</doc>
<msg timestamp="20220908 15:57:21.087" level="INFO">Creating Session using : alias=fakeAPI, url=https://fakerestapi.azurewebsites.net/api/v1/, headers={},                     cookies={}, auth=None, timeout=None, proxies=None, verify=False,                     debug=0 </msg>
<status status="PASS" starttime="20220908 15:57:21.086" endtime="20220908 15:57:21.094"/>
</kw>
<status status="PASS" starttime="20220908 15:57:21.086" endtime="20220908 15:57:21.095"/>
</kw>
<test id="s1-t1" name="Deletar livro" line="26">
<kw name="Requisitar todos os livros" library="ResourcesAPI">
<kw name="GET On Session" library="RequestsLibrary">
<var>${RESPOSTA}</var>
<arg>fakeAPI</arg>
<arg>Books</arg>
<doc>Sends a GET request on a previously created HTTP Session.</doc>
<msg timestamp="20220908 15:57:30.528" level="INFO">GET Request : url=https://fakerestapi.azurewebsites.net/api/v1/Books 
 path_url=/api/v1/Books 
 headers={'User-Agent': 'python-requests/2.28.1', 'Accept-Encoding': 'gzip, deflate', 'Accept': '*/*', 'Connection': 'keep-alive'} 
 body=None 
 </msg>
<msg timestamp="20220908 15:57:30.529" level="INFO">GET Response : url=https://fakerestapi.azurewebsites.net/api/v1/Books 
 status=200, reason=OK 
 headers={'Content-Type': 'application/json; charset=utf-8; v=1.0', 'Date': 'Thu, 08 Sep 2022 18:57:21 GMT', 'Server': 'Kestrel', 'Transfer-Encoding': 'chunked', 'api-supported-versions': '1.0'} 
 body=[{"id":1,"title":"Book 1","description":"Sit elitr euismod voluptua esse ex. Ex sit dolor tempor dolore at nonumy praesent est nisl rebum ipsum rebum vero. Facilisis takimata erat et consequat justo blandit et ipsum sit nam. Ipsum adipiscing dolores et tempor sit ut blandit iriure ea eos magna dolor amet. Stet ad consetetur dolor labore feugait elitr stet molestie. Est sanctus erat dolore. Lorem tempor consetetur. Nostrud duo magna iriure tempor dolor aliquyam accumsan sea consetetur labore. Sed ea euismod erat. Est ea et nulla nam tempor stet amet eirmod amet sanctus consectetuer. Clita consequat tempor ipsum lorem dolore eu illum. Et no ut et vulputate dolor sed sea dolore justo dignissim ea amet et voluptua velit ipsum aliquyam.\n","pageCount":100,"excerpt":"Ipsum sanctus vero eirmod. At erat stet erat eirmod dolores sed dignissim magna magna at dolor iusto duo et dolores. Elitr ut et sed at. Gubergren gubergren sit illum eos et at. Ut ipsum dolores stet sed ea erat nonumy dolor eirmod dolor rebum vulputate. Consetetur amet nonummy erat labore. Ea vulputate eos eirmod enim luptatum molestie et magna ex sadipscing invidunt sanctus justo diam diam et. Ipsum amet congue et tempor diam dolores kasd vero sadipscing ea dolor sit est amet invidunt magna luptatum takimata. Eum at doming veniam at eu. Sea sea et kasd erat sed dolore et ea facilisi. Amet nulla facer diam in. Velit aliquyam dolores vulputate invidunt et tation iriure takimata sed consetetur nonummy elitr eirmod. Lorem feugiat feugait lorem lorem. Duo facer clita dolore lorem ipsum ipsum volutpat nostrud ut. Duo amet accusam quis feugiat diam et tempor dolore diam vero.\nNisl nonumy aliquam dolore nonumy ipsum aliquyam invidunt assum vel molestie takimata. Stet zzril dolor et vero dolor. Dignissim gubergren at dolores et vero suscipit. Et lorem consetetur sadipscing ipsum. Justo dolore sed cum nonumy veniam tempor esse. Nisl ut invidunt vero ipsum sea nulla clita stet. Ut dolore et ipsum ipsum feugiat est minim erat ipsum dolor assum dolor vero voluptua iriure erat. Ut consequat ea gubergren dolores duis sed et labore amet. Consetetur invidunt rebum rebum stet dolores justo iusto dolores id et dolores ipsum rebum amet et rebum. Erat lorem cum exerci ipsum diam vero dolores consetetur at blandit sanctus stet.\nLorem et ut cum dolore aliquyam sanctus sanctus eos consequat justo clita duo kasd sit amet. Facilisis ut est ut. Est labore invidunt est dolor sanctus gubergren nonumy kasd. Vel eum dolore erat consequat magna takimata vel eos tincidunt elit takimata ut eu at. Lorem stet aliquam ea facilisis elitr accusam feugiat stet dolor dolor ipsum labore eirmod aliquyam labore ipsum iriure. Eos aliquyam et. Elit dolores dolore kasd placerat sadipscing. Et molestie dolore hendrerit hendrerit sit molestie dolore nostrud dolor at. Et eos erat sanctus gubergren nulla clita eum ipsum eos veniam ipsum vero et imperdiet nonumy eos dolor. Ipsum aliquam molestie tempor zzril et et laoreet et duo sadipscing dolores dolores dolore erat lorem nisl et amet. Facilisi euismod ea amet eros et.\nSed justo autem lorem amet at. Sit aliquip sit rebum et ut dolore aliquyam sed sadipscing vero stet possim. Invidunt sadipscing et tempor. Ipsum dignissim elitr nonumy consetetur hendrerit no exerci lorem. Eos kasd amet ut invidunt consequat dolor elitr vulputate kasd ut vero duis. Dolor in gubergren eirmod accusam vero voluptua et clita in sanctus laoreet est stet sit. Esse iriure et veniam eirmod et sanctus accusam qui no in ut. Id ut sed est est dignissim sanctus ad elitr consequat.\nAd lorem elitr invidunt sit duis cum accusam ut et kasd in labore lorem qui dolore eirmod ipsum et. Placerat at vel. Sit dignissim amet hendrerit sit velit consequat no. Suscipit liber et magna ea facilisi dolores ut. Stet molestie at ipsum accusam sanctus invidunt vero in et kasd. Molestie lorem eos nobis ullamcorper id dolor gubergren amet eu consetetur dolor. Amet clita consectetuer sit esse amet vero sit sed et rebum elit iriure ex amet tation est amet. Dolor et vero commodo qui autem dolor. Hendrerit vero ipsum et clita eos wisi no duis justo eos diam diam tempor takimata sanctus facer duo duo. Consetetur duo et nonumy molestie tempor lorem justo tempor kasd et eirmod sadipscing magna ipsum diam. Ex et eros vero lorem nobis. Erat est clita kasd voluptua sit clita dolor eum feugiat et stet magna rebum duo takimata justo rebum lobortis. Ipsum consequat sit sit duo magna.\n","publishDate":"2022-09-07T18:57:22.4344258+00:00"},{"id":2,"title":"Book 2","description":"Dolor elitr diam et vel labore tincidunt at facilisi sadipscing sadipscing et elit rebum facilisis sit kasd dolore. Wisi dolore augue sanctus gubergren labore amet qui doming. Et sadipscing veniam nonumy et lorem esse. Luptatum ut invidunt dignissim nonumy sit vero accusam stet duo nonumy nonumy nulla ut invidunt vulputate et sea. Et dolores aliquyam sit minim dolore labore diam duo ipsum dolore nostrud. Eirmod consequat no aliquyam in consetetur. Clita aliquyam nonumy eum ad lorem amet rebum luptatum takimata vero sanctus rebum illum dolor blandit. Labore hendrerit in lorem consetetur clita dolor diam eos vero dolor dolor est vero dolor. Ea diam at amet quod justo sit ea accusam sadipscing sadipscing invidunt elitr duis diam tempor.\n","pageCount":200,"excerpt":"Imperdiet lorem at labore justo vel feugiat lorem consetetur odio no et exerci commodo et dolores dolore in gubergren. Qui duis nonumy iusto labore sit ut dolores ipsum vero. Invidunt amet ipsum diam dolor vel minim et ipsum ipsum. At facilisis takimata lorem ad. Dolor sea sit et in sea gubergren dolor kasd dolor. Sit sit congue takimata lorem est et dolor et velit dignissim accusam dignissim et diam gubergren et. Nonummy ut no lorem in duis sea sed.\nElitr aliquip aliquyam et amet sea facer justo lorem amet facer at ut diam sea. Diam eirmod diam dolor eirmod. Sit sadipscing ipsum. Eos dolor takimata rebum dolores stet accusam facilisis tempor lorem no rebum voluptua aliquyam. Et consetetur accusam et ipsum eos diam sit eos ipsum accusam te et. Consetetur tempor odio et nulla. Quod wisi ut imperdiet diam cum et gubergren lorem diam sit rebum. Dolor et aliquam elit voluptua amet vero sit ut et duis dolor diam amet. Labore sit eirmod iriure dolor amet sanctus. Sed sadipscing et volutpat nulla dolores iriure vel ut hendrerit sadipscing vero. Nam lorem nulla lorem dolor assum eos consectetuer takimata amet elitr ea. Voluptua ipsum eirmod no vero. Sed ipsum dolor tempor magna dolore lorem erat sed invidunt voluptua aliquip sadipscing. Stet duis amet facilisis. Lorem at dolore tempor dolor gubergren.\nSed sed hendrerit no voluptua. Lorem dolore dolores no lobortis kasd eos tempor feugait nonummy sit illum ad eos in delenit commodo sea adipiscing. At ea no et vel diam nonumy dolores exerci eirmod et kasd amet velit diam amet lorem diam ullamcorper. Sed stet et stet feugait in minim amet at amet veniam nulla dolor. Stet eirmod vero dolor elit nulla accusam sanctus augue odio eos ut nulla vero sed amet eros kasd labore. Magna ea dolore accusam tincidunt est aliquyam nonumy in dolor autem diam rebum et ipsum dolor. Dolore esse dolore consetetur iusto sit aliquyam ipsum magna gubergren sanctus ut rebum aliquam amet dolor ipsum tempor sanctus. Ipsum diam nibh dolor et sit molestie. Sit iusto stet possim hendrerit at diam placerat dolor est iriure ea justo iriure sit consetetur et aliquyam. At amet augue dolores amet sit clita dolores feugait no invidunt. Amet illum lorem aliquip dolores ipsum ut eirmod vulputate nonumy no. Et rebum dolor iusto facilisis voluptua dolor dolor dolore sit iusto magna et. Dolores mazim sed takimata enim feugiat et rebum dolor.\nDiam et dolor. No clita dolores et diam vero consequat tincidunt eos sanctus dolore sadipscing nostrud. Congue sed eos. Sit no ut sadipscing nulla ea clita sed stet gubergren elitr sea velit. In justo stet ut justo nulla aliquyam magna dolor justo est aliquam eum nonumy eirmod invidunt ut et. In liber dolores nibh lorem. Ea vero takimata kasd dolores eirmod veniam praesent dolore lorem quod dolor facilisis. Veniam lorem wisi sed suscipit nonumy kasd justo eos. Iusto sit est dolores ipsum ullamcorper erat takimata rebum ipsum ut sanctus vero et. Qui at dolores takimata et nostrud. Ipsum eum ipsum lorem sed magna et diam. Dolore ut molestie nonumy zzril nulla augue qui justo dolor tempor elit consetetur duo. Enim autem sadipscing est stet tempor clita magna quis sadipscing ipsum gubergren molestie consetetur et dolor invidunt tempor. Et et facilisi aliquyam eirmod sea duis lorem tempor dolores nibh ut nulla diam sadipscing nulla augue ea. Dolor clita erat doming accusam sit praesent duo gubergren vero molestie est illum in aliquyam dolor et sanctus.\nNostrud invidunt erat at lobortis tempor takimata possim kasd sed est dolor commodo clita nulla ipsum justo dolor. Et esse elitr invidunt ut amet. Sea nostrud magna aliquyam gubergren commodo ipsum. Et kasd dolores eum eirmod wisi diam erat ipsum luptatum in labore esse vel invidunt. Nihil vero est adipiscing ex vel sit et at voluptua stet et elitr ut justo dolor lorem. Ipsum eum ea iusto iusto duo consetetur te diam volutpat et amet elitr. Vero lorem dolor lorem duis dolor dolor amet gubergren sit molestie clita accusam in. Consectetuer diam duis aliquyam magna dolore takimata. Diam dolor eirmod consequat diam. Lorem sit in vel. Elitr nonumy labore rebum elitr eirmod vel dolor consectetuer eos labore te kasd labore sanctus nonumy eirmod accusam invidunt.\n","publishDate":"2022-09-06T18:57:22.4345013+00:00"},{"id":3,"title":"Book 3","description":"Duo aliquyam veniam lorem no ipsum ipsum. Nulla nibh sed sea justo duis. Ea dolore mazim voluptua blandit velit odio ipsum est diam sed. Labore sanctus gubergren magna exerci diam accusam vero gubergren facer sit et aliquyam no.\n","pageCount":300,"excerpt":"In takimata dolores tation lobortis at suscipit nonumy duis consetetur amet consetetur erat vol... (set the log level to DEBUG or TRACE to see the full content) 
 </msg>
<msg timestamp="20220908 15:57:30.529" level="INFO">D:\Users\pac-c\AppData\Local\Programs\Python\Python310\lib\site-packages\urllib3\connectionpool.py:1045: InsecureRequestWarning: Unverified HTTPS request is being made to host 'fakerestapi.azurewebsites.net'. Adding certificate verification is strongly advised. See: https://urllib3.readthedocs.io/en/1.26.x/advanced-usage.html#ssl-warnings
  warnings.warn(</msg>
<msg timestamp="20220908 15:57:30.530" level="INFO">${RESPOSTA} = &lt;Response [200]&gt;</msg>
<status status="PASS" starttime="20220908 15:57:21.096" endtime="20220908 15:57:30.530"/>
</kw>
<kw name="Log" library="BuiltIn">
<arg>${RESPOSTA.text}</arg>
<doc>Logs the given message with the given level.</doc>
<msg timestamp="20220908 15:57:30.535" level="INFO">[{"id":1,"title":"Book 1","description":"Sit elitr euismod voluptua esse ex. Ex sit dolor tempor dolore at nonumy praesent est nisl rebum ipsum rebum vero. Facilisis takimata erat et consequat justo blandit et ipsum sit nam. Ipsum adipiscing dolores et tempor sit ut blandit iriure ea eos magna dolor amet. Stet ad consetetur dolor labore feugait elitr stet molestie. Est sanctus erat dolore. Lorem tempor consetetur. Nostrud duo magna iriure tempor dolor aliquyam accumsan sea consetetur labore. Sed ea euismod erat. Est ea et nulla nam tempor stet amet eirmod amet sanctus consectetuer. Clita consequat tempor ipsum lorem dolore eu illum. Et no ut et vulputate dolor sed sea dolore justo dignissim ea amet et voluptua velit ipsum aliquyam.\n","pageCount":100,"excerpt":"Ipsum sanctus vero eirmod. At erat stet erat eirmod dolores sed dignissim magna magna at dolor iusto duo et dolores. Elitr ut et sed at. Gubergren gubergren sit illum eos et at. Ut ipsum dolores stet sed ea erat nonumy dolor eirmod dolor rebum vulputate. Consetetur amet nonummy erat labore. Ea vulputate eos eirmod enim luptatum molestie et magna ex sadipscing invidunt sanctus justo diam diam et. Ipsum amet congue et tempor diam dolores kasd vero sadipscing ea dolor sit est amet invidunt magna luptatum takimata. Eum at doming veniam at eu. Sea sea et kasd erat sed dolore et ea facilisi. Amet nulla facer diam in. Velit aliquyam dolores vulputate invidunt et tation iriure takimata sed consetetur nonummy elitr eirmod. Lorem feugiat feugait lorem lorem. Duo facer clita dolore lorem ipsum ipsum volutpat nostrud ut. Duo amet accusam quis feugiat diam et tempor dolore diam vero.\nNisl nonumy aliquam dolore nonumy ipsum aliquyam invidunt assum vel molestie takimata. Stet zzril dolor et vero dolor. Dignissim gubergren at dolores et vero suscipit. Et lorem consetetur sadipscing ipsum. Justo dolore sed cum nonumy veniam tempor esse. Nisl ut invidunt vero ipsum sea nulla clita stet. Ut dolore et ipsum ipsum feugiat est minim erat ipsum dolor assum dolor vero voluptua iriure erat. Ut consequat ea gubergren dolores duis sed et labore amet. Consetetur invidunt rebum rebum stet dolores justo iusto dolores id et dolores ipsum rebum amet et rebum. Erat lorem cum exerci ipsum diam vero dolores consetetur at blandit sanctus stet.\nLorem et ut cum dolore aliquyam sanctus sanctus eos consequat justo clita duo kasd sit amet. Facilisis ut est ut. Est labore invidunt est dolor sanctus gubergren nonumy kasd. Vel eum dolore erat consequat magna takimata vel eos tincidunt elit takimata ut eu at. Lorem stet aliquam ea facilisis elitr accusam feugiat stet dolor dolor ipsum labore eirmod aliquyam labore ipsum iriure. Eos aliquyam et. Elit dolores dolore kasd placerat sadipscing. Et molestie dolore hendrerit hendrerit sit molestie dolore nostrud dolor at. Et eos erat sanctus gubergren nulla clita eum ipsum eos veniam ipsum vero et imperdiet nonumy eos dolor. Ipsum aliquam molestie tempor zzril et et laoreet et duo sadipscing dolores dolores dolore erat lorem nisl et amet. Facilisi euismod ea amet eros et.\nSed justo autem lorem amet at. Sit aliquip sit rebum et ut dolore aliquyam sed sadipscing vero stet possim. Invidunt sadipscing et tempor. Ipsum dignissim elitr nonumy consetetur hendrerit no exerci lorem. Eos kasd amet ut invidunt consequat dolor elitr vulputate kasd ut vero duis. Dolor in gubergren eirmod accusam vero voluptua et clita in sanctus laoreet est stet sit. Esse iriure et veniam eirmod et sanctus accusam qui no in ut. Id ut sed est est dignissim sanctus ad elitr consequat.\nAd lorem elitr invidunt sit duis cum accusam ut et kasd in labore lorem qui dolore eirmod ipsum et. Placerat at vel. Sit dignissim amet hendrerit sit velit consequat no. Suscipit liber et magna ea facilisi dolores ut. Stet molestie at ipsum accusam sanctus invidunt vero in et kasd. Molestie lorem eos nobis ullamcorper id dolor gubergren amet eu consetetur dolor. Amet clita consectetuer sit esse amet vero sit sed et rebum elit iriure ex amet tation est amet. Dolor et vero commodo qui autem dolor. Hendrerit vero ipsum et clita eos wisi no duis justo eos diam diam tempor takimata sanctus facer duo duo. Consetetur duo et nonumy molestie tempor lorem justo tempor kasd et eirmod sadipscing magna ipsum diam. Ex et eros vero lorem nobis. Erat est clita kasd voluptua sit clita dolor eum feugiat et stet magna rebum duo takimata justo rebum lobortis. Ipsum consequat sit sit duo magna.\n","publishDate":"2022-09-07T18:57:22.4344258+00:00"},{"id":2,"title":"Book 2","description":"Dolor elitr diam et vel labore tincidunt at facilisi sadipscing sadipscing et elit rebum facilisis sit kasd dolore. Wisi dolore augue sanctus gubergren labore amet qui doming. Et sadipscing veniam nonumy et lorem esse. Luptatum ut invidunt dignissim nonumy sit vero accusam stet duo nonumy nonumy nulla ut invidunt vulputate et sea. Et dolores aliquyam sit minim dolore labore diam duo ipsum dolore nostrud. Eirmod consequat no aliquyam in consetetur. Clita aliquyam nonumy eum ad lorem amet rebum luptatum takimata vero sanctus rebum illum dolor blandit. Labore hendrerit in lorem consetetur clita dolor diam eos vero dolor dolor est vero dolor. Ea diam at amet quod justo sit ea accusam sadipscing sadipscing invidunt elitr duis diam tempor.\n","pageCount":200,"excerpt":"Imperdiet lorem at labore justo vel feugiat lorem consetetur odio no et exerci commodo et dolores dolore in gubergren. Qui duis nonumy iusto labore sit ut dolores ipsum vero. Invidunt amet ipsum diam dolor vel minim et ipsum ipsum. At facilisis takimata lorem ad. Dolor sea sit et in sea gubergren dolor kasd dolor. Sit sit congue takimata lorem est et dolor et velit dignissim accusam dignissim et diam gubergren et. Nonummy ut no lorem in duis sea sed.\nElitr aliquip aliquyam et amet sea facer justo lorem amet facer at ut diam sea. Diam eirmod diam dolor eirmod. Sit sadipscing ipsum. Eos dolor takimata rebum dolores stet accusam facilisis tempor lorem no rebum voluptua aliquyam. Et consetetur accusam et ipsum eos diam sit eos ipsum accusam te et. Consetetur tempor odio et nulla. Quod wisi ut imperdiet diam cum et gubergren lorem diam sit rebum. Dolor et aliquam elit voluptua amet vero sit ut et duis dolor diam amet. Labore sit eirmod iriure dolor amet sanctus. Sed sadipscing et volutpat nulla dolores iriure vel ut hendrerit sadipscing vero. Nam lorem nulla lorem dolor assum eos consectetuer takimata amet elitr ea. Voluptua ipsum eirmod no vero. Sed ipsum dolor tempor magna dolore lorem erat sed invidunt voluptua aliquip sadipscing. Stet duis amet facilisis. Lorem at dolore tempor dolor gubergren.\nSed sed hendrerit no voluptua. Lorem dolore dolores no lobortis kasd eos tempor feugait nonummy sit illum ad eos in delenit commodo sea adipiscing. At ea no et vel diam nonumy dolores exerci eirmod et kasd amet velit diam amet lorem diam ullamcorper. Sed stet et stet feugait in minim amet at amet veniam nulla dolor. Stet eirmod vero dolor elit nulla accusam sanctus augue odio eos ut nulla vero sed amet eros kasd labore. Magna ea dolore accusam tincidunt est aliquyam nonumy in dolor autem diam rebum et ipsum dolor. Dolore esse dolore consetetur iusto sit aliquyam ipsum magna gubergren sanctus ut rebum aliquam amet dolor ipsum tempor sanctus. Ipsum diam nibh dolor et sit molestie. Sit iusto stet possim hendrerit at diam placerat dolor est iriure ea justo iriure sit consetetur et aliquyam. At amet augue dolores amet sit clita dolores feugait no invidunt. Amet illum lorem aliquip dolores ipsum ut eirmod vulputate nonumy no. Et rebum dolor iusto facilisis voluptua dolor dolor dolore sit iusto magna et. Dolores mazim sed takimata enim feugiat et rebum dolor.\nDiam et dolor. No clita dolores et diam vero consequat tincidunt eos sanctus dolore sadipscing nostrud. Congue sed eos. Sit no ut sadipscing nulla ea clita sed stet gubergren elitr sea velit. In justo stet ut justo nulla aliquyam magna dolor justo est aliquam eum nonumy eirmod invidunt ut et. In liber dolores nibh lorem. Ea vero takimata kasd dolores eirmod veniam praesent dolore lorem quod dolor facilisis. Veniam lorem wisi sed suscipit nonumy kasd justo eos. Iusto sit est dolores ipsum ullamcorper erat takimata rebum ipsum ut sanctus vero et. Qui at dolores takimata et nostrud. Ipsum eum ipsum lorem sed magna et diam. Dolore ut molestie nonumy zzril nulla augue qui justo dolor tempor elit consetetur duo. Enim autem sadipscing est stet tempor clita magna quis sadipscing ipsum gubergren molestie consetetur et dolor invidunt tempor. Et et facilisi aliquyam eirmod sea duis lorem tempor dolores nibh ut nulla diam sadipscing nulla augue ea. Dolor clita erat doming accusam sit praesent duo gubergren vero molestie est illum in aliquyam dolor et sanctus.\nNostrud invidunt erat at lobortis tempor takimata possim kasd sed est dolor commodo clita nulla ipsum justo dolor. Et esse elitr invidunt ut amet. Sea nostrud magna aliquyam gubergren commodo ipsum. Et kasd dolores eum eirmod wisi diam erat ipsum luptatum in labore esse vel invidunt. Nihil vero est adipiscing ex vel sit et at voluptua stet et elitr ut justo dolor lorem. Ipsum eum ea iusto iusto duo consetetur te diam volutpat et amet elitr. Vero lorem dolor lorem duis dolor dolor amet gubergren sit molestie clita accusam in. Consectetuer diam duis aliquyam magna dolore takimata. Diam dolor eirmod consequat diam. Lorem sit in vel. Elitr nonumy labore rebum elitr eirmod vel dolor consectetuer eos labore te kasd labore sanctus nonumy eirmod accusam invidunt.\n","publishDate":"2022-09-06T18:57:22.4345013+00:00"},{"id":3,"title":"Book 3","description":"Duo aliquyam veniam lorem no ipsum ipsum. Nulla nibh sed sea justo duis. Ea dolore mazim voluptua blandit velit odio ipsum est diam sed. Labore sanctus gubergren magna exerci diam accusam vero gubergren facer sit et aliquyam no.\n","pageCount":300,"excerpt":"In takimata dolores tation lobortis at suscipit nonumy duis consetetur amet consetetur erat voluptua ut duis amet blandit. Sit lorem option esse accusam dolore. In clita est in liber at clita consequat. Ipsum elitr dolor ut ut clita accusam ea. Ad dolor nostrud labore ut adipiscing commodo odio nonumy vero ut erat tempor amet euismod. Ut sadipscing labore. Aliquam aliquam lorem veniam amet nisl diam. Sed sed zzril amet sit vero takimata ut stet voluptua diam ut at. Invidunt odio magna vel eum. Sit te takimata voluptua tempor dolor te consetetur dolor dolor labore dolor aliquyam. Erat kasd ullamcorper volutpat kasd stet eirmod velit justo vel dolore dolor nulla nonumy sed. Lorem amet voluptua sed invidunt dolore lorem eirmod clita ipsum rebum stet. Et nonumy rebum.\nEt vero sit amet et. No vulputate vulputate consetetur. Vero dolores consequat et lobortis ipsum ea et. Ut eu nibh invidunt et gubergren lorem at commodo lorem no dolor. In justo accumsan. Dolor dolore sadipscing nobis ad facilisis diam consetetur eirmod sed sed commodo ut. Takimata duis et dignissim sanctus. Sadipscing sanctus dolore labore labore eirmod ut blandit clita invidunt quod dolores. Nonumy nulla consetetur voluptua tempor velit takimata lorem tincidunt vel. Et iriure amet tempor soluta magna duo et magna. Eos gubergren velit gubergren dolor euismod vulputate iriure luptatum ipsum nonumy kasd amet stet no. Invidunt et ea amet justo eleifend volutpat erat clita hendrerit eirmod duis sit esse duo laoreet tempor kasd et. Diam et tempor ea sit sanctus voluptua dolore illum gubergren dolor et eum possim vulputate ea sanctus. Eos placerat nulla elitr magna te amet takimata elitr diam labore illum euismod stet ipsum lorem eos. Dolor sit zzril sit et ipsum amet dolor stet duo tempor facilisis clita erat zzril et gubergren iriure nihil.\nConsetetur dolor tincidunt amet ipsum amet. Lorem illum dolor magna feugiat. Accusam sanctus amet kasd dolores tincidunt dolor sed magna wisi dignissim duis. Adipiscing justo ipsum dolor est amet sed justo.\nEt duis et nonumy lorem et at doming vulputate. Tempor imperdiet ullamcorper eos ipsum. Et no invidunt vel at eos invidunt at lorem diam dolor. Vel nibh nonumy magna. Dolor sed et kasd justo in stet ut eos. Ipsum est eirmod. Aliquyam facer lorem magna aliquip sed liber no lorem voluptua et possim voluptua. Dolore no amet at facer no at nostrud lorem rebum luptatum accusam sed rebum velit sadipscing eirmod velit. Duo labore at stet stet sanctus invidunt. Eum et sanctus consetetur dolore sanctus ipsum volutpat rebum ut eos eirmod sed tempor invidunt vulputate sit labore elit. Et eirmod sanctus tempor magna elitr hendrerit voluptua. Lobortis magna sit est sed ipsum et dolore accusam ipsum euismod erat. Facilisis sea et lorem aliquam dolore invidunt illum invidunt. Voluptua consectetuer velit diam diam duo sit diam aliquam.\nEuismod ipsum accusam amet duo eirmod et erat aliquyam invidunt dolor ullamcorper elit kasd ipsum iusto. Elitr sed diam lorem dolore nobis voluptua vulputate. Vero elitr consetetur no takimata no takimata dolore sit tempor amet gubergren invidunt kasd et lorem takimata. Eos aliquyam diam feugiat elitr duis praesent praesent elitr gubergren ut lorem eirmod consetetur laoreet. Facilisis sed ut accusam feugiat euismod ex dolore gubergren facilisis exerci ex eos labore vero sit ea. Ipsum ut lorem lorem lorem ea sed sea dolores accumsan no dolor lorem sit. At option eirmod accusam ut duo no augue molestie blandit nulla ut rebum autem. Sadipscing laoreet facilisi dolore. Dolor clita dolore sed in amet et exerci hendrerit nulla clita ea voluptua dolore ipsum. Invidunt aliquyam sed dolore lobortis id amet option diam. Amet stet no ea est no et id lorem stet et gubergren sit. Sed consequat accusam. Nisl amet elitr vel ipsum invidunt eos sadipscing sed et commodo sea amet aliquyam. Takimata blandit sed soluta sea eos odio ipsum. Invidunt labore consectetuer voluptua clita possim nonumy et iusto dolores sadipscing eirmod nonumy diam molestie. Tempor stet erat tempor sadipscing elitr.\n","publishDate":"2022-09-05T18:57:22.4345637+00:00"},{"id":4,"title":"Book 4","description":"Justo amet diam at labore nibh et ut dolor elitr sit no in dolor dolore ullamcorper. Nulla lorem dolore tempor odio dolores tempor sanctus amet et kasd. Kasd takimata amet accusam consetetur dolore consequat amet dolore tempor sadipscing consetetur no dignissim dolor. Accusam sed dolor eleifend at minim erat accusam stet invidunt autem tempor. Wisi et dolore clita dolor facer ex amet elitr et in. Sanctus sea in kasd nonumy. Dolores et esse dignissim iusto tempor diam ea magna voluptua tincidunt nibh no elitr consetetur minim delenit. Dolore dolore ea rebum veniam aliquam clita facilisis. Iusto vulputate facilisi aliquam feugiat tincidunt eos magna. Duo lorem doming vero soluta rebum no vero amet et takimata. Erat dolore sed est sit sanctus rebum sit sed ea. Diam ipsum accusam clita mazim et sit. Ut clita tempor autem duis elitr elitr ea invidunt velit et vero dolor vero diam eirmod stet erat eu. Duo gubergren erat erat dolor no duo vero eum sit dolores diam amet rebum. Ipsum nonummy diam facilisis stet eirmod sed sed rebum consetetur sed exerci lorem. Praesent et stet velit autem commodo voluptua dolore in imperdiet invidunt facilisi zzril dolor cum accusam nostrud sea kasd. Nulla nibh consequat molestie.\n","pageCount":400,"excerpt":"Diam dolore lorem justo amet sed delenit lorem stet justo laoreet. Soluta dolor autem qui eirmod commodo eos sanctus elitr. In sadipscing feugiat labore erat justo dolore elitr duis sed.\nTakimata sadipscing soluta diam dolore eros sed vero diam sit duo erat sed ut sea. In voluptua clita stet tempor. Ut et eirmod sed diam dolor. Accusam facer in stet no et ut dolor magna stet dolor diam dolores dolor no. Sit elitr consetetur elit et odio sed. Et invidunt hendrerit dignissim magna. At justo aliquip autem ut consetetur. Ea kasd dolor est sit elitr gubergren.\nJusto velit et consequat. Justo sadipscing ea ex volutpat amet hendrerit sed consetetur sit vel est feugiat. Mazim autem qui et rebum labore iusto magna dolor accumsan tempor rebum magna sit tempor dolores ipsum possim. Dolor velit aliquyam tempor. Vel quis dolore. Praesent sit no. Rebum accusam vulputate no. Ipsum dolor minim eum in sit exerci feugiat lorem ut nonumy eirmod sed ipsum elitr accusam voluptua. Sit sea accumsan luptatum justo ipsum autem rebum dolor et nonumy eleifend kasd dolor. Dolores illum in nonumy ut clita sit erat ipsum illum feugiat. Dignissim dolore et et. Esse iusto nonumy dolor gubergren erat consequat quis et invidunt consetetur sadipscing hendrerit iusto at elitr hendrerit kasd veniam. Aliquip eirmod rebum clita erat vel ut. Gubergren consetetur exerci. Ea kasd diam eos dolor amet accumsan. Tempor erat ut sit diam invidunt ullamcorper no lorem sit diam quis dolor sed doming duo feugait labore. Et ipsum tation sit eirmod ea at dolore aliquyam kasd consequat diam feugiat lorem praesent sit odio.\nEst voluptua eirmod sed aliquip sea et consetetur dolores stet ut nulla veniam ea sanctus suscipit sed kasd consequat. Magna magna sadipscing laoreet lorem blandit dolore rebum sadipscing justo sea eos nisl ut. Vel sed sea sanctus sadipscing est et elitr et stet dolor sanctus liber eros eum nonumy. At nihil ut vero et erat sed. Dolore odio qui autem kasd clita vero tempor vero elitr nonummy ipsum est eirmod dolore consetetur eos duo sit.\nDiam esse consequat magna magna ipsum est sanctus aliquyam autem minim. Et clita wisi justo eum no dolor diam justo dolore justo sit justo qui accusam ut te sit. Ut illum placerat at ipsum eos ea exerci delenit et dolore invidunt vero ea et ut at. Vero ipsum aliquam amet et consetetur no tempor dolor amet amet diam takimata. Eirmod molestie feugiat consequat dolor in ut dolor sed sanctus est sea tempor amet in. Illum ut rebum ut consectetuer molestie quis eos no ipsum eos dolore feugait elitr facilisi consequat nulla amet dolore. Sit nobis et ut imperdiet eum tation dolore nonumy ea takimata stet eum kasd te sit adipiscing.\n","publishDate":"2022-09-04T18:57:22.4346197+00:00"},{"id":5,"title":"Book 5","description":"Aliquip eos eos diam amet sea eos lorem erat et. At tempor rebum feugiat ea labore. Eu nam nonumy ipsum at et amet accumsan ea labore. Feugiat vero est at est amet accusam vero vero placerat diam eos no. Adipiscing accusam clita. Lorem ea nulla exerci accusam ipsum luptatum euismod tempor rebum diam molestie euismod eos possim. Invidunt no delenit est ea diam kasd voluptua gubergren et ea et aliquyam ut sadipscing clita. Et et justo suscipit justo dolor. Et nulla stet sed ipsum nulla et lorem commodo eirmod ipsum euismod at ea sanctus invidunt iusto enim ea. Justo sit id erat. Diam laoreet lorem laoreet consequat adipiscing dolores sea duis erat ut aliquam. Voluptua et sanctus augue eu elitr et invidunt vulputate. Et labore dolore diam. Dolor nobis ut accusam labore nonumy voluptua dolore clita sit magna voluptua ut duo. Invidunt labore praesent ipsum sit dolore consetetur odio qui.\n","pageCount":500,"excerpt":"Labore est autem eirmod eirmod assum. Consequat est amet facer rebum dolore magna aliquyam assum consetetur. Amet adipiscing tempor duo clita takimata at sit aliquyam augue et elitr sit magna. Gubergren est velit labore vero stet kasd ut. Ad molestie enim sea amet accusam dolores exerci sit sea vel. Odio et consetetur sed consetetur tempor. Diam adipiscing sed eirmod et sit at no vulputate est justo ea tation rebum. Eos doming kasd eirmod sit elitr nihil nulla diam sanctus. Labore dolor diam aliquyam. Congue at dolor sea accusam aliquyam dolor autem clita tincidunt clita sed sed ad nonumy sit. Ipsum tation sed option.\nDolores ipsum est. Diam clita clita accusam esse erat erat esse consetetur ullamcorper takimata feugiat in consetetur. Tempor autem dolore stet invidunt et gubergren. Magna dolor augue diam tation in nonumy ut.\nLaoreet takimata consectetuer dolore ipsum. Magna sed erat erat vulputate dolor facer duo justo dolor vel quis ullamcorper sed. Cum at lorem magna aliquip. Diam lorem amet et accusam imperdiet facilisis accusam invidunt clita quod elitr eirmod nonumy no nibh eirmod ipsum labore. Imperdiet sadipscing vero. Imperdiet nihil sit. Justo veniam et. Elit gubergren ut nostrud et facilisi diam justo diam dolor lorem diam lorem. Duo et te eos sed sit dolor ullamcorper consequat justo at sit in. Erat nulla sit hendrerit. Eos nulla lorem accusam enim vel diam illum elit duo. Diam et sed erat erat at justo dolor vero.\nAt et amet eum et ipsum clita diam dolor eum sed amet magna diam enim ipsum diam consetetur diam. Autem dolor lorem labore iriure no ea. Vel at lorem et commodo lorem ipsum ut. Tempor zzril illum et quod et dolores placerat et kasd justo elit elitr dolor invidunt. Labore consetetur soluta accusam. Dolor eos consequat dolore ut. Tincidunt enim eum dolore ullamcorper eu sanctus nonumy quis. Diam sanctus justo magna. Et lorem sadipscing sit id sed sit et ea velit sit. Sit invidunt in et eos et ex at vero voluptua sea et eirmod rebum at sea ipsum est. Et nonumy accusam erat at exerci consequat sed clita gubergren congue minim sadipscing ut. Ea tempor eos gubergren est invidunt justo sanctus consequat sit accusam gubergren hendrerit. Lorem gubergren dolores sadipscing justo ea vero. Sanctus feugiat eum sit elitr nonumy duis consetetur nonumy gubergren sit et ipsum accusam ut elitr sit ipsum ipsum. Illum labore est ipsum consetetur et sea amet illum sanctus quod ipsum sadipscing nonumy et et. Invidunt consetetur aliquyam takimata et amet laoreet magna et dolor dolore vero. Iriure dolores aliquyam nonumy et eos tation amet feugait sea delenit dolores stet et accumsan sadipscing autem gubergren feugait. Et labore ut volutpat diam.\nNobis dolores vero et elitr voluptua est rebum voluptua sed ipsum consectetuer ut duis sed ut invidunt. Nulla stet diam stet nonumy sed esse in magna et no elitr accusam augue lorem nonumy gubergren sed. Tation facilisi elitr facilisis sea dolores feugiat et doming. Erat consequat facilisi nonumy sit molestie rebum diam lorem sed dolores eu aliquam amet. Sanctus consequat voluptua. Elit duo facer eum sea eum nonummy ut invidunt. Ea at gubergren. Aliquyam dolor tempor ut lorem nonumy kasd ut enim aliquyam ex praesent at eirmod magna iriure. Et soluta dolore kasd duo lobortis amet dolore quis vero accusam sed stet takimata et sanctus est magna. Dolor hendrerit euismod ullamcorper sed rebum consectetuer ut magna vero molestie hendrerit consectetuer ad. Adipiscing diam est lorem accusam. Clita sit rebum wisi nonumy takimata magna dolore dolore kasd hendrerit takimata ullamcorper vel nulla.\n","publishDate":"2022-09-03T18:57:22.4346862+00:00"},{"id":6,"title":"Book 6","description":"Sit dolor sit sanctus est consetetur esse ipsum lorem amet ipsum at sed volutpat sanctus consetetur aliquyam duis. Amet sed facer takimata diam ipsum amet augue. Eu erat justo est sadipscing magna at dolor et takimata rebum nibh tincidunt stet tempor. Diam takimata vero at et stet facilisis autem elitr eos est accumsan sed stet lorem. Minim in et sed wisi ipsum aliquip sed doming esse et eos dolor clita. Erat invidunt dolor kasd. At in et dignissim molestie lorem stet aliquam voluptua aliquam gubergren takimata sit nonummy gubergren ut et stet. Aliquyam magna elit congue iriure labore lorem. Nulla dolor voluptua esse. Dignissim elitr magna sed facilisi ut in amet justo magna et diam sit cum lobortis aliquyam dolore sed. In et elit takimata gubergren nonumy vero eos ut. Eu iusto consectetuer magna et tempor iriure et enim autem sea at aliquip clita. Duo laoreet eirmod blandit amet facilisis stet sanctus. Sit vero diam ex accusam labore duo invidunt invidunt. Accusam sed diam amet. Lorem sea gubergren.\n","pageCount":600,"excerpt":"Enim feugiat consequat aliquam zzril diam invidunt eos augue praesent accumsan et ut. Labore elitr enim sed nostrud aliquyam clita accusam nonumy te diam ipsum consequat diam ipsum qui sed dignissim. Eros no amet sanctus possim lorem. Ut kasd at ipsum dolores dolor clita blandit. Facilisi lobortis et erat voluptua justo sadipscing elitr diam nibh ut exerci gubergren velit gubergren. Nonumy elitr est est ex invidunt. Eirmod aliquyam autem. Rebum ut sadipscing nonumy velit duo. Eum labore voluptua dolor ut placerat amet takimata et gubergren assum accusam at odio illum facilisis erat.\nAugue eros dolore sed erat dolor kasd duo eu et commodo est lorem in sed no dolor amet. Justo et nonumy aliquyam velit ea volutpat dolor qui rebum sit erat rebum aliquyam erat eos ut sadipscing ipsum. Dolore vero eos accusam invidunt quis est esse delenit dolor clita tempor ut elitr accumsan takimata. Aliquyam autem rebum et amet diam est sed sadipscing stet dolor assum duo eos. Lorem assum magna elitr voluptua lorem consetetur kasd kasd. Amet iusto ut delenit. Et ullamcorper dolore rebum sadipscing autem sed amet diam dolor dolor. Sadipscing voluptua erat sit diam hendrerit sit dolore eirmod diam luptatum dolore no invidunt erat. Sit lorem et et illum in lorem eirmod dolores ipsum magna diam quis esse.\nEos nisl consequat qui luptatum sed et erat nonumy. Et ut diam ipsum magna in eos sanctus. Est kasd et aliquyam dolor facilisis sed labore in sit et. Erat dolores diam feugait ipsum consequat duo molestie iusto amet in aliquyam duis sea rebum. Sit lorem hendrerit sit iusto et dolore quis diam sed labore sea eum dolor hendrerit soluta. Feugiat ea duo lorem amet. At est diam amet. Diam ipsum dolore nibh dolore gubergren iusto ad sanctus est wisi ipsum vel amet lobortis. Minim laoreet consetetur. Dolore sed clita accusam elitr. Eos amet stet rebum autem dolor vero. Kasd accusam no. Adipiscing molestie eos voluptua eum stet clita velit dolores iusto quis eos nulla ea kasd.\nDolor laoreet eros vulputate aliquyam dolore. Sit te sed rebum diam takimata labore labore ipsum voluptua sed tincidunt accusam. Stet amet diam vulputate ipsum feugait nonumy nonumy invidunt erat elitr. Et ea nibh labore invidunt justo velit duis voluptua invidunt duo lorem sit feugait esse diam accusam dolor. Ut magna justo et et dolores augue sit dolor nobis iriure magna dolor sanctus duo odio. Et justo facer eos ipsum. Tincidunt sed kasd nonummy ad eirmod sanctus illum blandit ut vero vulputate sed magna magna lorem adipiscing. Velit esse ipsum magna aliquyam et sadipscing consetetur eirmod illum lorem amet sed sit congue at facilisis vero. Diam labore duis amet accusam clita ipsum eos et sea lorem et justo dolor. Aliquip et no eum dolor autem amet justo amet sanctus nibh magna. Eos voluptua praesent clita sed in gubergren nonumy vero elitr diam justo nonummy dolor diam. Gubergren amet tempor ea stet. Et et dolore nulla lorem et lorem vero nulla duis magna nihil. Nonumy quod lorem autem et. Nonummy iriure takimata magna in in congue nisl ut soluta. Et nulla diam eros diam consectetuer diam dolore consetetur cum sed dolor dolor et et erat. Tempor elitr clita magna erat vero tempor ut voluptua ut diam eirmod ea ex ea gubergren magna vulputate. Accusam sadipscing stet sea duo labore nonummy eirmod.\nSanctus feugiat est nostrud ut wisi kasd lorem aliquyam. Justo in takimata. Et rebum consetetur dolor amet te. Et in lorem. Tempor at consequat dolor sit gubergren esse duo tempor. Lorem ut consequat. Ut et in nobis vel rebum. Dolore consetetur sadipscing est nonumy invidunt nonumy. Eum ut eirmod labore dolore veniam sea. Kasd labore te dolore tincidunt accusam dolore. Erat sit elitr ea tincidunt volutpat diam magna sed. Magna eleifend sed vulputate takimata.\n","publishDate":"2022-09-02T18:57:22.4347543+00:00"},{"id":7,"title":"Book 7","description":"Sea sea vel et labore zzril eirmod diam. Nibh dolore dolor enim diam ea veniam rebum at consetetur sadipscing. Tempor erat aliquyam sea gubergren justo consetetur sadipscing accusam accusam diam consequat ea et illum ipsum illum consetetur. Ipsum esse et sed liber sed dolor suscipit sanctus nonumy voluptua ea stet lorem. Et et lorem at accumsan imperdiet sadipscing labore dolor sanctus. Vero invidunt vero et. Et feugiat vero laoreet justo accusam eirmod consetetur minim molestie erat eirmod. Stet nonumy stet eum lorem amet sit sadipscing diam lobortis lorem dolore lorem aliquyam ex duis molestie. Illum eos in elitr labore tempor ex elitr sit no sed tation et dolores sanctus. Eos et sadipscing aliquyam magna erat. Tempor consetetur sit eos voluptua zzril. Ut euismod sadipscing magna iriure ea sed accusam sanctus exerci sadipscing vel consetetur elitr sed. Dolore odio est vero sea sit facilisi takimata sea ut justo. Lorem et dolor dolore dolor iriure dolore amet dolore accumsan sanctus diam. Et facilisis lorem tempor illum invidunt diam ut ea rebum et accusam in dolore ea. Tempor ut at tation vero eirmod amet ipsum diam ipsum ut dolore dolor nulla lobortis et rebum magna.\n","pageCount":700,"excerpt":"Sea justo at labore consequat dolore dolores sea diam ex lorem stet at at nulla invidunt eos lorem. Dolore sit sit wisi feugiat aliquyam laoreet laoreet illum sed et diam dolores id facilisi stet sit. Invidunt sed elitr est et dolore wisi ipsum ipsum kasd et labore accusam. Molestie ad sea clita takimata. Diam enim gubergren sed duo praesent facilisi dolor tempor duo duo rebum no et sea eirmod justo. Hendrerit commodo sit eu invidunt clita. Ex lorem dolore sanctus eos tempor nibh sanctus dolore accusam. Sit sit tempor eos erat est.\nSadipscing aliquyam lorem duis gubergren dolor quod nulla placerat tincidunt ut iriure sanctus lorem ex consectetuer. Diam in eu. Ullamcorper sea ipsum sit dolore et justo.\nUt nulla et justo dolor dolor eum nonumy at nulla. Euismod nonumy rebum dolor. Ut dolor ea ipsum no sea vel lorem velit consequat erat sanctus rebum. Facilisis et et vero no nonumy sed sadipscing sit. Nonumy vero rebum rebum blandit sed duo consetetur sit at zzril vulputate iusto. Nisl amet dolores hendrerit nobis et et est takimata sed dolor invidunt nisl rebum sanctus ut cum vero est. Consequat ut eum. Feugiat amet tempor invidunt est tation dolor nonumy dolor lorem dolore vel. Et ut aliquyam ea labore sit invidunt stet clita iusto et nonumy sadipscing et facilisis. In quod laoreet dolor ea sea at augue cum amet sit aliquyam clita justo lobortis clita sadipscing nonumy et.\nConsectetuer no qui takimata stet justo ut et nihil illum consectetuer. Sea voluptua at rebum amet aliquip minim et duo clita labore autem. Dolor nonumy invidunt elitr enim lorem et kasd euismod kasd rebum ipsum stet et dolore. Enim sanctus molestie sit no lorem. Erat ipsum ipsum vel. Erat sea volutpat dolor invidunt duo ut aliquyam. At labore nonummy stet at sit magna stet kasd eleifend labore tempor soluta erat takimata. Sed aliquyam ipsum elitr eos consetetur dolores justo et consequat duo. Et dolores amet magna dolor wisi velit et gubergren eirmod aliquyam volutpat. Et invidunt vel illum dolores exerci volutpat erat duis.\nTempor eirmod rebum duis et sea erat sed labore sanctus aliquyam iriure diam elitr sed. Et ut sanctus te lorem sit te at vero lorem iusto et nonumy wisi facilisis aliquip sed eos gubergren. Sit nonumy sanctus vel no dolor. No tempor at euismod nonumy dolore accumsan esse consetetur consetetur stet labore. Sit takimata et dolore consequat rebum nonumy qui. Nihil et et dolore diam aliquip sadipscing erat volutpat amet ipsum voluptua et lobortis luptatum. Sit gubergren labore voluptua. Ut amet vel erat id dolor dolore dolor. Facilisis stet praesent consectetuer ut suscipit elitr tation et justo doming ea mazim minim sed elit eu. No nobis clita eirmod accumsan elitr id invidunt dolor vel dolore amet kasd euismod justo. Accusam et consetetur ipsum aliquyam takimata liber sadipscing elitr rebum. Dignissim zzril et at ut ea sanctus vero consetetur dolor takimata vero vero eirmod. Sed gubergren at. No dolores sit est eos sanctus eos diam sadipscing sit amet facilisis. Gubergren veniam eos nulla magna lorem imperdiet. Aliquam aliquyam voluptua ipsum consectetuer kasd justo. Amet dolor dolore qui molestie suscipit vel dolore dolore ipsum molestie aliquyam eirmod no justo.\n","publishDate":"2022-09-01T18:57:22.4348212+00:00"},{"id":8,"title":"Book 8","description":"Kasd rebum dolore et amet kasd sanctus nihil facilisi voluptua imperdiet et duo. Amet est sit magna sit ea et consetetur. Erat gubergren stet dolore duo et sadipscing elitr. Sed eirmod laoreet dolor tempor amet lorem vero ipsum sanctus amet et invidunt et amet vero sed et sed. Esse clita enim et sea ipsum eu consectetuer stet eirmod magna rebum. Elit hendrerit sit tempor ipsum. Minim dolore gubergren delenit nobis dolore vero sadipscing sit velit vero voluptua vero sit no sanctus lorem consequat. Tation ex volutpat dolores dolore dolores no dolore. At sed consetetur eirmod elitr at amet ex duis et dolores ex labore. Lorem dolor et duis ullamcorper rebum ipsum dolor veniam justo ex no vel ipsum minim praesent. Takimata dolores est dolor ea elitr. Labore elit tincidunt feugiat elit et sit dolor ut nulla stet nonumy eirmod est labore justo et. Illum voluptua liber soluta vero stet labore amet lorem sadipscing velit erat no invidunt est velit ad et. Eum soluta eu labore commodo invidunt sanctus ut kasd facilisis nulla. Lorem nisl quis wisi et eleifend duis et kasd dolor dolor. Sed sit in duo diam labore magna te ea. Et possim sanctus sed sea ad odio sed elitr ut. Nonumy diam elitr eum invidunt eirmod invidunt.\n","pageCount":800,"excerpt":"Sit lorem stet et at. Sea tempor sea. No et est molestie elit vero ad vero eum et invidunt amet invidunt diam lorem invidunt. Invidunt voluptua et amet illum duis duis et vero laoreet sanctus feugiat sadipscing nonumy dolore lorem. Tempor augue labore adipiscing mazim nisl et ea clita aliquyam eu sit eu id et sadipscing.\nZzril et ea iriure. Vero nonumy te et takimata sed amet duis ut erat et clita. Nobis sed sadipscing illum dolor dolor eos dolore duo invidunt nostrud dolore et nonumy. Enim duo tempor sit labore gubergren feugiat dolore dolore diam luptatum invidunt. Dolore aliquyam duo duis amet nihil ullamcorper vero et et no duo ea iusto takimata dolor dolor dolores. Et sed lorem molestie vero ipsum diam. Vero amet kasd amet tempor kasd clita wisi tempor ut dolor praesent at nulla ut vel dolor.\nAmet liber et vero magna eirmod dolor ea et tempor quis feugait at. Invidunt ipsum vero et ipsum sadipscing sea vero sea et ea lorem blandit sadipscing. Laoreet vel consectetuer ut nonumy nostrud accumsan dolor in erat ullamcorper diam amet sed sanctus elitr dolor eos. Tation erat diam sed dolore rebum et no commodo volutpat at vero accusam est eos.\nDolore nonumy lorem euismod clita sit ea elitr et. Clita gubergren erat sed sea dolore dolor est stet congue no dolores accusam rebum diam voluptua amet wisi tempor. Labore eos sit tation diam odio amet nobis te quis eum ut ea gubergren. Sadipscing ut iriure dolores nibh augue et. Ea sea magna duo vulputate at erat labore eirmod eirmod dolore justo nonumy et ipsum. Stet rebum nonumy dolor ut est invidunt clita kasd invidunt consetetur at takimata nihil mazim iusto sit option. Labore et sit dolor voluptua eos eu sanctus dolor et hendrerit dolore. Ut elitr minim lorem eos vero vero gubergren invidunt sed takimata tempor dolore magna kasd nulla. Nonumy dolores exerci sea ipsum est blandit et delenit iusto vulputate dolore. Lorem ipsum aliquyam nonumy sea molestie dolore sadipscing rebum diam euismod dignissim dolor sit eum quis. Voluptua justo vel consequat eirmod vero et autem at molestie ipsum dolore gubergren qui gubergren sed in at.\nSadipscing labore voluptua ut tempor enim nonumy dolore tempor at lorem tempor sea ex kasd nisl. Dolore amet eu. Et aliquyam dolor ut clita dolor diam sadipscing iriure aliquip consetetur sea dolore dolor laoreet elitr. Stet elitr labore labore gubergren et dolore consetetur ut at eos iriure sadipscing et voluptua consetetur consetetur dolor. Aliquyam takimata voluptua voluptua adipiscing accumsan rebum dignissim at quis dolor commodo ut ea aliquyam lorem sea vel. Rebum sed dolore. Eirmod ipsum cum feugiat amet hendrerit duo ea at labore. Clita magna eirmod wisi accusam vel zzril ea sanctus delenit et eos. Aliquyam sit dolores duo enim ipsum takimata sit magna gubergren.\n","publishDate":"2022-08-31T18:57:22.4348764+00:00"},{"id":9,"title":"Book 9","description":"Sed diam rebum amet consetetur duis amet dolor consetetur ipsum. Dolor veniam eos magna duis vero sadipscing amet. At et sit est et amet et sadipscing voluptua rebum ea rebum sit duo eum duo soluta tempor. Rebum commodo nonumy lorem kasd duis voluptua. Dolor duis lobortis sadipscing iusto stet ea et no feugait sea. Sadipscing gubergren diam eros veniam eirmod. Minim mazim congue ipsum dolore accusam illum. In tempor dolor in veniam et at iusto dolor ipsum et hendrerit nostrud invidunt sit sit suscipit in feugait. Ad diam stet voluptua eos. Dolor et dolor sadipscing facilisis. Sed diam doming invidunt nulla tempor et iriure justo doming sadipscing eos quod sit sed. Duis rebum minim nam aliquyam facilisis et exerci vero labore dolores ea est sed ullamcorper. Te amet vel sanctus laoreet gubergren ipsum sanctus sed rebum illum. Labore sea aliquip voluptua dolores nisl voluptua et aliquyam et voluptua elit takimata et stet sadipscing justo stet. Sea ut hendrerit at feugait sed ex blandit sit gubergren takimata erat kasd kasd sanctus sadipscing. Et placerat sit dolor. Vero nulla diam vero sanctus congue sea dolor facilisis consequat.\n","pageCount":900,"excerpt":"Dolor invidunt stet nulla takimata et lorem. Lorem et et quis. Wisi augue diam rebum laoreet dolor clita. Facilisi et vel tempor labore eos est voluptua lorem ea hendrerit erat placerat eirmod sadipscing. Diam rebum at amet duo labore aliquip labore lorem magna est. Blandit et sea. Vulputate accusam amet sadipscing luptatum nulla eos elitr consetetur no amet iriure ipsum. Tempor no dolore feugait imperdiet nostrud nonumy consetetur est dolor. Clita facilisi lorem duo et sea accusam elitr. Veniam accusam esse amet magna at sed kasd hendrerit sea labore stet zzril duo consetetur sed vel sadipscing. Luptatum dolores sadipscing dolores tempor voluptua et invidunt et at. Dolor facilisis sit. Justo dolores tation accusam tincidunt dolores justo sanctus vel sit lobortis eum dolor lorem gubergren diam ut.\nAt rebum ea lorem amet sed clita eum et sed wisi takimata nonumy stet imperdiet amet. Ea clita consequat molestie dolore sed eros. Aliquip clita et ea gubergren.\nInvidunt erat takimata eos illum clita amet eum luptatum eum ipsum labore dolores nonumy. Magna erat est kasd dolor id ex nulla duis lorem tincidunt amet. Et eos sed clita sadipscing ea accusam consetetur.\nDolores eleifend lorem consequat dolores amet labore amet suscipit molestie tempor amet nonumy kasd vero qui. Tempor duis diam justo sed stet ullamcorper. Sadipscing et dolor diam dignissim volutpat et quod amet tempor luptatum ipsum takimata. Velit at at justo illum in adipiscing amet sit. Eos odio dolore sit sed sanctus at vulputate exerci consetetur suscipit stet dolore.\nDolores feugiat takimata sed eos kasd sanctus invidunt accusam erat lorem sadipscing eos consequat et tincidunt consetetur delenit et. Lorem dolore diam dolor diam clita dolor velit diam vero aliquam kasd et aliquyam enim sanctus. Voluptua sit no esse sit. Autem eirmod clita ipsum diam dolore nobis zzril et et tempor nonumy consequat. Eos lobortis kasd vel praesent nonumy sit in et vero elitr aliquyam lorem amet accusam justo facilisis luptatum. Amet eum ea consetetur no voluptua accusam magna sed in iriure et sed sit lorem eirmod. Ut dolore duo eum duo nonumy iriure nonumy kasd. Tempor luptatum no ea facilisi est sed ut accusam sea ad ipsum quis sit sea molestie ipsum. Diam sit et doming illum eos labore ea dolor qui. In dignissim sanctus dolore kasd molestie ipsum blandit facilisis eos duis. Clita vel et accusam et dolor et velit feugiat invidunt et ipsum dolore sanctus gubergren lorem dignissim aliquyam. Sea diam ipsum elit ullamcorper takimata accusam lorem. At justo dolore sea kasd amet accusam rebum. Ipsum dolor rebum at aliquyam vel ut accusam takimata magna dolore vero consetetur dolor doming commodo justo. Vero duis eos diam iriure. Sed kasd duis takimata at nisl iriure sed. Justo erat nihil sadipscing duo takimata enim sed invidunt amet aliquam luptatum ut molestie.\n","publishDate":"2022-08-30T18:57:22.4349342+00:00"},{"id":10,"title":"Book 10","description":"No nonumy nonumy rebum lorem clita nonumy nam sed dolor et eos magna duis justo vero gubergren. Voluptua commodo ipsum liber nonumy tempor no. Aliquam et amet est diam doming ut. Et praesent sed erat dolor in aliquyam diam ea tempor aliquyam dolor minim suscipit aliquyam dolor sanctus no. Placerat dolor justo amet wisi ipsum vero dolore vero sit vero dolore. Ea voluptua illum dolor aliquip eos augue et duo sea est consequat amet. Sed ea esse vel ipsum illum invidunt ut eos eros erat et no nonumy. Sanctus quis hendrerit nihil amet no sadipscing diam erat sadipscing sea magna sed eos consetetur erat ipsum ipsum. Ipsum ullamcorper facilisi te at consetetur ut magna eirmod dignissim dolor dolor laoreet sadipscing et rebum stet stet eos. Et minim tempor sanctus iriure sed ut amet kasd erat elitr accusam aliquyam vulputate. Gubergren volutpat duo ea lorem. Labore kasd dolor te dolore est tempor takimata. Ea ullamcorper sed lorem. Et eirmod sit. Ut sadipscing sanctus ea nisl minim ipsum vero autem dolor takimata iriure consetetur sed ipsum sed. Liber ea dolore. Dignissim dolor nonumy duo ea dignissim magna diam vulputate magna odio dolores luptatum blandit gubergren erat autem et. Nihil sea facilisi. Amet amet nonumy sed stet ut rebum duo iriure eos sadipscing lorem.\n","pageCount":1000,"excerpt":"Dolor hendrerit sea duo labore sea nostrud et dolor euismod gubergren veniam diam eirmod aliquyam invidunt. Dolor dolor dolore eirmod dolores in vero in est eros ad aliquyam sadipscing nulla lorem nibh sanctus. Invidunt accusam eu accumsan option est aliquyam molestie dolore dolor no. Voluptua lorem sanctus invidunt diam duo autem dolores labore sit et no stet kasd sadipscing sed nisl accusam. Magna lorem lorem consetetur dolore dolor kasd luptatum voluptua sea magna. Takimata labore sea amet. Vero molestie praesent ipsum dolor lorem dolore invidunt est accusam aliquyam et stet nonumy. Et diam diam ipsum et nostrud vero dignissim nihil qui et diam ipsum ipsum diam.\nEa wisi duo et dolore et labore sed nulla assum. Blandit dolore eirmod stet justo stet at vel takimata no aliquyam tempor lorem duo et aliquip. Autem stet voluptua ea nulla at dolor luptatum accusam invidunt lorem vero sadipscing esse sed et diam ipsum. Stet sea no diam et nulla duo dolore sit tincidunt duo. Aliquip et no et dolore. Clita ipsum diam aliquyam kasd dolor autem tempor no stet nonumy ea et velit et laoreet magna. Tempor dolor amet nisl magna ea invidunt eirmod lorem lorem odio ipsum gubergren accusam labore sea. Lorem sea diam exerci sed consetetur eos duo lorem. Lorem voluptua sit et erat velit vero diam eirmod sit vero. Sed consetetur diam consetetur takimata consequat magna minim duo esse no. Et amet et ut no. Sit labore voluptua in tempor stet dignissim dignissim in quis. At delenit magna sit laoreet tempor amet ea.\nIusto nibh velit. Rebum blandit dolor et blandit consequat est esse laoreet lorem dolor wisi ut takimata no mazim eirmod no kasd. Sadipscing accusam duis. Voluptua at erat eirmod at te magna. Eirmod dignissim takimata sed ut ipsum eirmod magna qui. Eirmod magna sadipscing kasd esse nonumy est quis autem delenit wisi autem augue. Takimata aliquyam in at. Amet clita et consetetur quod tempor amet erat invidunt tation justo et erat sed et et amet vero. Lobortis at labore et diam at sea vero et ea et nonumy clita nonumy sed illum exerci eos tempor. Dolores feugait assum justo lorem ipsum facilisis lorem at in no laoreet. Eros vero eum vel commodo labore justo illum ipsum eos lorem consectetuer ipsum takimata vero amet nisl vel. Rebum tempor ipsum kasd dolor dolore erat commodo rebum lorem lorem dolore ullamcorper diam sit clita accusam. Et kasd aliquam consectetuer labore ea volutpat molestie tempor vel diam et ipsum. Tempor autem sit gubergren duis dolor consetetur. Justo eos est elit lorem sed luptatum amet duo tempor molestie. Ut et ullamcorper duis eum labore voluptua dolore doming dolor nulla id sit rebum. Et clita at nulla sea. Vel sed dolore nonummy labore consetetur iriure duo dignissim commodo ipsum dolores magna. Lorem vero et dolore eu tempor ut sea iriure labore eu facilisis no ipsum no option.\nIriure labore voluptua adipiscing stet magna et eos ea duo diam elitr. Sed et sit labore dolore velit. Ipsum nisl euismod dolor dolores duis invidunt ut ut ut no sanctus diam sea sanctus sit diam elitr. Dolor aliquyam nam sanctus elitr justo ex stet dolor quis ut justo consetetur stet aliquam et vero. Et rebum velit veniam enim eirmod aliquam no ut dolor illum accusam vero dolor tation. Sit no ut ea accusam dignissim dolores labore amet dolores imperdiet nulla. Sadipscing tempor no eirmod facer dolore.\nVoluptua illum erat justo et dolores ipsum magna. Tempor kasd facilisis et nihil at exerci elitr ipsum qui dolor ipsum enim dolor quis rebum tation. Lorem justo lobortis praesent luptatum et feugiat rebum consetetur. Feugiat molestie lorem lorem dolor accusam rebum invidunt et sed enim nostrud wisi diam sit elit ipsum. In stet no est takimata nonumy option ut in aliquam te gubergren nonumy ea ipsum. Dolore ut et vero sit vel et at magna sed rebum no esse enim. Et justo nulla dolore vero amet nibh dolore ipsum eirmod sadipscing congue stet no eos nonumy aliquyam takimata dolor. Velit ea in et kasd tempor ea vero eum eros sed eirmod eos ullamcorper euismod. Nulla vel aliquyam dolores et lorem duo esse. Amet et ea no. Dolores dolor stet nonumy imperdiet sanctus. Lobortis diam invidunt wisi. Tempor odio autem sanctus in takimata et vel tempor vel dolore sit. Sed sit lorem ea et dolores amet lorem elit no et sit ipsum no et in diam nibh. Ut sit et enim sanctus dignissim est rebum et amet aliquip ipsum placerat invidunt et. No dolore hendrerit justo justo.\n","publishDate":"2022-08-29T18:57:22.4350175+00:00"},{"id":11,"title":"Book 11","description":"Justo at voluptua tempor takimata dolor vel dolor et sanctus esse ea elitr dolore ex sadipscing stet. Ipsum ex ipsum et vero lorem duis eos dolor kasd duis ut lobortis elitr sanctus nulla. Dolor magna et magna dolores qui lorem dolores consequat takimata ut. Aliquyam eros nonumy. Aliquam lorem gubergren dolores sanctus justo amet lorem labore amet accusam elitr diam et sadipscing in dolore nonumy delenit. Dolor labore tempor.\n","pageCount":1100,"excerpt":"Magna voluptua sadipscing consetetur invidunt et vel lobortis facilisis labore voluptua nonummy et sanctus consequat ex kasd. Et commodo delenit sanctus aliquyam diam clita sed te diam. Vel labore kasd voluptua est vero sit ipsum gubergren ea labore et lorem lorem eirmod praesent stet amet. Invidunt sed dolore. Et tempor dolores voluptua vel iriure. No tincidunt takimata. Dolore diam molestie liber sed dolore sit eleifend sit ut. Erat erat takimata magna ea lorem gubergren at tation magna amet lobortis possim possim odio. Option at diam nonumy nonumy minim accusam et consequat et voluptua takimata illum sit at dolor dolores euismod. Nonumy dolor et adipiscing labore lorem sit dolore luptatum ut diam amet. Ipsum amet dignissim at vero dolor invidunt vel facilisi diam no magna lorem qui no te ipsum gubergren et. Rebum enim aliquyam elit consetetur consetetur nonumy et erat est et no eirmod kasd sanctus qui commodo molestie diam. Possim sed ea clita odio option sed lorem tempor velit vel autem sea magna dolor vel ipsum tempor aliquyam. Sea odio diam ut facilisis lorem dolor rebum facilisis ut clita consequat dolore dolore iriure voluptua justo. Stet stet et diam sit laoreet facilisis labore sit accusam sea accusam. Dolore takimata ipsum magna dolores dolore dolor eu eu accusam dolor volutpat stet diam rebum. Voluptua takimata veniam nobis et vero sit ipsum duo takimata eum diam gubergren et et. In no erat diam. Dolor euismod vel et odio ea mazim justo est amet dolor sanctus facer.\nIn lorem labore ipsum. Qui stet ut vero et accusam sed duo sed sed. Kasd eirmod amet at dolore amet. Sit feugiat tempor erat stet eros ex duis nonumy dolor possim rebum sanctus. Nulla in duis eirmod ipsum gubergren ut duis tempor. Sed diam dolor tempor diam dolor luptatum sit dolor sea nonumy sadipscing rebum vero amet et. Et praesent magna sed at accusam dolor no wisi sit odio ut ut. Aliquyam elitr justo duo ut dolore stet in at dolore assum amet ipsum eirmod sanctus at consetetur. Magna velit aliquyam et dolore aliquyam labore sanctus feugiat sanctus hendrerit ea erat. Stet stet sea. Gubergren voluptua rebum labore.\nEos ea ut dolor vero in sea vel consequat et. Praesent et ipsum praesent et blandit nulla justo tation est aliquyam ipsum iusto ipsum ut sed lobortis. Eirmod sea dolor sanctus ut no nostrud et tempor dolore lorem ipsum amet at aliquyam stet aliquyam dolor diam. Accusam assum labore illum placerat elitr elitr stet ut gubergren nonumy dolore et eu eu at. Clita feugiat nonumy sadipscing vel nulla dolore wisi exerci no ut eos at takimata tempor. Clita dolore praesent diam eos rebum gubergren et sit et sed elitr vulputate dolor dolor aliquyam est mazim justo. Diam sed invidunt eos qui justo et et et diam gubergren laoreet dolor magna. Dolores ea dignissim sea erat laoreet et aliquyam ea molestie vulputate at rebum hendrerit voluptua duo dolor diam. Kasd nonumy in no esse erat dolore kasd. Ullamcorper te et sed sadipscing mazim enim ea nisl illum iusto clita amet kasd. Accusam erat consetetur justo et lorem et vero. Commodo et takimata voluptua nonumy magna facilisis ea tation stet sadipscing et rebum rebum ex accusam. Takimata dolore ea. Vero gubergren labore accusam et ullamcorper labore vel est sanctus. Et diam clita eos sit placerat gubergren dolore. Elitr tempor accumsan dolor dolore. Ea vero stet consequat rebum vero vero consequat accumsan diam lobortis sanctus consequat at dolor sit diam. In vulputate hendrerit accusam feugiat possim dolor erat clita vel sea esse tempor kasd diam dolores vel sed. Esse sed quis no lorem molestie.\nIpsum consetetur magna voluptua diam nulla volutpat consetetur no amet at et elitr dolore dolores stet diam. Sit vulputate voluptua et et sit dolore dolor dolor amet et eu ipsum elit feugiat. Et ipsum aliquyam ut duo no eirmod eirmod autem labore eu eos. Diam eos dolor magna veniam invidunt diam vel dignissim clita justo et. Sed sit kasd diam nibh erat erat aliquyam et ea et possim sadipscing elitr.\nDolore eirmod rebum congue dolor aliquyam et qui et kasd clita sed ut no. Sed et autem magna et voluptua invidunt nonumy dolor clita doming at no magna sed duo consetetur aliquip. Et duis voluptua at euismod praesent vero at clita dolor amet no. Dolor accumsan aliquam tation nibh clita duis clita ex kasd sadipscing sanctus amet est labore ut. Gubergren qui molestie sit sit stet vero no et vel amet. Vero et et sanctus takimata et duo nonummy ipsum. Kasd accusam lorem duo vel clita eum at sit sed dolor. No adipiscing nonummy voluptua sanctus erat lorem ea accumsan lorem ipsum. Laoreet diam et vero vero et elit. Consequat volutpat et.\n","publishDate":"2022-08-28T18:57:22.4350896+00:00"},{"id":12,"title":"Book 12","description":"Erat vero amet sit gubergren tempor est dolore diam dolore sed consequat aliquyam dolores diam sed justo. Et dolores sit diam sit sed. Dolores clita elitr sanctus vel tation gubergren exerci justo diam commodo. Tempor et erat lorem no eos ad aliquyam no et ut dolor duo illum eirmod suscipit ipsum sit dolor. Nisl molestie eum sea clita diam nobis nonumy dolore ut dolore nonumy sanctus vero.\n","pageCount":1200,"excerpt":"Eirmod duo diam esse dolore clita delenit aliquam ea wisi tempor justo blandit. Facilisis et at dolore magna ex nonumy lorem tempor. Et invidunt magna vero est nibh nonumy iriure amet laoreet enim aliquyam diam ipsum dolores vulputate eos. Sadipscing et diam. Esse consetetur takimata esse ea accusam odio tempor vel labore magna et ea vero duis. Nulla eirmod tempor elitr diam sit est. Stet autem duo erat nulla. Gubergren ipsum elitr. Volutpat ipsum dolores sit kasd justo sea sed erat dolore lorem. Dolore diam diam gubergren sadipscing sanctus diam sed invidunt mazim justo elitr voluptua sit. Nulla sed diam ut sea aliquyam takimata sanctus vel et delenit autem vero labore tempor duo. Lorem takimata stet sed eirmod kasd et velit duis nonummy elitr sed delenit dolor. Lobortis et molestie. Aliquam gubergren lobortis voluptua at et clita. Vel euismod ea autem lorem euismod dolore elitr justo et at justo dolores. Ea iriure accusam magna erat ipsum. Esse tempor elitr praesent takimata ut magna sea zzril eirmod amet id sit kasd kasd. Erat voluptua odio eu dolore sanctus. Laoreet minim eum zzril facilisi clita lorem nibh est stet dolor no sanctus placerat magna elitr no sit dolore.\nMagna sadipscing dolores feugait lorem gubergren mazim in elitr dolores gubergren vel. Consequat dolor dolore dolores ut lorem. Nulla diam magna esse dolor est. Ipsum labore augue feugiat est vulputate delenit iriure sanctus augue sanctus sit dolor magna sed clita. Invidunt amet dolor sed sed lorem sed vero et vero kasd diam sed imperdiet hendrerit. Ea feugait ex vel et magna nonumy at sanctus. Dolor clita vero rebum ipsum invidunt sed duo dolor diam ipsum. Dignissim lorem et est hendrerit gubergren cum ut sed dolores dolore et erat erat. Et voluptua adipiscing et diam invidunt feugiat sit stet in. Erat no clita sadipscing amet dolores dolore amet. Labore takimata ea. Duo vulputate duo eirmod aliquyam lorem vero delenit eros veniam sed elitr accusam vero voluptua lorem. Ipsum no dolor dolor ad gubergren sea ut et delenit duis duo sed sanctus vero aliquyam sit volutpat.\nConsetetur et rebum augue eos vulputate erat labore duo vero. Exerci amet ea dolore. Aliquyam et dolor amet quis ipsum no labore voluptua sit sed sadipscing est nonummy. At lorem stet delenit eleifend amet accusam veniam erat ad. Dolores dolore erat takimata sit et vero hendrerit ea aliquyam feugiat gubergren voluptua sed clita aliquyam in te no. Erat suscipit delenit ipsum aliquip eirmod. Minim lorem no dolor facilisi rebum velit clita eum ipsum amet sit erat ut aliquyam dolore quis. Stet tempor dolor nonumy luptatum aliquip justo lorem clita. Magna ut ut velit erat ad nulla nonumy possim sed no sit nulla accusam duo et. Option magna blandit dolores justo ut elitr sed labore. Facilisis dolor facilisis dolore justo dolore elitr eirmod. Stet aliquyam et imperdiet hendrerit sea tation ipsum esse duo. Aliquam lorem wisi stet nonumy facilisi sanctus kasd sea sit elitr ipsum erat eirmod sit. Stet nonumy eos no amet et et et elitr eu ea. Sed eum volutpat at vero.\nEos accusam augue clita aliquyam vero dolore magna iusto accusam magna tempor nulla in lobortis congue sed. Elitr dolor vulputate at duis hendrerit sanctus est et magna eu ipsum amet at elitr erat sed commodo. Dolores consetetur invidunt justo invidunt nulla dolore dolore iriure consetetur sit.\nSed stet et nonumy lorem ipsum diam vero ut et odio gubergren accusam tempor accusam at consetetur iriure. No aliquyam vero duo est. Ut esse sit sed sit kasd et et aliquyam sadipscing est nulla ipsum eos aliquyam no consetetur aliquyam ipsum. Sea rebum accusam sed tempor consequat eirmod tempor feugiat justo invidunt amet eu clita. Feugiat eirmod aliquyam nostrud rebum ut sed diam amet dolore et elitr. Et amet aliquip consetetur et eos justo et. Diam in enim imperdiet lorem eos kasd sanctus kasd aliquyam elitr ea labore accusam rebum. Takimata ipsum aliquyam vero gubergren duis lorem. Exerci est sed et in et takimata elitr justo dolor.\n","publishDate":"2022-08-27T18:57:22.4351515+00:00"},{"id":13,"title":"Book 13","description":"Amet dolores ipsum iusto autem est et consequat lorem est lorem erat. Takimata ut vero eirmod duis lorem eum suscipit lorem ut consetetur. Sed dolor zzril facilisi lorem amet ea est feugait et facer amet tempor amet ipsum eirmod erat gubergren. Aliquyam ipsum sadipscing lorem molestie vel dolor in. Eirmod et elitr dolore. Nonummy ut in vero erat lorem in et in eum sed invidunt sed amet invidunt delenit lobortis tempor.\n","pageCount":1300,"excerpt":"Dolore ad ut consetetur clita consetetur et sed dolores labore eros wisi nulla eirmod duis. Rebum ea hendrerit sanctus dolores est est dolor nisl aliquip. Sea nonumy labore ea amet nihil qui dolor gubergren vel sed. Justo ipsum congue et no et. Imperdiet sed sit exerci amet quod volutpat ut dolor ipsum diam eirmod est at vulputate dolore magna illum qui. Accusam est lobortis eirmod vero amet dolore. Sea consequat aliquyam rebum diam in est stet. At duo est consequat sit nisl amet et duis. Justo aliquyam sit sed kasd lorem justo sadipscing facilisi tempor sed sit aliquam elitr dolor. Feugiat rebum adipiscing kasd rebum magna. Vero sea duo stet dolor no et est est sit eirmod et vulputate sea.\nSuscipit tempor delenit dolore sea diam voluptua lorem sed duis aliquam erat invidunt accusam amet consequat enim blandit facilisis. Magna sadipscing accusam ut exerci lorem dolore at elit at elitr qui duo nonumy eos. Sit at velit. Eu ut ea molestie takimata est et ut sit nostrud consequat. Duis accusam elitr nulla. Augue et te lorem qui tempor. Sea ea consetetur sit nihil voluptua dolor diam amet eos. Zzril sed dolor no lobortis stet et aliquyam accusam tation aliquyam. Nihil ipsum sadipscing takimata suscipit praesent hendrerit amet ipsum dolor euismod aliquyam eum euismod invidunt est justo stet. Ut ut duo vel dolor et dignissim eirmod sit lorem.\nSit justo dolore eum ipsum lorem justo elitr takimata exerci placerat vero praesent. Nonumy labore at exerci sed dolor sea gubergren enim sit dolor et sed sea sit. Amet sit ut consequat vero kasd autem ipsum elitr aliquam option. Diam ipsum ut stet diam autem kasd lorem clita takimata at te takimata sed et eirmod. Feugait aliquyam clita elitr no nostrud sit diam dolores dolor erat consequat diam et sed aliquyam velit dignissim aliquam. Amet doming dolore feugiat et tempor takimata est magna sadipscing eirmod suscipit consequat amet dolores. Lorem erat ea lobortis et feugiat no et et praesent sit sed dolor wisi. Est amet eos erat lorem molestie ipsum te. Nonumy vulputate luptatum et amet in. Magna lorem nonumy tation te eos et assum blandit vel gubergren option delenit magna dolores takimata molestie. Sed accumsan kasd sadipscing ea amet nonumy dolor mazim lorem. Et ut dolor duis option soluta elitr sea lorem eos dolore ut ut ipsum adipiscing elitr lorem amet.\nIpsum amet duo aliquip nulla. Et duis et dolore voluptua aliquyam amet. Soluta sit nonummy tempor amet duo sed lorem facilisis blandit sit eirmod. Sanctus esse gubergren invidunt. Voluptua diam dolor duis duo feugiat ipsum nonumy amet veniam facilisi dolor zzril invidunt. Dolore aliquam aliquyam duo clita sit dolor minim lorem aliquip praesent vero sed dolores nobis voluptua quis. Et quod sed justo duo labore amet nonumy amet vero delenit sea sanctus ipsum facilisis dolor. Ut hendrerit id clita. Ipsum dolore ipsum aliquyam duo eos sanctus eos rebum illum dolor. Doming tincidunt vero clita luptatum nulla nonumy et magna erat et et voluptua zzril erat eirmod nonumy amet. Et justo diam velit nibh amet magna ea et dolore justo consetetur ea aliquyam sea. Sit voluptua et est diam sanctus ipsum diam nulla dolor sed molestie. At qui et dolores ea. Dolores duo nonumy dolore kasd diam rebum gubergren euismod dolore labore dolor nonummy ut diam sanctus sit. Diam at gubergren ea.\nSit diam dolor stet. Consequat sanctus autem dolore amet sanctus sea stet consetetur lorem sed. Et rebum hendrerit elitr elitr dolor ipsum delenit sit dolor sadipscing diam nonumy lorem tempor commodo elitr magna. At amet sanctus sed elitr nonumy justo feugiat clita luptatum. Dolor accusam clita sanctus eirmod amet kasd iusto no eirmod labore dolore gubergren. Dolor duo dolor facilisis aliquip no odio stet adipiscing ipsum amet dolores invidunt consectetuer ipsum eos placerat at ipsum. Diam accusam magna dolore. Clita amet assum eos dolor et diam nulla eos consetetur accusam no. Nulla sanctus ut possim ut sadipscing dolores. Rebum gubergren justo ut sit at.\n","publishDate":"2022-08-26T18:57:22.4352134+00:00"},{"id":14,"title":"Book 14","description":"Ea vel tempor et eos duo sed duo dolore erat sed takimata suscipit rebum placerat. Consequat sadipscing aliquip elitr sit qui rebum et consetetur. Ullamcorper vero justo tempor accusam sit ipsum eos takimata. Labore tempor sit sea amet exerci rebum sed. Kasd dolore consectetuer lorem tempor consequat lorem nulla no amet magna et rebum nonumy magna. Autem dolore ipsum diam minim. Dolore sanctus eos autem sanctus gubergren sadipscing tincidunt molestie odio clita laoreet labore elitr accusam diam ea. Dolore sed iriure sed voluptua et et est at duis labore ut clita eirmod ipsum hendrerit et. Veniam sanctus delenit dolore eleifend ea sadipscing. Kasd eos est ea elitr feugait duo consequat molestie volutpat. Esse magna aliquam diam dolor sed veniam sea amet in illum eirmod no. Diam consetetur sea liber et takimata no ut amet kasd sit lorem magna est consetetur suscipit vel. Dolores ut et augue amet sit ad sed invidunt lorem rebum amet congue ea nulla sadipscing ea et.\n","pageCount":1400,"excerpt":"Stet amet sed molestie delenit sea eu ipsum dolore sadipscing consequat est amet aliquyam accusam at lorem ipsum lorem. Sadipscing sit eos facilisi accusam amet stet eum et lorem sed amet. Stet nonumy ipsum eos sed ipsum tempor rebum gubergren te exerci. In sit justo consequat possim dolore adipiscing amet duis eirmod dolores eos assum ad eirmod. Ut et lorem dolor aliquyam est dignissim elitr dolores dolor sed lorem sanctus. Luptatum lorem duis amet erat autem facilisis amet. Commodo lorem consetetur dolor at accusam enim cum sit. Eros sed diam clita vero dolor tempor magna. Magna vulputate hendrerit et lobortis. Voluptua sit consetetur eirmod in wisi amet invidunt ipsum wisi dolor clita ipsum no et dolores volutpat eu duis. Lorem sea sed tempor ipsum at blandit illum. Kasd no est tempor et justo. Takimata ea ut. Sed sed vero sit nostrud diam wisi sit no stet et voluptua dignissim tempor at ipsum est sanctus vero. Sit dolores labore sea tation at nibh rebum kasd autem gubergren dolor sed illum sadipscing stet duo amet. Facilisi lorem dolore sadipscing nonumy sed et vel luptatum consectetuer est et amet facer augue. At takimata ea.\nEirmod nonumy dolore rebum ipsum. Ut et consetetur sit eu gubergren. Invidunt sed dolor facilisi erat dolores at at no dolore nonumy accumsan no facilisis duis ut justo. Justo suscipit sed ut. Sadipscing erat ut sanctus erat wisi et invidunt lobortis te esse aliquyam. Diam duo duis dolor et nostrud vero takimata amet sea nibh vero sea justo voluptua diam. Aliquam sanctus sed lorem voluptua dolor consetetur elit consetetur euismod suscipit nonummy dolores erat est et justo. Amet consetetur dolore. Facilisis et aliquyam et accusam et et eos dolor dolor aliquyam vel. Dolore gubergren dolor liber est vulputate invidunt nonumy et duo exerci wisi eu ut dolore ut dolore at stet. Labore diam amet at et tempor justo eos. Eu no ea lorem takimata eos rebum et sit sit vulputate ut consequat iriure ea velit hendrerit te.\nEirmod illum eirmod ea labore et est magna nulla esse duis erat est duo. Te kasd diam odio ut dolores rebum erat aliquyam sanctus euismod amet kasd. Takimata voluptua praesent dolor magna dolore dolor et dolore et invidunt erat wisi duis quis enim sed magna zzril. Aliquyam laoreet veniam eirmod dolore et at liber sea aliquyam tempor et lobortis. Et imperdiet iriure zzril eos erat et aliquam congue sanctus dolor dolore et justo labore aliquyam. Autem et et et ad sed at odio praesent accusam gubergren stet dolor augue ea gubergren. Iriure duo tempor ullamcorper sea sadipscing et consequat diam feugait accusam aliquyam. Vero et duis dolore dolore sit sit nostrud et dolores duo gubergren ut ea clita et nihil quis. At amet voluptua gubergren iriure ut ipsum sed sit gubergren possim. Et diam ut. Eirmod invidunt et vel stet. Sea accusam sit et ea ipsum nihil no sed congue amet amet eos lorem commodo nonumy eirmod nibh. Feugait lorem amet et dolor eros et accusam ea nulla tation eros at sea et. Sanctus dolore iusto accumsan. Augue hendrerit justo diam accusam at invidunt eirmod invidunt lorem ipsum clita aliquip odio gubergren nibh tempor. Amet iriure dolore lorem ut dolor accusam est te takimata sanctus mazim facilisi consequat dolores dolor clita sea magna. At et ea dolores. Diam nostrud rebum sit consequat eos labore justo sed nulla erat consequat duis voluptua sit justo sit rebum. Dolore consetetur in dolores iriure est et dolor et consetetur erat sea sed zzril.\nElitr sea no nonumy labore accusam esse enim eos tempor consetetur dolore et dolore at suscipit liber takimata labore. Consequat sadipscing lorem diam clita accusam est te et wisi dolor sanctus quis duo sea. Facilisis at amet gubergren sanctus sed kasd eos gubergren minim invidunt lorem ipsum est eirmod.\nPraesent voluptua amet nonumy justo sed augue dolores. Magna laoreet ut nonumy soluta et iusto autem et facilisis kasd vero stet hendrerit magna facilisis aliquyam. Labore diam sed consetetur illum ipsum eum clita stet sea sanctus. Ipsum diam consetetur elitr sit nisl eirmod lorem no lorem amet dolor accusam eros sadipscing. Assum vel duo quis nonumy nonumy facilisis. Est tempor sed eirmod iriure vulputate ipsum enim in.\n","publishDate":"2022-08-25T18:57:22.4352861+00:00"},{"id":15,"title":"Book 15","description":"Lorem magna lorem iriure consetetur diam ut facilisi aliquyam consetetur lorem voluptua. Eirmod molestie sadipscing consequat justo. Ut dolor duo et tempor gubergren zzril amet gubergren diam et. Amet stet amet augue sed et ipsum.\n","pageCount":1500,"excerpt":"Rebum odio amet commodo invidunt duis tempor wisi no. Justo elitr aliquyam vero facilisis erat consequat gubergren ipsum at diam ipsum lorem dolor ipsum iriure. Feugait ullamcorper sit voluptua illum aliquyam consetetur accusam dolore ipsum rebum qui feugiat erat sit. Sea eleifend ut ea. Amet gubergren voluptua sit molestie feugiat at illum velit est tempor consetetur nonumy veniam no stet et. Amet ut ipsum commodo diam wisi sed sea dolores accumsan sit clita. Et nibh eos kasd diam assum at dolor lorem dolores suscipit quis autem sit laoreet nonumy. Elitr nonumy ut consetetur erat. Duo ut nonumy facilisi diam voluptua dolore. Eirmod invidunt te nostrud invidunt. Sit duis mazim sit no dolor labore gubergren ut ipsum vero takimata justo ex ex.\nUt feugiat kasd velit voluptua eirmod dolor et velit adipiscing rebum gubergren eos eirmod dolore justo. Sit eros kasd nonumy blandit et. Sit labore elitr justo et. Dolore eirmod duis rebum nibh dolore accumsan diam elitr exerci te at et eum. Sit dolore diam ut praesent dolor ea vero et tempor sit magna. Aliquam at dolor. Quis kasd duo diam ea takimata elit amet elit dolor sadipscing ea liber. Ipsum lorem diam sit ipsum ea. Duis kasd dolores enim. Diam vo
[...]
n eos consequat et sed veniam ipsum.\nNisl vulputate ut takimata in et vel dolores diam ut aliquam lorem velit accusam. Sit laoreet dolor feugiat eirmod diam at. Ipsum option ut et diam elitr. Eirmod sed tation rebum dolor lorem kasd clita. Accusam dolor magna eos ea ea sit aliquyam sed odio justo consequat rebum eos diam sadipscing sed elitr et. Magna dolor hendrerit vero at consequat sed et et sadipscing quis nulla. Vero nonumy elitr sit dolores duis eirmod. Nulla erat nonumy vero accusam at lorem dolores accusam molestie diam. Suscipit elitr wisi. Sanctus autem dolor nam blandit nulla ad sadipscing et vero et quis. Sit sadipscing sadipscing feugiat. Esse nulla tempor. Est aliquam eos lorem amet ipsum. Duis elitr consectetuer dolor sit diam lorem dolore amet eum lorem elit. Diam dolor dolor in erat at doming rebum ipsum diam est kasd invidunt eirmod.\nSed justo sed diam aliquip. Consequat voluptua et erat takimata tincidunt consetetur. Magna esse sed diam vero sea dignissim et lorem vero amet sadipscing diam augue nulla sit ut. Sea justo commodo diam accusam cum tincidunt gubergren enim. Iusto invidunt justo accusam. Sea dolor amet et et rebum invidunt sea eleifend nonumy odio dolore amet laoreet. Eu nisl vero lorem.\nVel eirmod dolores iriure dolore rebum stet te amet voluptua suscipit. Diam consequat ut sed ut eos sanctus et no dolor nam justo molestie kasd ipsum dolore amet tempor. Amet justo no stet gubergren amet nulla lorem eleifend placerat. Sanctus rebum et nulla suscipit nonumy ipsum esse dolor possim. No ut sadipscing minim et odio ea dolore dolor eleifend sea nihil et ut magna. Et augue sadipscing at accumsan lorem nibh amet. Ipsum erat kasd ea at tincidunt invidunt sea et rebum iriure possim clita dolores.\nAccusam est sit ipsum luptatum consetetur eos vero labore amet voluptua no rebum ullamcorper diam sea commodo. Rebum ut lorem ea vero voluptua est possim aliquam diam nam ut stet. Diam sed nisl id nibh sit dolore voluptua sanctus est magna. Ea consetetur duis in ut illum. Diam ipsum kasd erat sanctus sed vero sadipscing kasd hendrerit aliquip duo lorem magna imperdiet justo eos sanctus.\n","publishDate":"2022-02-24T18:57:22.4813494+00:00"},{"id":197,"title":"Book 197","description":"Nobis kasd eirmod magna dolore labore stet doming clita diam aliquyam lobortis et consetetur. Quod sed stet commodo ut soluta. Amet aliquip magna vulputate luptatum.\n","pageCount":19700,"excerpt":"At nonumy in sit. Exerci rebum ea ullamcorper dolor accusam rebum ipsum no et gubergren dolor amet et facilisi. Diam gubergren laoreet vulputate autem duis erat dolor dolor stet dolor adipiscing hendrerit erat eirmod te cum magna tempor. Euismod eirmod et vero dolor est nulla et erat laoreet. Diam sadipscing lorem ut augue clita vel aliquam kasd labore. Sed dolores vulputate nobis est eros erat lorem clita sed vel erat. Invidunt id lorem invidunt at nonumy clita eos sanctus accusam eos dolor feugait amet. Stet accusam est no dolor magna gubergren amet diam sit et dolore eirmod erat ipsum dolore sadipscing rebum. Amet lorem augue dolor diam lobortis iusto takimata nisl. Augue clita dolor. Ipsum invidunt at dolor. Ipsum stet vel autem sea. Erat takimata takimata sed elitr lobortis aliquyam diam justo molestie et sit nulla ipsum invidunt tempor.\nLorem doming eirmod diam elitr cum. Sanctus labore sit erat minim et ut lorem erat nibh aliquip labore illum facilisis. Eu accusam sed labore erat ut dolore eirmod lorem wisi sed.\nDolore erat elitr ea ipsum nisl invidunt lorem aliquyam sed accumsan rebum no. Ad soluta ex laoreet nostrud at dolore clita duo sea lorem vero sea at. Sed rebum et dolore clita sed et ipsum invidunt nulla sed in diam. Kasd et ut dolores dolore et lorem. Sadipscing duis ad erat et sed soluta consetetur wisi sit quis sea dolore minim invidunt magna consetetur nonumy sed. Dolor elitr adipiscing magna sanctus erat. Ut enim diam enim eirmod elitr at accusam et. In et est ut elitr ea et ea dolore magna eum tempor sadipscing eos sit feugait.\nSit duo invidunt iriure elitr iusto. Aliquyam takimata duis at praesent aliquyam no ad aliquyam. Duo vulputate delenit voluptua diam delenit et vero rebum consetetur lorem. Et dolore vel volutpat laoreet et velit ipsum dolor facilisis duo consequat sit. Est lobortis minim dolor invidunt. Dolor erat dolore ut vero vero ut eirmod tempor. Erat in dolore nulla elitr augue sed magna ut nonumy eos. Euismod diam nam sed rebum tempor diam nibh tempor clita sea elitr at elit sit sed clita consetetur adipiscing. Eum commodo sit sea duo justo autem hendrerit amet illum consetetur dolor vel magna sadipscing eros. Amet quis clita kasd euismod sed dolores ut nibh dolor diam ad sit dolor vel. Ut lorem diam magna ipsum gubergren sit diam illum diam tincidunt amet. In consetetur ipsum iriure option.\nSit elitr dolores vero duo ut kasd esse nonumy ipsum consetetur dolores imperdiet facer rebum. Et dolor et invidunt erat dolor. Dolor consectetuer ea at invidunt sea erat accusam et invidunt ut magna rebum. Lorem accusam hendrerit dolore euismod labore accusam dolor consetetur diam aliquyam voluptua. Esse facer molestie magna feugiat ea magna justo et duo commodo et diam praesent consetetur sadipscing aliquyam.\n","publishDate":"2022-02-23T18:57:22.4813936+00:00"},{"id":198,"title":"Book 198","description":"Wisi elitr stet nulla dolor lorem nonumy dolor vero amet eirmod gubergren dignissim euismod. Lorem ea ut sanctus sit et eu volutpat erat et amet facilisis commodo dolores consetetur. Stet gubergren erat nulla voluptua feugait no sadipscing diam sed dolor sea. Dolore nonummy dolor feugiat molestie duo. Takimata in no consetetur invidunt vero labore. Dolor iriure eos sit erat consectetuer sea amet vulputate ut commodo sea facer elitr sed no stet. Nulla nibh consetetur labore amet. Eos lorem et qui. Aliquip nisl ipsum facilisis amet minim. Qui sanctus sed vero nostrud sea est iriure ut eu vero rebum amet lorem. Erat et eros lorem clita ea et ipsum ea veniam nonumy et accusam ipsum autem dolore. Sit sed sed accusam clita blandit. Commodo aliquyam ut in dolor. Et in consetetur takimata kasd invidunt lorem aliquam blandit dolor kasd sea dolor feugiat ut diam. Erat clita nihil dolor. Eirmod no diam gubergren ut at feugiat nobis zzril ut amet ut nonumy ut diam diam invidunt feugait. Est at veniam augue dolore sit diam no voluptua autem tempor consetetur invidunt vero tation sit aliquyam ut amet. Accusam tempor dolor justo hendrerit stet nonumy nonumy lorem rebum tempor amet eirmod. Dolor nostrud te nobis nonummy dolore voluptua eirmod accusam sanctus euismod.\n","pageCount":19800,"excerpt":"Molestie eleifend dolor sit ea hendrerit accusam kasd. Facilisis placerat accusam duo amet vel lobortis stet ut quis in no exerci. Placerat nihil eirmod. Rebum praesent dolores sit sed sit elitr magna nonumy accusam duo et ea. Cum stet et ipsum facilisis gubergren sanctus in et no dolore duo et sit eos soluta gubergren dolores diam.\nErat sit magna kasd et diam iusto sit labore amet invidunt sea et sed rebum et eirmod. Erat diam diam. At ipsum sea qui sit et. Te aliquam amet labore no no elit ut et te dolore illum te amet duis. Consetetur eros lorem no consequat dolor lorem erat et sit. No labore at dolores ea sanctus ullamcorper dolor in sed tempor feugiat et. Magna erat voluptua sit vero nibh et ut enim autem diam velit takimata ea. Et consectetuer sit no stet dignissim dolor nonummy sed duo dolor invidunt diam sanctus vero velit kasd diam. Est et eos dolores sit sanctus kasd dolor molestie. Vero consetetur lorem takimata et ut sea nulla nisl dolor feugiat facilisis. Dolores sed nibh dolor et. Vel no amet ea amet erat dolor ipsum. Sit lorem magna ipsum dolor lorem ipsum sea consetetur erat est ex lorem et nonumy eirmod.\nInvidunt sanctus sanctus sanctus eu invidunt zzril diam sit. Eu praesent feugait elitr. Iriure stet ex amet sit nostrud soluta ea accusam amet zzril dignissim. Sit sadipscing sed diam hendrerit ipsum clita sed at nonumy mazim adipiscing esse clita dolor amet. Sit lorem stet at dolor consequat tempor ullamcorper consequat stet soluta elitr dolor aliquyam.\nConsetetur amet nulla aliquyam nobis erat lorem aliquyam dolores vel eos kasd zzril lobortis nobis zzril. Takimata et sit et sit. Takimata dolor nonumy takimata hendrerit feugiat et accumsan wisi euismod consequat clita. Rebum lorem eum et amet praesent et duo erat eum sanctus at aliquyam dolor eos. Zzril consequat clita ipsum eirmod aliquip takimata stet et sit consequat ipsum kasd est.\nNonumy dolores accusam esse kasd in sit nonumy takimata ullamcorper no ipsum eu dolore aliquyam. Voluptua rebum duo sadipscing accusam rebum clita clita elitr. Clita lorem dolor aliquip sea nibh consetetur tincidunt enim. Amet ipsum et sadipscing ipsum diam sed magna facilisi sea congue diam et sit voluptua delenit invidunt takimata. Magna et ullamcorper kasd veniam eu elitr voluptua dolor congue dolor lorem sea consectetuer duo voluptua. Dolore te accusam magna vero aliquyam. Dolor et accusam tempor amet dolor clita lorem dignissim nonumy eirmod in in hendrerit lorem rebum stet dolor. Dolor vero lobortis dolor diam eleifend justo et dolores diam invidunt ipsum sea iriure tempor diam iriure no. Dolore no tempor doming ut stet invidunt tincidunt justo. Nibh sit exerci labore ut vel duis ipsum nihil magna ut eu ullamcorper consetetur delenit illum magna. Amet accusam lorem dolore eos elitr takimata magna dolore sed clita euismod tempor. Aliquam justo sed magna duis. Accumsan consetetur lorem feugiat amet nulla labore sea dolores elitr magna molestie.\n","publishDate":"2022-02-22T18:57:22.4814575+00:00"},{"id":199,"title":"Book 199","description":"Diam ipsum labore sed dolor sit diam lorem ut molestie vel duo consetetur vel dolore ipsum lorem labore vero. Commodo aliquyam sit et diam amet vero et diam nonumy sit ut. At rebum est invidunt adipiscing et. Vel tempor dolor dolores magna diam labore eirmod te nostrud nonumy luptatum sed rebum erat nonumy.\n","pageCount":19900,"excerpt":"Sed autem sadipscing augue dolor vero diam diam takimata dolor dolor voluptua aliquip vulputate tation sed amet dolor. Sit nonumy sed. Invidunt laoreet justo amet lorem hendrerit et ea sed.\nFacer dolor invidunt. Stet dignissim gubergren lorem justo dolore justo dolore no dolores sanctus sit delenit eos magna sit at zzril rebum. Sed et hendrerit quis. Et tempor sea amet sed amet dolor at diam et voluptua accumsan ut at ea amet. Gubergren dolor elitr dolor dolor et. Clita sit sed dolore. Dolore suscipit sed amet et erat sed nonummy magna consetetur dolores nonummy no dolor. At eos diam sadipscing labore ut clita stet sea duo duis et ipsum duo. Dolor sadipscing ea ut amet sadipscing sed vero ipsum clita accusam et accumsan adipiscing. Ea et sit duo duo sanctus facilisi dolores ipsum vel diam aliquyam esse eu accusam vero et gubergren lorem. Vero minim elitr sanctus sanctus ad eirmod invidunt erat erat justo. At labore tempor delenit et invidunt lorem et sit voluptua. Magna lorem stet magna elitr dolore nonumy luptatum congue justo sadipscing clita accusam invidunt consetetur clita clita takimata dignissim. Et minim invidunt ut sit enim euismod duo amet dolor magna sit erat duis gubergren takimata elitr. Takimata est dolor.\nNonummy magna gubergren ea invidunt erat at aliquyam dolor gubergren dolore magna ut. Facilisis sanctus iriure tincidunt tincidunt erat justo ut magna duis vero stet clita et tempor adipiscing rebum nostrud eos. Vero magna diam autem ut est duis duis vero ut in amet te dolor eos. Elit amet dolores praesent dignissim kasd velit dolore. Gubergren vero eirmod. Eum eum clita vero vero. Vel et dolor invidunt justo dolores est elitr amet no in ea. Nam nisl est et dolore hendrerit magna luptatum kasd no lobortis. Diam sea sed doming ut facilisis elitr vel no wisi justo consectetuer voluptua ipsum sit.\nIn sit et tempor ipsum minim ea iriure. Dolores soluta clita eirmod stet ipsum sea lorem et voluptua kasd eum iusto ipsum dolor. Dolores eirmod dolores vulputate. Clita nonumy elitr erat blandit te et dolor et ut vel lorem kasd sed lobortis. Magna magna tempor at diam mazim vero sanctus sanctus tempor invidunt stet. Ut in magna dolor diam eos ad erat no cum quis dolore dolor. Et augue tincidunt dolore et dolor dolores veniam nibh dolor. Sit aliquyam dolore ipsum et aliquyam stet clita iusto diam lorem magna. Accusam est consetetur est dolore sed te consetetur voluptua sed sanctus voluptua ipsum voluptua et et. Nonumy invidunt ut. Consetetur labore aliquyam voluptua invidunt esse diam sit dolor et duo magna. Laoreet lorem illum stet ipsum augue et labore accusam dolor nulla gubergren.\nDolores no eum qui sed dolor magna voluptua odio. Sed et diam suscipit vero duis sit accusam autem et aliquam lorem tempor stet ipsum. Labore et eos accusam et dolores sanctus et eos sed amet. Volutpat vel dolor ea diam accusam aliquip duis suscipit ea ipsum sadipscing dolor ut eirmod invidunt accusam. Et elit dolores kasd dolor sed tempor lorem at stet ipsum sanctus dolore amet kasd voluptua invidunt. Clita et amet et dolore dolore rebum. Et ea et dolores dolores at stet gubergren est dolor nulla nostrud eirmod clita stet.\n","publishDate":"2022-02-21T18:57:22.4815121+00:00"},{"id":200,"title":"Book 200","description":"Nonumy lorem praesent nobis ipsum magna et aliquam facilisi accumsan. Sit diam tempor hendrerit erat vel ipsum tempor vero sea eum et consetetur et nonumy gubergren dolor iriure. Labore takimata ea ut. Nibh ipsum praesent ea duo est kasd erat commodo kasd no sit lorem. Sed at consectetuer. Est lorem kasd voluptua et erat stet dolore ipsum vero wisi nostrud sadipscing ut illum consetetur. Amet amet et et ipsum eros dolor accusam dolore no eos clita vulputate dolores augue amet. Erat justo magna amet no iusto dolor. Tempor elitr id elitr duo eos et est zzril erat.\n","pageCount":20000,"excerpt":"Nonumy dolor diam gubergren et diam lorem exerci quis amet facilisis. Et consetetur et. Stet labore at elitr duis nonumy dolores dolor takimata. Rebum takimata lobortis takimata molestie eirmod duo tempor clita sed et et dolore aliquam esse sadipscing est. Et iusto lorem sadipscing luptatum amet elitr magna eirmod accusam amet et labore vel dolor lorem tation. Sit nisl sit eirmod dolore dignissim dolore. Gubergren sed et invidunt cum iusto ut rebum invidunt lorem consetetur est nostrud tation ea sanctus. Consequat accusam stet quod magna et velit no amet elitr qui diam erat dolor dolore kasd justo. Ut diam stet invidunt sed dolore. Sea dolore clita et ipsum clita. Diam invidunt at labore justo erat diam accusam sed. Nulla veniam amet vero tation duo kasd stet diam sed duis nihil. Kasd sadipscing magna velit et eirmod diam eirmod eros delenit magna justo elitr diam volutpat dolor. Magna aliquyam euismod ut diam vel volutpat feugiat. Delenit sit facilisis aliquyam quis nonumy elitr elit rebum.\nIpsum accusam dolore accusam nulla dolor et. Esse enim elitr duis accusam facilisis dolor aliquam duo ipsum. Kasd eu elitr nonumy at voluptua adipiscing feugiat ut sed eros tempor stet nibh blandit.\nDolor eos diam erat ut rebum sea est facilisi vero lobortis. Sit in eos consetetur minim aliquyam sed sanctus. Sea nibh amet ut magna te sit tempor. Invidunt eirmod ut sea odio amet duis diam rebum wisi gubergren labore consequat dolor sed no eos dolore ea. Ea dolor duis sadipscing voluptua diam erat consetetur facilisis illum eos duis duo diam. Amet amet diam dolores sed rebum stet amet dolor tation illum diam hendrerit duo et sea nonumy.\nEu iusto ullamcorper elit. Diam dolores suscipit facilisi quis nonumy liber ea sea rebum kasd stet suscipit aliquip dolore duo ipsum. Et lobortis diam erat et sed et nibh duo ut erat sit amet. Erat accusam et clita sea est voluptua clita dolor. Eos sed sea clita odio ipsum tempor justo elit amet assum aliquyam. Stet et aliquyam invidunt. Amet et invidunt clita dolore accusam commodo dolores molestie ad gubergren erat diam gubergren nobis hendrerit invidunt. Justo kasd est magna dolore gubergren labore est tempor duo lorem. Erat vel aliquip invidunt et nobis et tempor zzril invidunt te stet duo sadipscing gubergren et accusam at eum. Voluptua vero diam at dolore ea tempor voluptua kasd tempor ut sit invidunt nulla elit dolore exerci. Dolor lorem nonummy amet voluptua kasd labore ea stet diam amet dolor labore facilisis hendrerit dolor magna lorem odio.\nDolor augue vero no. Dolor kasd invidunt nostrud in ipsum nam dolores lorem eum aliquip diam ipsum dolor ullamcorper. Dolor ipsum diam dolor sadipscing ut amet et dolor dolor. Dolore sit tincidunt lorem lobortis. Et enim nonumy amet eos rebum consequat. Praesent eros sadipscing et ipsum sanctus elitr justo at amet. Sit zzril sed kasd dolores ipsum clita rebum. Tincidunt dolores takimata elitr sit ipsum consetetur lorem et ipsum. Ut et magna ut amet invidunt ipsum.\n","publishDate":"2022-02-20T18:57:22.4815647+00:00"}]</msg>
<status status="PASS" starttime="20220908 15:57:30.531" endtime="20220908 15:57:30.548"/>
</kw>
<kw name="Set Test Variable" library="BuiltIn">
<arg>${RESPOSTA}</arg>
<doc>Makes a variable available everywhere within the scope of the current test.</doc>
<msg timestamp="20220908 15:57:30.549" level="INFO">${RESPOSTA} = &lt;Response [200]&gt;</msg>
<status status="PASS" starttime="20220908 15:57:30.549" endtime="20220908 15:57:30.549"/>
</kw>
<status status="PASS" starttime="20220908 15:57:21.096" endtime="20220908 15:57:30.550"/>
</kw>
<kw name="Deletar livro &quot;10&quot;" library="ResourcesAPI" sourcename="Deletar livro &quot;${ID_LIVRO}&quot;">
<kw name="DELETE On Session" library="RequestsLibrary">
<var>${RESPONSE}</var>
<arg>fakeAPI</arg>
<arg>Books/${ID_LIVRO}</arg>
<doc>Sends a DELETE request on a previously created HTTP Session.</doc>
<msg timestamp="20220908 15:57:30.773" level="INFO">DELETE Request : url=https://fakerestapi.azurewebsites.net/api/v1/Books/10 
 path_url=/api/v1/Books/10 
 headers={'User-Agent': 'python-requests/2.28.1', 'Accept-Encoding': 'gzip, deflate', 'Accept': '*/*', 'Connection': 'keep-alive', 'Content-Length': '0'} 
 body=None 
 </msg>
<msg timestamp="20220908 15:57:30.773" level="INFO">DELETE Response : url=https://fakerestapi.azurewebsites.net/api/v1/Books/10 
 status=200, reason=OK 
 headers={'Content-Length': '0', 'Date': 'Thu, 08 Sep 2022 18:57:30 GMT', 'Server': 'Kestrel', 'api-supported-versions': '1.0'} 
 body=None 
 </msg>
<msg timestamp="20220908 15:57:30.773" level="INFO">D:\Users\pac-c\AppData\Local\Programs\Python\Python310\lib\site-packages\urllib3\connectionpool.py:1045: InsecureRequestWarning: Unverified HTTPS request is being made to host 'fakerestapi.azurewebsites.net'. Adding certificate verification is strongly advised. See: https://urllib3.readthedocs.io/en/1.26.x/advanced-usage.html#ssl-warnings
  warnings.warn(</msg>
<msg timestamp="20220908 15:57:30.774" level="INFO">${RESPONSE} = &lt;Response [200]&gt;</msg>
<status status="PASS" starttime="20220908 15:57:30.551" endtime="20220908 15:57:30.774"/>
</kw>
<kw name="Should Be Equal As Strings" library="BuiltIn">
<arg>${RESPONSE.status_code}</arg>
<arg>200</arg>
<doc>Fails if objects are unequal after converting them to strings.</doc>
<msg timestamp="20220908 15:57:30.775" level="INFO">Argument types are:
&lt;class 'int'&gt;
&lt;class 'str'&gt;</msg>
<status status="PASS" starttime="20220908 15:57:30.774" endtime="20220908 15:57:30.775"/>
</kw>
<status status="PASS" starttime="20220908 15:57:30.551" endtime="20220908 15:57:30.775"/>
</kw>
<status status="PASS" starttime="20220908 15:57:21.095" endtime="20220908 15:57:30.776"/>
</test>
<doc>Documentation da API:</doc>
<status status="PASS" starttime="20220908 15:57:20.978" endtime="20220908 15:57:30.777"/>
</suite>
<statistics>
<total>
<stat pass="1" fail="0" skip="0">All Tests</stat>
</total>
<tag>
</tag>
<suite>
<stat pass="1" fail="0" skip="0" id="s1" name="TestCasesAPIBooks">TestCasesAPIBooks</stat>
</suite>
</statistics>
<errors>
</errors>
</robot>
