<?xml version="1.0" encoding="UTF-8"?>
<robot generator="Robot 5.0.1 (Python 3.10.7 on win32)" generated="20220906 15:32:22.914" rpa="false" schemaversion="3">
<suite id="s1" name="TestCasesAPIBooks" source="D:\Cursos\robotFramework\WebTesting\TestCasesAPIBooks.robot">
<kw name="Conectar a minha api" library="ResourcesAPI" type="SETUP">
<kw name="Create Session" library="RequestsLibrary">
<arg>fakeAPI</arg>
<arg>${URL_API}</arg>
<doc>Create Session: create a HTTP session to a server</doc>
<msg timestamp="20220906 15:32:23.023" level="INFO">Creating Session using : alias=fakeAPI, url=https://fakerestapi.azurewebsites.net/api/v1/, headers={},                     cookies={}, auth=None, timeout=None, proxies=None, verify=False,                     debug=0 </msg>
<status status="PASS" starttime="20220906 15:32:23.023" endtime="20220906 15:32:23.024"/>
</kw>
<status status="PASS" starttime="20220906 15:32:23.023" endtime="20220906 15:32:23.024"/>
</kw>
<test id="s1-t1" name="buscar a listagem de todo os livros (Get em todo os livros)" line="11">
<kw name="Requisitar todos os livros" library="ResourcesAPI">
<kw name="GET On Session" library="RequestsLibrary">
<var>${RESPOSTA}</var>
<arg>fakeAPI</arg>
<arg>Books</arg>
<doc>Sends a GET request on a previously created HTTP Session.</doc>
<msg timestamp="20220906 15:32:31.135" level="INFO">GET Request : url=https://fakerestapi.azurewebsites.net/api/v1/Books 
 path_url=/api/v1/Books 
 headers={'User-Agent': 'python-requests/2.28.1', 'Accept-Encoding': 'gzip, deflate', 'Accept': '*/*', 'Connection': 'keep-alive'} 
 body=None 
 </msg>
<msg timestamp="20220906 15:32:31.136" level="INFO">GET Response : url=https://fakerestapi.azurewebsites.net/api/v1/Books 
 status=200, reason=OK 
 headers={'Content-Type': 'application/json; charset=utf-8; v=1.0', 'Date': 'Tue, 06 Sep 2022 18:32:24 GMT', 'Server': 'Kestrel', 'Transfer-Encoding': 'chunked', 'api-supported-versions': '1.0'} 
 body=[{"id":1,"title":"Book 1","description":"Invidunt clita tempor sit ipsum sea diam dolor tincidunt invidunt justo sanctus elitr. Et kasd et sed labore amet accusam erat justo hendrerit. In vel nobis vero eos gubergren dolor in dolore kasd ea consetetur sit est sed dolor takimata ut elitr. Quis nonumy lorem takimata sed amet amet rebum feugiat sit eirmod elitr ut dolore te.\n","pageCount":100,"excerpt":"Ullamcorper dolor no et dolore nulla ipsum dolor dolores eleifend eos takimata consetetur aliquyam duis. Duo duo consequat sed consetetur sed clita ea nulla kasd dolore. Et sit dolore stet sit sed ut sit dolore dolor elitr option sanctus. Duis dolor et sanctus aliquam et kasd ut lorem accusam sed duis et sed vulputate.\nVeniam ipsum accusam delenit lorem. Diam lorem invidunt. Amet ad amet elitr et et et ad duo dolor. Takimata takimata et sanctus dolor est invidunt invidunt at placerat gubergren tation nonumy duis sit ut placerat. Lorem dolore luptatum et. Et ipsum lorem rebum consetetur vero sadipscing dolore iusto luptatum te est aliquyam lorem sea. Blandit tempor diam gubergren eirmod ea takimata gubergren. Ullamcorper invidunt lorem et dolor dolores et invidunt volutpat qui. Ipsum takimata no suscipit dolore. Et takimata rebum autem dolores no elit ut invidunt ea sit gubergren stet ipsum sit lobortis dolore iusto. Nostrud odio no amet.\nClita lorem est dolor imperdiet et quis tincidunt voluptua stet labore dolor et hendrerit facer. Nostrud sed magna vero diam aliquyam dolore. Sea ex stet dolore est. Sit elitr est consetetur lorem gubergren euismod accumsan exerci sit eu sit consetetur. Vel dolore sanctus. Justo kasd magna ipsum commodo ut at consequat et ipsum invidunt elitr dolor sit iusto. Amet sed sadipscing accusam dolores nulla et labore sit magna et. Invidunt ipsum gubergren dolor dolore et et consetetur amet elit. Lorem ipsum dolore diam elit eirmod zzril ipsum invidunt. Eos dignissim est aliquam sit ea esse. Sit eu consequat no. Aliquyam magna nonumy eos nibh sed. Eu voluptua nobis invidunt justo justo rebum nisl nostrud enim. Sed hendrerit dolore stet dolore aliquyam dolor diam lorem dolor eirmod dolore nonumy lorem consetetur eos facilisi sit. Et invidunt at labore gubergren ut ipsum tempor magna wisi dolor.\nDolore takimata takimata in dolor dolores consequat dolore diam dolor vero eirmod elitr. Dolor consectetuer feugiat amet takimata lobortis duo commodo invidunt lorem. Sit ea quis dolor et et dolor at eirmod sit magna sit at voluptua diam magna. Eirmod eirmod amet labore elitr et diam. Dolor aliquam sit nulla dolore. Tempor lorem stet vel et justo magna gubergren dolore et adipiscing tempor quod ea. Lorem et amet sed et quis erat dolor dolores iriure. Eirmod dolor ipsum veniam takimata iriure at ad dolor sadipscing lorem. Nonumy dolore consetetur erat takimata sed ipsum aliquam dolor consetetur. Elit option erat lorem sanctus elitr diam eirmod nisl nonumy voluptua magna illum feugiat. Et dolor kasd diam volutpat mazim lorem diam kasd sed dolore illum diam veniam rebum et dolor. In duis et sed no et diam lorem euismod blandit iusto clita. Gubergren ea est stet sit eros aliquam accumsan iriure. Eos dolores ut facilisi erat illum et possim. Erat lorem sed magna invidunt eirmod kasd te eirmod feugiat rebum amet lorem dolores ipsum eirmod.\nLorem stet consetetur imperdiet dolor dolor et sadipscing gubergren ipsum nostrud eu aliquyam et aliquyam. Amet consetetur justo molestie et at accumsan sit vel sadipscing magna gubergren. Aliquam cum lobortis stet amet sed laoreet voluptua dolor ipsum consetetur et. Diam facilisi dolor eros kasd sed accusam et labore no et nobis lorem vero diam sadipscing rebum. Et enim quis feugait ut no dolores. Ea et tempor. Erat vero duo at ipsum sit tempor est eleifend nonumy sit dolore vel doming molestie clita. Duo ipsum et eirmod. Sed dolores consequat invidunt eos velit quis accusam veniam lorem consetetur sit rebum amet et volutpat tempor. Dolore sadipscing amet. Consequat feugiat vero suscipit feugait diam nonumy vel ut gubergren voluptua takimata et sit clita nibh. Commodo rebum aliquyam dolor dolor eirmod. Eum esse quis lorem. Nihil nonummy amet sadipscing amet feugiat eos. Zzril aliquyam et et erat rebum et eros facilisi sit et nulla. Diam diam erat et stet eirmod in diam diam. Ullamcorper vero et voluptua nobis magna rebum at vulputate nonumy sit ipsum duo sea feugiat duo dolore est. Diam est nulla dolore diam accusam amet dolores sed eirmod sea praesent ut tempor vero elit. Aliquyam sed sit iriure at sanctus augue ut ea erat.\n","publishDate":"2022-09-05T18:32:24.964756+00:00"},{"id":2,"title":"Book 2","description":"Et stet est esse sanctus eirmod sit. Labore feugiat labore ut ea invidunt ipsum nibh eos et consetetur eum iriure takimata aliquyam sed iusto gubergren eu. Dolores sanctus iriure sadipscing nulla erat euismod eum sit amet sed lorem vero ut at nulla sea. Aliquyam eum ut labore duis ea duo gubergren gubergren sed labore ipsum clita ea diam dolor. Erat sit tation exerci lobortis at aliquyam sed sanctus est amet aliquam consetetur zzril est labore takimata sed invidunt. Et nonummy magna vero. Clita eleifend gubergren vero eirmod rebum vulputate et in sit sanctus ea laoreet amet duo.\n","pageCount":200,"excerpt":"Facer consetetur hendrerit autem. Sit erat stet. Ut sed est erat dignissim liber stet accusam ut vero tempor ipsum. Sed velit ipsum aliquam eirmod commodo in labore ut justo. Diam invidunt tempor feugiat. Ipsum lorem magna clita rebum erat labore et te eros clita. Dolor voluptua sadipscing duo at lorem invidunt lorem justo sanctus no congue vero possim amet et stet dolore. Justo possim sadipscing ea odio sanctus tincidunt iusto erat. Dolore clita exerci erat amet eu sea voluptua at ipsum et labore at. Elitr amet ex eirmod sadipscing clita clita lorem invidunt diam amet laoreet elitr amet sanctus clita sit. Sea eu tempor dolores et et congue et sed iriure eirmod sed duis. Diam volutpat vero te accumsan vulputate erat illum vero amet voluptua sit clita et no eu. Sit dolor cum at magna accusam vero stet magna exerci odio dignissim sit. Amet duis consequat dolore nisl dolore amet eos dolore invidunt elitr sanctus sadipscing diam magna sea. Dolore consetetur sed eros consetetur dolor consetetur diam. Lorem clita eum erat eros ea facilisis erat dolore. Duis clita dolor clita quod diam dolore dolores labore at sed labore dolore vero dolore diam diam consetetur. Labore lorem accusam ea sea odio et augue ipsum at consetetur congue. No hendrerit nonumy enim facilisis dolore diam erat aliquyam augue dolore nam erat et aliquyam et dolor.\nAdipiscing at magna lobortis diam dolor dolor nostrud. Gubergren magna velit nonumy doming rebum at sed sed diam at. Dolore sit est amet kasd nulla est nam tempor clita voluptua sed facilisi dolores iusto. Justo eirmod dolores. In accusam amet et eos. Kasd et sed accumsan mazim consetetur. Consetetur duo magna voluptua accusam aliquyam. Sea ipsum ut ipsum sea consectetuer sit diam. Sit et sea justo in esse diam at nonumy facilisis justo et consequat delenit vel et kasd dolores. Praesent et dolor ipsum nulla quis kasd dolor dolor sit takimata no hendrerit ex aliquyam amet ut. At et est vero et tempor sadipscing euismod vero at takimata dolor erat wisi et lorem diam. Consetetur eos amet et amet amet erat aliquyam dolore diam labore ea ea ut amet volutpat ipsum sit elitr. Labore ea est et diam velit et stet et feugait sadipscing dolores.\nSit sed et qui elit est. Justo est eirmod facilisi at at erat ex nibh sed elit eum dolores at aliquyam justo dolores. Rebum cum sed sit. Consetetur volutpat sea dolor illum illum tempor dolores praesent ipsum duo luptatum gubergren dolores. Lorem amet euismod accusam accumsan nulla dolor possim accusam feugiat et veniam ex adipiscing. Clita dolore eos diam sadipscing at. Eum ipsum ea diam clita magna consetetur labore eum aliquip dolor facilisis ut qui vero accusam diam dolore justo. Accusam ut vel.\nDolor dolore amet dolor. Consequat eos sit justo ut vulputate sanctus esse qui. Amet vero eirmod esse quis vero rebum et. Kasd luptatum invidunt quod magna gubergren sadipscing et hendrerit invidunt dolor amet diam. Ea takimata sed et dolores labore ut ea est voluptua lorem consequat sed stet clita feugiat stet tempor et. Zzril voluptua veniam congue lorem. Kasd molestie rebum et. Augue duo tempor vero sed. Eu ipsum dolore sea duo kasd gubergren dolor delenit. Sit aliquyam sit et voluptua gubergren eos lorem eirmod veniam ipsum accusam sea. Ut amet lorem ea sed gubergren duis diam dolores. Dolore aliquyam vel. Adipiscing ea consequat dolore sea consectetuer kasd lorem justo gubergren. Et amet dolores et autem et aliquyam diam no eros dolor sanctus. Et eos lorem accusam sit sit sed tempor consectetuer sed. Eos rebum consequat stet consetetur gubergren. Dolore amet ut magna et at facer eirmod luptatum vel et consetetur ut no. Elitr invidunt diam dolore at no eos molestie dolor autem zzril amet consetetur illum minim dolores erat amet sanctus.\nVelit sadipscing sed aliquyam duis sea stet ullamcorper et eirmod quod nibh rebum et consequat. Dolore labore sed. Elitr takimata et accusam amet sit esse invidunt tempor tempor amet nulla amet duis dolore consetetur amet sed voluptua. Feugiat dolore facilisis doming takimata lorem elit nostrud ea magna justo elit et no justo sit gubergren justo. Esse eirmod diam justo illum voluptua. Nulla et aliquip nam invidunt. Vero sanctus option gubergren aliquyam ullamcorper amet sit illum voluptua accusam sanctus duo. Erat liber feugiat ut et magna ut nam nonummy dolor. Facilisi blandit aliquyam sanctus ea sea nulla clita sit nostrud ea no sea et eos justo no lorem clita. Rebum luptatum lorem ea voluptua duo ut vero eirmod diam vel vel commodo ipsum. Tempor amet diam et duo duis consetetur sit invidunt accusam kasd eos illum consetetur clita. Cum ipsum facilisis lorem diam justo sed. Dolor sanctus ipsum takimata.\n","publishDate":"2022-09-04T18:32:24.9648544+00:00"},{"... (set the log level to DEBUG or TRACE to see the full content) 
 </msg>
<msg timestamp="20220906 15:32:31.136" level="INFO">D:\Users\pac-c\AppData\Local\Programs\Python\Python310\lib\site-packages\urllib3\connectionpool.py:1045: InsecureRequestWarning: Unverified HTTPS request is being made to host 'fakerestapi.azurewebsites.net'. Adding certificate verification is strongly advised. See: https://urllib3.readthedocs.io/en/1.26.x/advanced-usage.html#ssl-warnings
  warnings.warn(</msg>
<msg timestamp="20220906 15:32:31.137" level="INFO">${RESPOSTA} = &lt;Response [200]&gt;</msg>
<status status="PASS" starttime="20220906 15:32:23.025" endtime="20220906 15:32:31.137"/>
</kw>
<kw name="Log" library="BuiltIn">
<arg>${RESPOSTA.text}</arg>
<doc>Logs the given message with the given level.</doc>
<msg timestamp="20220906 15:32:31.144" level="INFO">[{"id":1,"title":"Book 1","description":"Invidunt clita tempor sit ipsum sea diam dolor tincidunt invidunt justo sanctus elitr. Et kasd et sed labore amet accusam erat justo hendrerit. In vel nobis vero eos gubergren dolor in dolore kasd ea consetetur sit est sed dolor takimata ut elitr. Quis nonumy lorem takimata sed amet amet rebum feugiat sit eirmod elitr ut dolore te.\n","pageCount":100,"excerpt":"Ullamcorper dolor no et dolore nulla ipsum dolor dolores eleifend eos takimata consetetur aliquyam duis. Duo duo consequat sed consetetur sed clita ea nulla kasd dolore. Et sit dolore stet sit sed ut sit dolore dolor elitr option sanctus. Duis dolor et sanctus aliquam et kasd ut lorem accusam sed duis et sed vulputate.\nVeniam ipsum accusam delenit lorem. Diam lorem invidunt. Amet ad amet elitr et et et ad duo dolor. Takimata takimata et sanctus dolor est invidunt invidunt at placerat gubergren tation nonumy duis sit ut placerat. Lorem dolore luptatum et. Et ipsum lorem rebum consetetur vero sadipscing dolore iusto luptatum te est aliquyam lorem sea. Blandit tempor diam gubergren eirmod ea takimata gubergren. Ullamcorper invidunt lorem et dolor dolores et invidunt volutpat qui. Ipsum takimata no suscipit dolore. Et takimata rebum autem dolores no elit ut invidunt ea sit gubergren stet ipsum sit lobortis dolore iusto. Nostrud odio no amet.\nClita lorem est dolor imperdiet et quis tincidunt voluptua stet labore dolor et hendrerit facer. Nostrud sed magna vero diam aliquyam dolore. Sea ex stet dolore est. Sit elitr est consetetur lorem gubergren euismod accumsan exerci sit eu sit consetetur. Vel dolore sanctus. Justo kasd magna ipsum commodo ut at consequat et ipsum invidunt elitr dolor sit iusto. Amet sed sadipscing accusam dolores nulla et labore sit magna et. Invidunt ipsum gubergren dolor dolore et et consetetur amet elit. Lorem ipsum dolore diam elit eirmod zzril ipsum invidunt. Eos dignissim est aliquam sit ea esse. Sit eu consequat no. Aliquyam magna nonumy eos nibh sed. Eu voluptua nobis invidunt justo justo rebum nisl nostrud enim. Sed hendrerit dolore stet dolore aliquyam dolor diam lorem dolor eirmod dolore nonumy lorem consetetur eos facilisi sit. Et invidunt at labore gubergren ut ipsum tempor magna wisi dolor.\nDolore takimata takimata in dolor dolores consequat dolore diam dolor vero eirmod elitr. Dolor consectetuer feugiat amet takimata lobortis duo commodo invidunt lorem. Sit ea quis dolor et et dolor at eirmod sit magna sit at voluptua diam magna. Eirmod eirmod amet labore elitr et diam. Dolor aliquam sit nulla dolore. Tempor lorem stet vel et justo magna gubergren dolore et adipiscing tempor quod ea. Lorem et amet sed et quis erat dolor dolores iriure. Eirmod dolor ipsum veniam takimata iriure at ad dolor sadipscing lorem. Nonumy dolore consetetur erat takimata sed ipsum aliquam dolor consetetur. Elit option erat lorem sanctus elitr diam eirmod nisl nonumy voluptua magna illum feugiat. Et dolor kasd diam volutpat mazim lorem diam kasd sed dolore illum diam veniam rebum et dolor. In duis et sed no et diam lorem euismod blandit iusto clita. Gubergren ea est stet sit eros aliquam accumsan iriure. Eos dolores ut facilisi erat illum et possim. Erat lorem sed magna invidunt eirmod kasd te eirmod feugiat rebum amet lorem dolores ipsum eirmod.\nLorem stet consetetur imperdiet dolor dolor et sadipscing gubergren ipsum nostrud eu aliquyam et aliquyam. Amet consetetur justo molestie et at accumsan sit vel sadipscing magna gubergren. Aliquam cum lobortis stet amet sed laoreet voluptua dolor ipsum consetetur et. Diam facilisi dolor eros kasd sed accusam et labore no et nobis lorem vero diam sadipscing rebum. Et enim quis feugait ut no dolores. Ea et tempor. Erat vero duo at ipsum sit tempor est eleifend nonumy sit dolore vel doming molestie clita. Duo ipsum et eirmod. Sed dolores consequat invidunt eos velit quis accusam veniam lorem consetetur sit rebum amet et volutpat tempor. Dolore sadipscing amet. Consequat feugiat vero suscipit feugait diam nonumy vel ut gubergren voluptua takimata et sit clita nibh. Commodo rebum aliquyam dolor dolor eirmod. Eum esse quis lorem. Nihil nonummy amet sadipscing amet feugiat eos. Zzril aliquyam et et erat rebum et eros facilisi sit et nulla. Diam diam erat et stet eirmod in diam diam. Ullamcorper vero et voluptua nobis magna rebum at vulputate nonumy sit ipsum duo sea feugiat duo dolore est. Diam est nulla dolore diam accusam amet dolores sed eirmod sea praesent ut tempor vero elit. Aliquyam sed sit iriure at sanctus augue ut ea erat.\n","publishDate":"2022-09-05T18:32:24.964756+00:00"},{"id":2,"title":"Book 2","description":"Et stet est esse sanctus eirmod sit. Labore feugiat labore ut ea invidunt ipsum nibh eos et consetetur eum iriure takimata aliquyam sed iusto gubergren eu. Dolores sanctus iriure sadipscing nulla erat euismod eum sit amet sed lorem vero ut at nulla sea. Aliquyam eum ut labore duis ea duo gubergren gubergren sed labore ipsum clita ea diam dolor. Erat sit tation exerci lobortis at aliquyam sed sanctus est amet aliquam consetetur zzril est labore takimata sed invidunt. Et nonummy magna vero. Clita eleifend gubergren vero eirmod rebum vulputate et in sit sanctus ea laoreet amet duo.\n","pageCount":200,"excerpt":"Facer consetetur hendrerit autem. Sit erat stet. Ut sed est erat dignissim liber stet accusam ut vero tempor ipsum. Sed velit ipsum aliquam eirmod commodo in labore ut justo. Diam invidunt tempor feugiat. Ipsum lorem magna clita rebum erat labore et te eros clita. Dolor voluptua sadipscing duo at lorem invidunt lorem justo sanctus no congue vero possim amet et stet dolore. Justo possim sadipscing ea odio sanctus tincidunt iusto erat. Dolore clita exerci erat amet eu sea voluptua at ipsum et labore at. Elitr amet ex eirmod sadipscing clita clita lorem invidunt diam amet laoreet elitr amet sanctus clita sit. Sea eu tempor dolores et et congue et sed iriure eirmod sed duis. Diam volutpat vero te accumsan vulputate erat illum vero amet voluptua sit clita et no eu. Sit dolor cum at magna accusam vero stet magna exerci odio dignissim sit. Amet duis consequat dolore nisl dolore amet eos dolore invidunt elitr sanctus sadipscing diam magna sea. Dolore consetetur sed eros consetetur dolor consetetur diam. Lorem clita eum erat eros ea facilisis erat dolore. Duis clita dolor clita quod diam dolore dolores labore at sed labore dolore vero dolore diam diam consetetur. Labore lorem accusam ea sea odio et augue ipsum at consetetur congue. No hendrerit nonumy enim facilisis dolore diam erat aliquyam augue dolore nam erat et aliquyam et dolor.\nAdipiscing at magna lobortis diam dolor dolor nostrud. Gubergren magna velit nonumy doming rebum at sed sed diam at. Dolore sit est amet kasd nulla est nam tempor clita voluptua sed facilisi dolores iusto. Justo eirmod dolores. In accusam amet et eos. Kasd et sed accumsan mazim consetetur. Consetetur duo magna voluptua accusam aliquyam. Sea ipsum ut ipsum sea consectetuer sit diam. Sit et sea justo in esse diam at nonumy facilisis justo et consequat delenit vel et kasd dolores. Praesent et dolor ipsum nulla quis kasd dolor dolor sit takimata no hendrerit ex aliquyam amet ut. At et est vero et tempor sadipscing euismod vero at takimata dolor erat wisi et lorem diam. Consetetur eos amet et amet amet erat aliquyam dolore diam labore ea ea ut amet volutpat ipsum sit elitr. Labore ea est et diam velit et stet et feugait sadipscing dolores.\nSit sed et qui elit est. Justo est eirmod facilisi at at erat ex nibh sed elit eum dolores at aliquyam justo dolores. Rebum cum sed sit. Consetetur volutpat sea dolor illum illum tempor dolores praesent ipsum duo luptatum gubergren dolores. Lorem amet euismod accusam accumsan nulla dolor possim accusam feugiat et veniam ex adipiscing. Clita dolore eos diam sadipscing at. Eum ipsum ea diam clita magna consetetur labore eum aliquip dolor facilisis ut qui vero accusam diam dolore justo. Accusam ut vel.\nDolor dolore amet dolor. Consequat eos sit justo ut vulputate sanctus esse qui. Amet vero eirmod esse quis vero rebum et. Kasd luptatum invidunt quod magna gubergren sadipscing et hendrerit invidunt dolor amet diam. Ea takimata sed et dolores labore ut ea est voluptua lorem consequat sed stet clita feugiat stet tempor et. Zzril voluptua veniam congue lorem. Kasd molestie rebum et. Augue duo tempor vero sed. Eu ipsum dolore sea duo kasd gubergren dolor delenit. Sit aliquyam sit et voluptua gubergren eos lorem eirmod veniam ipsum accusam sea. Ut amet lorem ea sed gubergren duis diam dolores. Dolore aliquyam vel. Adipiscing ea consequat dolore sea consectetuer kasd lorem justo gubergren. Et amet dolores et autem et aliquyam diam no eros dolor sanctus. Et eos lorem accusam sit sit sed tempor consectetuer sed. Eos rebum consequat stet consetetur gubergren. Dolore amet ut magna et at facer eirmod luptatum vel et consetetur ut no. Elitr invidunt diam dolore at no eos molestie dolor autem zzril amet consetetur illum minim dolores erat amet sanctus.\nVelit sadipscing sed aliquyam duis sea stet ullamcorper et eirmod quod nibh rebum et consequat. Dolore labore sed. Elitr takimata et accusam amet sit esse invidunt tempor tempor amet nulla amet duis dolore consetetur amet sed voluptua. Feugiat dolore facilisis doming takimata lorem elit nostrud ea magna justo elit et no justo sit gubergren justo. Esse eirmod diam justo illum voluptua. Nulla et aliquip nam invidunt. Vero sanctus option gubergren aliquyam ullamcorper amet sit illum voluptua accusam sanctus duo. Erat liber feugiat ut et magna ut nam nonummy dolor. Facilisi blandit aliquyam sanctus ea sea nulla clita sit nostrud ea no sea et eos justo no lorem clita. Rebum luptatum lorem ea voluptua duo ut vero eirmod diam vel vel commodo ipsum. Tempor amet diam et duo duis consetetur sit invidunt accusam kasd eos illum consetetur clita. Cum ipsum facilisis lorem diam justo sed. Dolor sanctus ipsum takimata.\n","publishDate":"2022-09-04T18:32:24.9648544+00:00"},{"id":3,"title":"Book 3","description":"Diam nonumy kasd stet. Vero qui labore eum dolor ipsum molestie stet diam ipsum doming invidunt. Diam ipsum et sed vel ipsum gubergren qui ipsum no. Feugiat nostrud eirmod diam clita amet ex clita laoreet diam eirmod kasd vel no ut veniam tincidunt nonumy.\n","pageCount":300,"excerpt":"Aliquam stet placerat ipsum eros sed ea id augue. Eu lorem id te clita ipsum. Sea duo voluptua autem dolore consectetuer dolor accusam tempor eos et amet ut hendrerit erat takimata. Iusto consetetur dolores lobortis consequat est invidunt sanctus et nulla iriure. Esse at dolor luptatum vel et. Et justo invidunt velit diam no et diam.\nAliquyam tempor dolor sit justo eos. Dolores quod at sit et sed labore nonumy euismod laoreet. Ut aliquam labore et consetetur sed tempor lobortis. Tempor imperdiet option sed diam ut sit lorem. Sea in et sit sed amet nonumy sed. Amet sed magna lorem rebum tempor. Lorem et vero voluptua.\nAt erat est dolore esse consetetur ipsum et elitr. Magna justo eu et eirmod sanctus sed commodo. Ipsum ea sadipscing nulla et aliquip sed consetetur at placerat lorem ipsum diam consetetur stet magna tempor. Sit exerci amet dolore sanctus tempor ea nonumy feugiat et laoreet. Ipsum sea gubergren sit elitr et et duis. Sit sed lorem justo consequat tempor sea tempor ut tempor dolor duo sed at diam. In ullamcorper nonumy lorem sed nonumy option dolor kasd in clita consetetur feugiat magna dolor ipsum.\nSit dignissim amet justo sed amet est cum iriure nihil vel wisi takimata rebum justo. Consequat tincidunt sed aliquam sed. Quis nonummy clita lorem at dolores eirmod molestie nam velit erat eleifend. Eirmod justo vulputate et nonumy gubergren iriure et. Odio amet ipsum dolore sed et et dolor ipsum dolor ipsum exerci kasd tempor kasd eos at tempor nulla. Diam magna vel tincidunt consectetuer zzril nam. No exerci no dignissim sed tation accusam et dolore elitr eros duo dolores et et sed nisl. Tempor invidunt diam elitr rebum eos vero dolore stet et sed stet magna nostrud eirmod facilisi eos dolor kasd. Volutpat iusto luptatum vel eirmod et amet clita ipsum vero dolor exerci et consectetuer. Volutpat tempor sit amet dolore elitr no autem magna nisl invidunt clita. Aliquip gubergren duo et adipiscing sed ipsum ipsum aliquyam nobis lorem eos eum ea sea eirmod. Et diam rebum ipsum eum. Magna illum voluptua justo sed diam ut tempor ipsum et. Sadipscing tincidunt takimata ipsum vero aliquyam accusam praesent et cum consequat dolor magna sed est takimata duo. Eirmod et lorem sea et.\nFeugait sanctus sanctus. Ipsum facilisis est sed vulputate et et dolore euismod sit. Sadipscing et magna dolor soluta ipsum et elitr ut lorem duo ut sit molestie clita invidunt lorem lorem. Et at ea diam stet diam placerat dignissim tempor diam diam et dolore sanctus nonumy vero clita. Odio justo nonumy nonumy consequat et eos. Dolor diam vero facilisis. Clita duis volutpat vel ut eum aliquyam dolor.\n","publishDate":"2022-09-03T18:32:24.9665988+00:00"},{"id":4,"title":"Book 4","description":"Labore labore ipsum nulla duis kasd erat amet dolore et sadipscing ex sit et gubergren ullamcorper vel amet nonummy. Sit rebum dolor soluta consetetur delenit sea gubergren tempor at nobis eos gubergren takimata sanctus nonumy magna sed. Mazim consequat sit elitr consetetur sanctus facilisis doming id erat consetetur dolor erat consetetur. Kasd sit hendrerit erat dignissim dolore et et sea ex minim aliquam diam sadipscing dolores accusam rebum ipsum. Labore rebum est et sit et amet justo eu takimata elitr te erat congue amet et velit duo stet. Rebum eos nulla tempor takimata imperdiet hendrerit possim soluta. Aliquip dolore dolore at gubergren ut sanctus. Est sadipscing eirmod stet nam feugiat ea sadipscing consetetur accusam facilisis diam amet consequat. Duis feugait nulla et duo ea tempor amet sadipscing esse est est kasd. Clita nonumy tation tincidunt tempor ad aliquip eleifend. Et lorem et magna soluta et voluptua et kasd feugiat. Dolor dolores nulla sit aliquam dolores dolores euismod consetetur. Luptatum laoreet diam et et dolore ipsum sea erat sed eum lorem no. Labore et illum ipsum at duo. Stet at magna gubergren autem iriure at sit ut doming. Tation lorem amet. Nisl magna et eirmod et duis dolore exerci justo justo tempor amet duo diam.\n","pageCount":400,"excerpt":"Ea voluptua dolore labore ex takimata eos odio takimata sanctus. Sed nibh justo te lorem facilisis nostrud diam dolor labore laoreet feugiat duo magna. Kasd sed justo mazim takimata iriure ipsum rebum. Nulla sanctus clita sadipscing sit sea duis clita eu nonumy lorem sed amet vero et et nibh eleifend delenit. Takimata et rebum takimata rebum facilisis luptatum ipsum praesent suscipit lorem. Ad no aliquyam volutpat dolores ad lorem consetetur dolor sed ipsum consequat kasd et sanctus autem feugiat et. Elitr assum consectetuer vel rebum elitr ipsum erat ad sadipscing stet sit vero facer facilisis. Invidunt eum est eirmod gubergren sit et dolor aliquyam dolores esse nulla sed velit dolor accusam ea. Takimata liber labore vero et at dolor esse dolore amet aliquyam et vero sanctus eu. Tempor dolor at et nonumy in dolore.\nNulla sanctus at tempor magna sed et delenit qui dolore no stet sit. Aliquyam sed sed dolor justo. Nihil consetetur diam et et commodo amet. Et amet et. Ad wisi invidunt duo labore. Ipsum doming rebum justo aliquyam elitr eos delenit odio sanctus consetetur. Lorem takimata duis te diam est sit sadipscing accusam luptatum sed et ex duo dolores est rebum. Kasd vel dolor velit ea placerat at feugiat est. Tincidunt esse in consetetur sit sea amet elitr eos et takimata delenit est feugiat elit invidunt. Praesent molestie et vero justo duo eirmod sed et accusam consetetur. Sea magna duo sit voluptua amet lobortis eos sit et sadipscing. Et lorem elitr eros dolor takimata consetetur sadipscing aliquyam tempor clita diam ea dolor feugait dolores.\nEx aliquip tempor justo ea diam exerci vel delenit sed. Stet no sanctus erat lorem et justo voluptua sit eos nostrud sed dolores clita et justo nonummy eu clita. Eirmod dolor facilisis tation velit eos diam ut sit tempor. Sea ea et dolores dolore accumsan nulla et aliquyam. Diam consetetur tempor consetetur facilisis voluptua sanctus sadipscing et. Amet blandit qui. Sed facilisis iriure hendrerit magna sed ut id. Elit et dolor dolor sit consetetur rebum dolor et et et ipsum at voluptua volutpat erat vel. Sed aliquyam voluptua autem quod magna nonummy ut dolore amet sed dolor dolor dignissim.\nAssum amet aliquyam at nibh dolore laoreet labore vel labore autem sadipscing est et sit no dolore facilisis sadipscing. Tempor sit magna et iriure accumsan clita aliquam sanctus dolore dolore ut wisi sed eirmod odio duo. Molestie sadipscing dolor nonumy dolor suscipit vel ut. At praesent dolore invidunt vero diam amet sit molestie diam rebum commodo sanctus nonumy takimata sea. Ipsum consectetuer et ea amet ullamcorper elitr voluptua voluptua wisi vel elit lorem. Nobis sea at dolore sit vero amet id takimata dolor consetetur invidunt ea ipsum takimata consectetuer ipsum adipiscing kasd. Nam amet sadipscing justo sit sea diam. Dolor sadipscing est illum ipsum sed feugiat sed zzril nisl diam vulputate. Nonummy at dolor et ipsum sed nonumy et duis magna. Esse clita nulla.\nUllamcorper aliquam sadipscing. Ipsum dolor magna sit. Et sed at augue et magna et eum labore aliquyam at sit. Eu autem dolor hendrerit cum amet sadipscing nulla invidunt autem erat stet. Labore sit cum diam aliquyam sadipscing sit eirmod voluptua lorem dolore elitr dolor illum aliquip rebum. Ipsum sed stet diam est stet. Rebum consetetur justo ipsum velit dolor voluptua kasd duo accumsan magna magna diam amet amet dolore sanctus. Est autem et dolore vero dolore takimata rebum no justo nonumy amet. Erat dolore et voluptua ea eos voluptua et no kasd hendrerit eos est eirmod accumsan eos dolore.\n","publishDate":"2022-09-02T18:32:24.9666834+00:00"},{"id":5,"title":"Book 5","description":"Sed facilisis sit duo kasd. Et sadipscing sit consetetur nonummy sea eirmod. Et duo ipsum velit justo duis no erat erat ea elit ea sea aliquip elitr eu sed takimata accusam. Gubergren quod sed ea sea eum lorem duis aliquyam nonumy magna ipsum dolor sanctus blandit. Nulla invidunt rebum ipsum amet sea labore justo justo nibh diam labore sit ipsum ipsum ipsum. Sea sea voluptua invidunt et at consetetur labore feugiat amet aliquyam molestie sit dolore ut sit et. Est consetetur eos ad dolore no gubergren amet luptatum et rebum augue eleifend ut eum. Sadipscing dolor sed amet consetetur dolore in vel at. Sit lorem vero illum at consequat erat at rebum no ea rebum voluptua blandit magna labore vero. Aliquam nulla blandit wisi tempor no nonumy tempor gubergren voluptua erat nulla est nulla. Lorem rebum velit facilisi ut sed amet labore et placerat ipsum ipsum erat accusam vero zzril.\n","pageCount":500,"excerpt":"Gubergren clita te nonummy amet volutpat sadipscing mazim aliquyam eos molestie amet ut ipsum tincidunt elitr lorem esse. Zzril eum lorem et sit sadipscing diam labore vero gubergren autem invidunt. Sanctus no iriure iriure facilisis stet amet sed augue te invidunt. Magna facilisis invidunt amet stet nisl invidunt nisl ut elitr in takimata sadipscing nulla sit ea consequat amet consectetuer. Tempor sadipscing nonumy et sea sed eum sed dolor ut. Dolore dolores elitr eleifend dolore diam labore zzril et magna aliquip tempor dolore luptatum aliquam dolores ea. Sit takimata ipsum erat rebum suscipit eirmod facer et. Labore kasd amet eleifend diam et vero diam. Ea dolor amet amet dolor kasd. Ut sanctus eos delenit lobortis kasd eum at aliquam clita et lorem tempor sit stet sed dolore. Zzril clita tempor amet dolor kasd eirmod autem et consectetuer autem. Euismod clita dolores accusam velit magna dolores kasd eos eos ipsum sit dolore eum. Eos ipsum justo consequat consetetur eu accumsan justo et takimata labore no clita. Odio amet sit labore stet invidunt gubergren invidunt commodo. Dolore et iusto ipsum mazim rebum amet justo. Sed ea nibh minim ea sit diam et sadipscing ut dolor. Est est lorem esse sed justo. Justo et at tempor et facilisi laoreet qui takimata nonumy amet dignissim diam. Takimata labore quis diam ipsum aliquyam dolore ea et et sit eirmod eos voluptua aliquip justo duo delenit.\nSit no volutpat sed sadipscing vero kasd eleifend accusam sit dolores lorem sea magna dolor. Sadipscing no option nonumy duo blandit vulputate voluptua ut et et duis rebum aliquam dolore aliquyam at et. Ea eirmod eirmod dolores eos sit sit lorem nulla dolore odio aliquyam labore veniam sit sed feugiat et. Sit amet lorem vel sadipscing.\nZzril vel et vero consequat tincidunt eirmod nulla minim accusam facilisis hendrerit voluptua et duo lorem dolor. Dolore volutpat illum et lorem dolor sadipscing ea justo justo elit sit. Sanctus accumsan eos tempor ea. Et dolore ipsum sadipscing. Ipsum facilisis veniam invidunt nonumy lobortis et dolor sed. Consetetur euismod euismod ad tempor duo magna invidunt tempor duo vero lorem dolore ut duo sed dolore invidunt accusam. Amet dolores clita diam labore ut dolore sed voluptua consequat clita molestie sanctus et amet amet takimata accusam. Rebum dolor et veniam vero illum quis eum sed duo. Et luptatum in sadipscing facilisi diam rebum sit dolore dolor invidunt feugait gubergren accusam enim voluptua ipsum stet. Duo et sadipscing nisl tation clita et eos tempor diam nonumy nonumy eros eos ea. Dolor sadipscing clita stet praesent invidunt sed facilisi sed at kasd justo diam facilisi. Lorem blandit clita lorem diam aliquyam no tempor dolore ut dignissim. Nonumy consetetur eum at invidunt sit in erat sanctus dolore amet doming et ea et facilisis. Wisi veniam dolor no in nonumy aliquyam. Et et eirmod iriure sanctus magna est. Te clita consequat.\nEt diam eum at ut rebum erat dolore dolores takimata tincidunt lorem diam magna clita dolore amet. Nonumy at rebum elit est eu labore sanctus est quis. Sanctus dolor eos erat dolor diam vero est ipsum mazim. Accusam clita et molestie. Ea commodo erat sadipscing nibh rebum amet sadipscing no. Iriure justo duo diam stet ut est molestie eu sanctus et invidunt dolore est liber. Sed elitr clita magna et accumsan et diam ipsum takimata. Lorem duo mazim facilisis. Accusam eos feugiat ut iusto no iriure ut et. Kasd sed labore nonumy feugiat ad tempor ipsum. Dolor aliquyam facilisi ut et ipsum clita vulputate est est qui duo. Aliquyam sanctus et sed. Amet no justo dolore consetetur tempor dolor magna sadipscing sanctus eum diam elitr.\nEirmod vero illum consectetuer assum feugait et. Dolor diam stet ea et vero dolor quis no accusam et tempor nonumy invidunt accusam. Lorem sed ullamcorper est takimata kasd nostrud. Ipsum lorem duis takimata est ut nonumy dolore erat elit duo at delenit. Et sanctus sit gubergren erat nonumy clita sed ut dolor dolor dolor diam commodo amet dolores. Invidunt sit dolore sed. Dolore diam elitr clita consectetuer invidunt no ut. Stet eos rebum. Qui no sit ipsum eirmod clita hendrerit consequat sed est sea eos gubergren magna amet clita magna sit. Kasd eirmod amet facilisi justo amet et amet. Elitr labore eirmod at nulla aliquyam dolore. Diam et takimata et tempor sea.\n","publishDate":"2022-09-01T18:32:24.9667734+00:00"},{"id":6,"title":"Book 6","description":"Labore nonumy et elitr consectetuer vero tempor duo vero lorem duo vulputate ut sed volutpat elit dolores et lobortis. Et consequat sadipscing erat adipiscing vulputate accusam dolore nisl duis. Et vero nisl ea dolore et odio nonumy amet erat accusam qui.\n","pageCount":600,"excerpt":"At sed stet magna voluptua lorem sed duo stet duo. Nulla sadipscing facilisi amet est accumsan sit nostrud ipsum veniam magna facilisis vero. Kasd ad enim elitr dolor amet stet sit ut et sit sea sit iriure takimata hendrerit sea consetetur.\nMagna diam aliquyam consetetur. Lorem at takimata eum sit adipiscing nostrud ipsum eirmod molestie gubergren ea at. Vero ullamcorper stet sed illum ipsum dolor accumsan labore et liber cum accusam at euismod erat amet. Tincidunt dolor doming et sanctus velit dolores gubergren dolor. Clita et ut vero dolore enim minim kasd consequat invidunt sit amet. Dolores suscipit tempor sed ut kasd molestie accumsan gubergren amet eros nostrud sed. Ipsum eleifend accumsan euismod sadipscing zzril mazim vero est. Consetetur odio sit sed dolor quis commodo vulputate aliquyam qui feugiat aliquyam justo congue duo.\nDelenit dolor erat est tempor lorem. Minim gubergren diam diam invidunt nihil est vero tempor lorem magna amet dolor sadipscing dolor erat accusam ut erat. Sanctus sanctus eum kasd et consetetur dolores sadipscing vero te ut et praesent. Et sed eu justo commodo dolore nulla est tation. Sit et sea. Elitr ipsum takimata ut vero dolor diam nam rebum praesent. In eum clita ea no sit. Dolor tempor diam amet ut ut vulputate erat autem. No voluptua consetetur amet ea sit dignissim possim dolor lorem aliquip et hendrerit nonumy tempor magna ipsum eos. Blandit et et molestie te id accusam stet no duo vero at diam sit voluptua et labore et et. Aliquam gubergren no sea dolor diam vero amet lorem sanctus est. Dolore amet amet duis commodo eos labore et ipsum lorem kasd et sit vero. At et ipsum sanctus no sed lorem dolor. Quis feugait clita liber et diam ea tempor rebum accusam sadipscing nobis dolor ipsum. Ea esse veniam amet et ipsum.\nConsetetur molestie ipsum sed sit amet amet. Dolor feugait molestie et est tempor nihil accusam accusam labore at ut sed magna eos vero molestie. Diam lorem adipiscing est ea sed sed stet sadipscing et est duis justo consequat duo sed. Takimata consequat wisi eos sed voluptua. Facilisi velit vero dolor assum dolor kasd tincidunt nostrud et.\nFacilisis dolor facilisis sadipscing sed sed amet. Amet aliquam ea takimata sadipscing dolor sanctus lorem gubergren eos ipsum augue. Eirmod congue vel lorem nibh sadipscing erat dolor amet takimata lorem hendrerit facilisi duo at dolor diam ut. Dolores dolore consetetur et magna ipsum tempor et takimata stet ea tempor praesent dolor ad in. Dolore nonumy erat dolores et sed sit ipsum et veniam dolor.\n","publishDate":"2022-08-31T18:32:24.9668218+00:00"},{"id":7,"title":"Book 7","description":"Ipsum clita praesent accusam ea amet dolor diam diam dolores takimata dolores. Minim sit accusam ea nulla voluptua eros. Magna sit elitr vel sit invidunt consetetur vulputate qui accusam accusam dolor quis kasd erat justo. Et est clita eirmod est et tincidunt.\n","pageCount":700,"excerpt":"Dolores lorem nibh et ut nostrud ipsum et odio ut voluptua vero rebum takimata. Eirmod sed sit lorem sit amet liber sanctus ipsum. Aliquyam ipsum rebum sed no erat consectetuer ea. Et consetetur ea duo tempor clita amet dolore eos euismod clita nam dolor dolor sit amet consequat takimata accusam. Dolore eu dolore vero adipiscing nonumy et labore at. Sanctus dolore in eirmod nonumy elitr vero eos no placerat facilisis eu et nostrud. Rebum sed hendrerit molestie sea at dolor zzril. Diam feugait consequat suscipit wisi praesent. Et suscipit elitr ut molestie erat rebum sed ipsum sed kasd dolores nihil accusam illum dolor lorem rebum. Diam clita ut duo est esse gubergren at clita. In amet et quis ea nisl diam sed. Tempor ea ipsum dolores duis magna amet laoreet duo feugiat diam sit luptatum gubergren lorem diam aliquyam. Sit odio eirmod exerci lorem molestie kasd stet voluptua nonumy dolore ipsum consectetuer tation et. Diam dolores stet erat invidunt invidunt.\nElitr clita labore. At invidunt invidunt et blandit dolore sea lorem dolor consetetur ea iriure vulputate erat. Autem dolor et amet dolor sed. Dolore vel nulla magna. Dolores ipsum at dignissim quis ea elitr eirmod invidunt autem tempor commodo nisl. Amet feugait commodo et diam esse labore magna amet et et dolores magna sed justo at nonummy exerci.\nVulputate suscipit diam suscipit est elitr. Dolore justo augue sea in gubergren. Ut magna amet diam sed autem dolor volutpat odio. Ea consetetur et zzril duo ad nonumy sadipscing amet aliquam nulla magna eu elitr rebum consetetur vero illum clita. Nonumy duis takimata exerci et et diam consequat magna. Quis et et duo gubergren clita velit amet minim vero iriure duo sed molestie. Elitr commodo sea clita aliquyam eos ipsum exerci eirmod et lorem tempor dolore voluptua sit ut iusto. Et gubergren tation eos stet et ipsum ipsum at duo iusto sed in. Ipsum ex magna elitr commodo dolor ipsum veniam diam dolore. Duis consetetur at consetetur. Qui sit justo. Vero at aliquam. Consectetuer tincidunt no voluptua ipsum praesent dolor ipsum delenit ut dolores erat amet aliquam accusam labore consectetuer et dolore. Tempor rebum exerci sanctus gubergren sit dolores accusam est ad vel euismod sed lorem facilisi sed amet delenit duis. Tincidunt dolor invidunt invidunt sea elit erat dolor aliquyam ut takimata. Amet iriure hendrerit erat et zzril lorem sit labore magna dolore ut lobortis. Amet feugait aliquyam dolor diam et kasd vero dolores at sed et lorem kasd eos. In clita nonumy amet nonummy duo eum accusam clita ipsum lorem luptatum.\nNisl sit dolor feugiat et lorem dolores. Sit ipsum no in sanctus dolores nulla duis amet eirmod eos rebum sed et erat. Delenit et clita gubergren ad at sanctus clita dolor ut eirmod sed voluptua. Diam est nisl in eos ipsum diam sed nonumy sit sit. Dolor clita consetetur ad ullamcorper diam accusam est sit invidunt et. Molestie accusam erat sit sadipscing in consequat zzril ipsum et kasd dolor et illum ipsum diam aliquip vero sadipscing. Eu lorem eos amet justo soluta amet eum diam. Eos hendrerit quis duis dolor ipsum sanctus sadipscing magna gubergren lorem nulla magna aliquyam qui iriure et molestie ut. Dolore gubergren eros. Sadipscing in magna. Sed sed dolor amet gubergren wisi dolores wisi vero labore magna wisi. Exerci quod voluptua sit duo duo in amet doming justo sit eos amet erat duis et magna lorem. Et aliquyam et nonumy at ipsum eirmod molestie diam amet ut et est. Eos rebum invidunt consectetuer nonumy tincidunt stet in sed.\nAmet duis et dolor lorem ex praesent feugiat erat vel et. Cum labore dolor commodo blandit dolor consetetur gubergren invidunt placerat amet et lobortis. Lorem molestie nihil clita soluta rebum duis volutpat nulla dolore justo velit elitr magna. Ea sanctus at takimata vulputate ad esse accusam voluptua. Sed magna diam suscipit laoreet duis at minim veniam aliquyam. Duo sanctus sit sit in tempor nisl amet voluptua amet eirmod erat accumsan dolor invidunt vero magna. Nibh stet rebum laoreet nonummy. Et sea stet sadipscing vero id vero lorem voluptua nisl molestie amet aliquyam eirmod dolor nulla magna. Lorem dolore ipsum dolor sit ipsum diam eirmod illum autem dolore at et veniam sed labore. Sit vero sea facilisis duis et nonumy ipsum diam dolores ea. Diam et lorem dolore. Aliquam sed sea ea euismod. Diam invidunt rebum consetetur ut. Et et et amet dolore dolor nam dolor facilisis labore kasd.\n","publishDate":"2022-08-30T18:32:24.966905+00:00"},{"id":8,"title":"Book 8","description":"Clita ea duo consetetur tempor vel. Quod sea sed erat voluptua diam consetetur. Accusam possim ipsum dolore sed nobis sanctus ipsum ipsum ipsum consetetur dignissim veniam sed rebum in magna. Zzril ad feugait et elitr nonummy nihil. Voluptua et sed duo et in. Elitr dolor vero minim sed. Et est tempor ipsum sit. Diam sed ea rebum laoreet dolor dolore quod aliquyam iusto. Vel no ipsum hendrerit et vel ipsum erat sed invidunt labore. No nonumy et ipsum tempor et no et justo sit duo magna nibh facilisis sea et diam tempor. Sanctus et lorem doming lobortis hendrerit et et lorem dolores vero dolor sea sadipscing eirmod suscipit. Zzril diam consetetur kasd in labore erat et sed et et amet voluptua sed ipsum. Justo sed eirmod sanctus stet. Sed magna takimata lorem est erat augue facilisis sed eirmod at ut feugait nulla in eos sit. Eum dolor luptatum et et nulla vero nonumy accusam kasd.\n","pageCount":800,"excerpt":"Nonumy ex consetetur eleifend no possim eirmod dolor erat sit eirmod dolore tincidunt dolore accusam. Eirmod stet ipsum amet stet facilisis elit blandit soluta justo facer clita sit et takimata ipsum invidunt. Option hendrerit vulputate gubergren ea nonumy ex ipsum vulputate sadipscing placerat tempor invidunt est accumsan esse qui. Stet consetetur ut kasd justo amet ipsum nonumy ipsum elitr diam dolore. Invidunt takimata consetetur dolor dolor invidunt. Autem no kasd rebum nonumy eirmod sed et blandit invidunt accusam gubergren sit. Eos aliquyam consetetur hendrerit. Rebum clita at diam kasd no voluptua ut. Aliquyam at takimata duis amet sed erat nisl et facer accusam. Et nobis diam stet est rebum ipsum. Sit voluptua et laoreet. Accusam duo eirmod ex lorem tempor eu lorem possim velit. Gubergren vero gubergren vulputate sit diam. Aliquam duo takimata.\nLorem kasd ut rebum nonumy qui consetetur lorem dolor blandit eirmod sed. Sed amet labore ut tation. At ea feugiat lorem aliquyam cum amet amet takimata aliquyam minim at consequat at nonumy dolor et sanctus sed. Accusam et diam lorem sea tempor. Duis gubergren in stet amet gubergren dolore dolor. Eos sea sed gubergren sadipscing velit diam nulla dolore sea vero diam dolores facilisi. Sanctus amet zzril lorem dolores dolor vel eros dolor tempor. Consequat in sit at illum dolore sed id facilisis duo accusam no rebum ea elitr vero dolores. Stet rebum dolore. Sit takimata sanctus sit diam ut kasd no feugiat dolor eos. Lorem lorem elitr accusam aliquyam ut. Sed sed accumsan ipsum. Amet nulla vero sed et vero aliquyam placerat ipsum et. Gubergren justo dolores sanctus est eu est est vero at. Clita consetetur ea dolore et takimata duo no quod accusam tempor et et eirmod elit commodo sadipscing et. Amet duo lorem et et accusam ad dolore exerci no facilisi ipsum erat sadipscing dolore aliquyam et ad. Placerat lorem vero eirmod dolore invidunt voluptua.\nTempor at aliquyam clita esse ut diam wisi facilisi dolor eleifend sea dolore nibh gubergren consequat sit eirmod sea. Imperdiet sea labore nonumy et ipsum amet tempor sed ea diam voluptua feugait exerci ea eu sed rebum duo. Dolor amet lobortis feugiat stet magna et ea. Vero nonumy rebum ipsum facilisis nulla erat tation elitr sanctus tempor clita eu nonumy eum clita et. Dolores kasd sit tempor suscipit lorem ipsum delenit duis. Sanctus voluptua vero vel magna aliquyam voluptua takimata voluptua nihil ea. Invidunt et invidunt at minim sadipscing dignissim gubergren ea minim sea dolore elit lorem sit justo ipsum sadipscing sit. Magna te et commodo.\nConsequat ut dolores labore invidunt diam sit invidunt. Vero sit et et sadipscing consetetur ipsum lorem at sit elitr autem sadipscing rebum invidunt sanctus dolore dolore labore. Gubergren ipsum lorem consetetur sed diam invidunt consetetur magna iriure erat et nihil diam duis blandit eos aliquyam. Invidunt stet vero eum. Justo sed takimata diam magna sea. Accumsan sit tempor illum. Wisi velit eu et hendrerit iriure eos stet assum no ut amet dolores tempor labore. Labore eos aliquip invidunt at assum possim amet. Stet rebum dolor sed facilisi et. Clita at ipsum tempor facilisi et consetetur accusam dolor sit amet. Facilisi sea sanctus sed diam sed no et amet option aliquyam diam. Consectetuer stet facilisis eu. Dolore magna elitr facilisi tempor eros amet ipsum.\nLorem elit labore nonumy sed at diam facilisis et invidunt. Option dolore dolor clita stet consetetur voluptua lobortis no at lorem veniam sit erat. Et lorem est erat quis aliquyam accusam iriure ea luptatum wisi sed enim et sanctus.\n","publishDate":"2022-08-29T18:32:24.9669846+00:00"},{"id":9,"title":"Book 9","description":"Sadipscing takimata et illum amet facilisis vero et vero dolore kasd nonumy esse eos praesent kasd ea. Diam no kasd placerat kasd consetetur velit magna. Gubergren ipsum nulla sit lorem facilisi sed dolor consetetur takimata sed tempor eirmod. Ea velit eos diam in diam diam rebum magna ex invidunt clita sadipscing kasd amet sed duis. Rebum ut sed aliquyam zzril nonumy sea ea consequat est iusto ipsum nisl erat eirmod. Rebum sit sadipscing zzril amet lorem sit ut eos eos luptatum elitr eirmod ipsum option ipsum. Ipsum aliquyam lorem aliquyam invidunt at amet consequat voluptua autem et elitr diam amet vulputate eos.\n","pageCount":900,"excerpt":"Sit ipsum sit. Sadipscing labore takimata eos takimata vero eleifend et congue vero justo sea. Lorem ut et amet voluptua sed erat aliquip diam sit kasd sit lobortis at dolor. Dolor stet sanctus dolore diam et lorem dolore stet dolor gubergren et consetetur sit et voluptua et consetetur. Eirmod elitr dolor at ipsum duo et justo eirmod sit diam. Lorem lorem ea eum dolore rebum dolor stet eu dolore diam dolore hendrerit dolores no dolore diam. Est diam facilisis molestie rebum no amet eirmod ipsum magna kasd amet consequat invidunt invidunt labore sanctus et erat. Nisl sadipscing eum ex magna takimata dolor et sit ut elitr diam. Voluptua in sit. Sed blandit nonumy imperdiet aliquam kasd rebum dolor hendrerit lorem lorem sit nostrud. Esse consectetuer adipiscing vero amet nobis ipsum ipsum. Voluptua no ut duo et et iusto euismod nonumy labore facilisis. Diam eos diam et et erat ipsum labore nibh nihil. Hendrerit sit nisl laoreet no. Sit duo elitr no aliquyam stet gubergren. Sadipscing iriure feugiat accusam vero id augue iriure clita et et eos sed diam laoreet dolores magna aliquyam sed.\nEos vulputate aliquyam nulla. Vel lorem odio duo takimata no. Et diam liber molestie dolor ea lorem kasd sit. Labore et dolor stet amet amet at lorem lorem invidunt voluptua nonumy accusam est ut dolore justo clita stet. Kasd stet ea sed vero et dolores luptatum stet dolor at aliquyam magna eirmod ipsum stet invidunt. Eirmod est eum dolor sed vero blandit diam qui nobis magna dolore. Sed eos eirmod voluptua ipsum sit rebum eirmod sea sed. Ea dolor amet minim elitr dolore qui accusam accumsan laoreet clita no elit dolor dolore. Eum vel lorem ut. Eos stet et dolor sadipscing luptatum delenit. Nulla ut at voluptua eirmod et nonumy autem eirmod tempor dolor magna tation sit sea erat eos tempor eum. Consetetur justo takimata ipsum minim exerci stet diam kasd dolore ea dolores et sed dolore dolor. Dolore sadipscing dolor eu sanctus est consetetur ipsum ipsum no eos lorem lorem eum.\nElit dolor eirmod ipsum labore feugiat erat lorem duis stet aliquyam diam ut kasd et duo facilisi takimata. Sit dolores tempor dolore dolore dolore et gubergren. Nonumy invidunt facilisi ut ipsum stet no nibh sadipscing tempor labore invidunt dolor. Ipsum sed et. Dolor elitr eros est magna dolor lorem dolore. Voluptua et tincidunt et diam laoreet commodo rebum congue augue dolore sed lobortis consequat diam vero.\nCum eirmod diam odio diam kasd diam. Sit aliquam ut. Te lobortis ea. Dolore iusto in est consetetur eu. Voluptua ea sanctus ut nonummy facilisis. Invidunt feugiat clita ut ut dolore sadipscing nonumy erat elitr.\nMolestie at nulla feugait eirmod doming diam sit et duo dignissim rebum facilisis accusam diam amet accusam augue. Ipsum et aliquyam dolor diam doming dolore clita lorem ut consetetur sadipscing aliquyam dolor ut kasd. Eu feugait diam. Nisl autem labore justo clita commodo sed dolor liber vulputate dolores. Kasd magna et placerat vero kasd ea invidunt sed eos stet consetetur at nostrud nulla sadipscing kasd dolores. Vero nulla accumsan rebum odio amet et et dolor takimata eos ut kasd kasd diam. Nostrud stet diam lorem justo nibh diam dolore aliquyam ipsum nonumy at dolore dolores consectetuer dolor. Et diam nibh stet consetetur invidunt imperdiet sed invidunt dolores erat tempor et. Dolores magna invidunt duo minim takimata sit nonumy et lorem veniam. Duo sanctus eos. Aliquyam takimata et sed duis stet.\n","publishDate":"2022-08-28T18:32:24.9670543+00:00"},{"id":10,"title":"Book 10","description":"Ipsum diam hendrerit no. Vero sed consetetur est. Et magna magna lorem. Erat eirmod kasd sea vero gubergren gubergren dolores facer amet ea esse et dolores consequat takimata zzril clita diam. Esse et elitr accusam aliquyam consetetur ut erat sit. Elitr mazim no invidunt. Nonumy dolore no stet eirmod sadipscing gubergren invidunt sea ipsum nonumy. Eum et amet euismod invidunt lorem duo sit rebum facilisis lorem amet sanctus sanctus. Consectetuer nisl id et iriure invidunt sanctus tation dolor dolore lorem nonumy vulputate sed erat ut lorem. Laoreet et invidunt sanctus diam takimata dolor aliquyam ex sit amet vel duis vel. Sit elitr congue feugiat nulla. Sit est duo sed diam tempor dolore euismod accusam dolor minim. Accusam odio elitr amet rebum rebum assum duo minim sit dolore dolor sed accumsan ipsum aliquyam gubergren tempor. Esse at et ut et duo magna ipsum justo sanctus clita vel facilisis eu dolore. Lorem velit qui erat ea sadipscing eum est sit amet facer et ex iusto tempor et.\n","pageCount":1000,"excerpt":"Vero voluptua lorem dolor tempor sadipscing et voluptua blandit stet elitr nisl et wisi no. Et consetetur at sea erat doming sit erat vero accusam imperdiet. Erat dolore dolor invidunt stet sadipscing takimata sanctus aliquam ut no nulla aliquyam no iriure dolore stet. Sed voluptua at et placerat sadipscing feugait exerci. Dolor autem accumsan diam voluptua zzril dolor eos accusam gubergren nonumy in takimata lobortis. Consetetur rebum vel eu sanctus et lorem clita dolores facilisis sadipscing. Eos dolor laoreet diam tincidunt et ipsum sed nulla rebum nulla.\nFacilisis dignissim et vero eos. Et invidunt odio diam diam facilisi voluptua labore magna consetetur sit facilisi vel erat consetetur erat. Nonummy consequat sit accusam lorem erat erat. Illum ipsum et amet.\nTakimata sadipscing amet. Ut justo option commodo accusam. Invidunt aliquip ea takimata sed ipsum nulla. Adipiscing ut no eos sed est. Ut sea consetetur nulla accumsan takimata amet et sanctus minim duis ut elitr. At et dolore euismod. Ut labore sadipscing et nisl ut sed dolor ipsum ea facer amet. Kasd in gubergren tation aliquyam et magna dolor invidunt magna takimata stet eros sit labore. Takimata ea consetetur erat et. Erat rebum invidunt. Placerat blandit sanctus ipsum est iusto erat labore est. Amet dolores rebum gubergren vel. Lorem elitr tempor vero aliquyam soluta. Consetetur hendrerit eirmod dolor lorem et sed. Rebum diam blandit ea eum velit labore feugait ea labore elitr sit elit no. Sit labore minim augue et accusam vero sadipscing placerat eirmod sadipscing kasd consetetur eos sadipscing quod erat. Ad ex sed dolor nibh ut ea et consectetuer ipsum consetetur eirmod nam erat duo esse dolore. Velit stet lorem in invidunt feugiat kasd quis duo sadipscing eos erat at diam nulla.\nDiam clita lorem eos amet lorem est sea sed lorem qui sit dolore clita vulputate ullamcorper magna et dolore. Voluptua dolore wisi invidunt et. Sanctus elitr gubergren exerci tempor magna ipsum sed sed vero vero diam sadipscing accusam ea aliquyam iriure feugiat at. Et ea dolor stet iriure accusam vel sea sed elitr enim dolores et erat consetetur stet consequat ipsum. Et duis sanctus labore stet dolore diam voluptua kasd.\nTempor et sed kasd. Sanctus accumsan ipsum magna dolores. Sed invidunt invidunt stet voluptua odio rebum diam ipsum. Et sit dolor magna autem et nonumy aliquyam possim. Et dolor sit est feugiat voluptua gubergren dolore eirmod et autem volutpat ipsum duo ea invidunt ipsum. Diam nisl stet amet. Rebum ipsum dolore tincidunt augue lorem no nisl dolores. Nonumy dolore justo diam zzril ex assum eum dolore accumsan zzril ipsum lorem molestie.\n","publishDate":"2022-08-27T18:32:24.9671174+00:00"},{"id":11,"title":"Book 11","description":"Nihil duo aliquyam et tempor ea praesent odio dolores eleifend delenit augue aliquyam. Stet duo vel takimata. Ea quis sit et justo consectetuer takimata minim no diam sea sanctus sit gubergren rebum magna sed ea sadipscing. Takimata ipsum autem takimata amet sit at amet dolore diam sit diam ut duis velit.\n","pageCount":1100,"excerpt":"Ipsum justo vero aliquyam adipiscing suscipit consetetur tincidunt feugait cum duo. Dolore iusto sit esse dolores duo veniam ea iusto dolore enim eros et duo et magna et rebum duo. Tation justo eirmod nonumy justo gubergren sea no et et vero et takimata labore. Est sadipscing vel vero diam. Magna iriure accusam. Erat iusto amet nibh stet ut elit invidunt vel eos rebum wisi sadipscing magna sea kasd. Erat nonumy in esse tempor voluptua blandit sed tempor est eos nonumy duo tempor vero sit. Accusam ullamcorper sed esse takimata lorem consetetur ipsum nonummy gubergren lobortis lorem illum ea dolores erat vero eu.\nVel vero magna ad commodo voluptua ipsum takimata aliquyam voluptua invidunt takimata dolor duo delenit clita justo vel eirmod. Sit eirmod eos wisi rebum in lorem accusam sanctus diam. Nonummy sit eirmod takimata amet takimata consetetur ut magna. Esse sit liber eum dolor ipsum duo ut nulla lorem dolor sed kasd labore et. Zzril soluta sanctus iusto in.\nNisl sea dolore aliquyam diam. Clita no invidunt takimata elitr sea ipsum diam et. Velit qui est eros sed vero clita invidunt. Diam sed quod laoreet dolor elitr nostrud lorem clita dolor vel iusto et dolor nulla qui possim dolore sit. Voluptua aliquyam sit. Dolores invidunt lorem invidunt sadipscing ipsum aliquyam nam.\nInvidunt stet velit duo duo sed dolore lorem tincidunt invidunt est sed dolore dolor at et. Elitr ut clita erat kasd dolore et vero et nonumy magna duis. Et erat duo feugiat lobortis dolore dolor et ipsum vulputate elitr et invidunt eirmod vero eirmod lorem. Iriure lorem dolor accusam accusam sed erat. Esse dignissim sed consequat sed sadipscing. Kasd rebum diam kasd ut hendrerit eos esse lorem amet ad et. Et voluptua vero invidunt. Autem erat voluptua amet sit et eos. Tincidunt nihil ad consetetur iriure gubergren lorem wisi stet accusam erat sed ut ipsum. Luptatum ipsum vero est sea vero sanctus.\nDolor sanctus quis. Amet te erat dolor tempor labore amet consetetur et est dolores tation accusam gubergren sanctus est augue sea. Duis et tation et takimata invidunt molestie gubergren consequat dolores. Dolore est enim ut et accusam sed sed. Duo lorem clita dolor consetetur nonumy kasd diam rebum lorem voluptua rebum elit nonumy ea eos takimata. Ipsum ea dolore vero dolor consetetur gubergren soluta exerci sadipscing invidunt consetetur tempor rebum dignissim ea sit. Stet dolore diam erat assum dolor sit. Elitr amet tempor autem ea clita no. Tempor clita molestie gubergren odio ea autem ut ea labore duo justo rebum nulla tincidunt dolore. Eirmod no euismod stet dolore sit at sed feugait ipsum accusam nulla et minim vero ut takimata sadipscing sea. Ut erat augue est erat vel sit sed diam at sed blandit sanctus clita dolores ipsum aliquip gubergren dolor. Sit magna clita kasd et clita. No consetetur labore takimata tempor ipsum dolores ipsum et ea accusam rebum.\n","publishDate":"2022-08-26T18:32:24.9671705+00:00"},{"id":12,"title":"Book 12","description":"Sit dolor dolor dolor lorem vero molestie sit accusam ut sed praesent suscipit ipsum laoreet duo erat. Nam sea dolor ut elitr ut. Consequat velit magna sit et magna ipsum diam velit lorem eu in at et tempor delenit vel. Ex dolores et facilisis ipsum in dolor labore justo takimata no aliquam dolore gubergren duo. Ipsum ut dolor lorem amet accusam tempor nonumy et ipsum consetetur no ullamcorper aliquyam. Tempor gubergren nihil te ut sanctus lorem quis ut. Esse no sit et. Vero qui eros. Feugiat ipsum elitr et eos erat erat feugiat te consetetur eleifend. Imperdiet sadipscing vero ea quis rebum ea. Elitr amet nulla ut lorem amet. Diam molestie ipsum veniam iriure dolore kasd autem aliquyam invidunt voluptua at magna nonumy et sanctus et sanctus duo. Ea et aliquip stet sadipscing dolores sadipscing ut aliquyam sit sanctus duis kasd dolores accumsan sed. Veniam sea erat dolor rebum facilisis facilisis ipsum lobortis lorem clita. Nam nibh nulla tempor labore ipsum aliquip et et sanctus sea ipsum nonummy. Vel vel rebum ad ipsum ea consequat. Magna ipsum nonumy tation ut magna. Volutpat dignissim magna ex.\n","pageCount":1200,"excerpt":"Lorem ut vel at aliquam eos amet facilisi sadipscing amet sea sea sed facilisi. Et amet diam eum nonumy dolores takimata feugiat ea dolor clita invidunt sadipscing gubergren ut gubergren diam gubergren. Dolore accusam dolor sit dolor ut dolor lorem sanctus ipsum duis ea. Nulla at consetetur at diam ipsum sed euismod adipiscing gubergren nonumy est nam. Ipsum sea takimata nonumy. Luptatum et nostrud amet labore sed sadipscing et liber qui at wisi sit eirmod nam iriure. Eos erat et accusam et ut ut kasd consetetur enim vulputate lorem amet suscipit est. Ea tempor voluptua amet veniam gubergren ipsum ipsum et in et justo sea iriure et sit sea ut. Erat justo dolor dolores labore diam labore nostrud stet ipsum et accusam amet eos te justo dolor dolores imperdiet. Stet erat eos in eros stet et illum duis. Velit minim rebum et voluptua diam blandit dolor eirmod sadipscing elit erat ut consetetur praesent dolores vero amet. Tation veniam adipiscing delenit dolore lorem feugiat sit. In et vero labore gubergren rebum dolor aliquam at in dolor magna aliquam. Dolor diam elitr amet stet sed consequat et et et labore eirmod ipsum diam stet et dolore sit. Sed clita et ea. Lobortis lorem ut aliquyam gubergren voluptua ipsum ea elitr luptatum accusam sit takimata kasd ea duo vulputate. Vel lorem sit et aliquyam sea vero ut facilisi dolor vero sed. Erat duo consetetur et tincidunt dolore facilisi ea rebum eos duo dolor tempor consequat invidunt voluptua et.\nBlandit consequat magna kasd erat sit vero. Sanctus dolore sed dolor nam dolor dolore sed sed sit magna at odio lorem qui ut magna. At quod iusto ullamcorper consequat dolor nulla et feugait lobortis dolores consequat. Lorem ex labore ipsum dolore lorem takimata et lorem at duis no rebum et velit est ut diam. Labore ea vero ea accusam enim dolores ipsum vero ipsum. Eos vero in dolor lorem accusam duo dolore vulputate sed vulputate ipsum at duo consetetur consequat dolor. Eos clita vero iriure mazim et illum ut lorem amet duo et dolor dolor accumsan kasd. Et invidunt ea stet sit tempor labore no diam dolor. Amet erat diam accusam lorem diam sit elitr ea erat ex est sit dolore dolor praesent. Et eirmod velit imperdiet rebum vel et clita labore takimata voluptua. Consequat est nonumy eros facer diam sanctus suscipit sed sit invidunt amet autem vel. Et magna sed magna sadipscing invidunt sea invidunt lorem nonumy consequat.\nNonumy no magna accusam vero sit clita facilisi. Quis est odio nonumy no dolore volutpat sed lorem rebum sit stet amet magna diam. Et accusam sed duo diam vulputate diam esse kasd lorem. Odio ipsum exerci dolore ipsum magna dolore velit invidunt. Sed sed voluptua dolores. Justo sit eos blandit possim sed ipsum duo sed. Labore sea est voluptua rebum tempor ut dolore sadipscing ea rebum sed eleifend dolor magna nonumy. Te nisl ea rebum ipsum labore takimata justo nonumy clita te. Duis ea et et est et iriure. Sea accusam clita congue et dolore justo accusam elitr clita at diam amet. Veniam exerci sanctus rebum magna invidunt dolor takimata voluptua.\nAt nulla eos gubergren laoreet imperdiet sed eos autem tempor. Gubergren odio sed ipsum sed tempor kasd ipsum tempor vero eirmod rebum elitr facilisis enim diam nisl. Nonumy et doming est est dolor lorem eirmod sed eleifend et dolor enim ea sed et. Invidunt vero sed et no aliquyam. Possim clita tation ea sanctus praesent clita tation accusam vulputate in labore duis est luptatum ad amet iriure. Nonumy magna takimata hendrerit minim lobortis ipsum.\nEt sed te invidunt vero et consequat qui consequat eirmod magna vel nonumy ut. Eos ea amet gubergren kasd. Sed kasd aliquyam consequat amet sadipscing consequat nonummy amet aliquyam tempor. Dolores dolor kasd magna dolor no diam sed dolor hendrerit erat facilisis labore diam erat amet duo aliquip. Sadipscing delenit vero suscipit enim facilisis volutpat at aliquyam lorem voluptua vulputate hendrerit ad dolor laoreet in. Sadipscing sit tempor aliquip assum tation dolor dolore ut labore kasd dolor labore ullamcorper ad invidunt consetetur stet sadipscing. Sed justo ad. Dolor elitr accusam dolor accusam ut dolore invidunt tempor tempor at aliquip takimata takimata gubergren dolore blandit amet sed.\n","publishDate":"2022-08-25T18:32:24.9672651+00:00"},{"id":13,"title":"Book 13","description":"Et et dolor sit facer justo diam dolore sanctus sit sadipscing rebum duo voluptua dolor consectetuer amet magna sit. Hendrerit voluptua sit illum sea rebum tempor justo vulputate dolor diam sed erat. Iriure et est vulputate aliquyam dolore in sanctus no ea consequat dolor velit illum rebum vel dolores assum sed. Diam takimata justo amet tempor sea et et ipsum ut et ipsum justo ipsum lorem possim rebum kasd eleifend. Suscipit consectetuer sit duis et. Tincidunt et sanctus nonumy dolores nisl diam at autem dolor et est accusam. Amet et invidunt in id eos laoreet eros dolore iriure. Takimata eirmod nostrud aliquyam ipsum kasd takimata dolores dolor molestie nulla zzril nobis eirmod ipsum nisl. Volutpat doming dolore gubergren lobortis stet justo. Molestie est ipsum volutpat rebum ipsum. Diam et diam wisi et sed sea tincidunt zzril tempor et et vulputate. Wisi lorem dolor ullamcorper in no aliquip et stet et voluptua lorem facilisis diam sanctus lorem magna.\n","pageCount":1300,"excerpt":"Invidunt justo illum amet dolor. Ea feugait duo duo lorem stet aliquyam stet facilisis ea vel nibh. Accusam diam molestie accusam lorem no nulla ea labore sit tempor kasd eos et diam tempor nonumy ut nulla. At sed volutpat dolor nulla sed sit nulla nonummy lorem at nonumy sadipscing lorem dolores ipsum eirmod dolor. Consequat feugait ut feugiat et dolore sed. Nonumy dolor eros in feugiat elitr vulputate invidunt tempor. Labore ipsum illum stet sed et labore dolor luptatum ipsum ipsum et erat voluptua. Labore et rebum diam dolor iriure odio esse eos sea consequat amet diam feugait sit molestie dolores et. Ipsum et eirmod suscipit feugiat stet adipiscing dolor. Ipsum facilisis est justo est ipsum nulla et sea nulla aliquyam nibh. Stet suscipit lorem ea eos dolore lorem lorem ipsum lorem eum stet sea sadipscing nonumy. Eu sed sit dolor voluptua eum consetetur lorem vero delenit aliquyam amet voluptua kasd. Minim dolor sit et ullamcorper. Amet diam takimata takimata aliquyam sanctus consetetur aliquyam ipsum dolor sanctus. Ut nostrud ipsum nonummy tincidunt sed dolores delenit sit et facilisis id. Diam nam praesent magna justo takimata nonumy ipsum sed et tempor tincidunt amet elitr diam. Facilisi et duo vero clita dignissim sed.\nAliquyam no lorem sit lorem vero. Erat et diam labore eros lorem augue possim et diam. Et dolore lorem autem lorem. Amet diam et takimata dignissim exerci takimata vero ea amet labore autem invidunt ipsum sadipscing elitr aliquam aliquyam voluptua. Sanctus no tempor iriure eum no lobortis. Invidunt invidunt sed placerat. Voluptua labore sed lorem ut te et sit consetetur imperdiet lorem facilisis sanctus nulla et duo eirmod. In nisl kasd est tempor amet eum eum duis sit rebum. Sed est kasd accumsan sadipscing justo ea lorem lorem volutpat aliquyam. Illum dolore erat at sanctus sanctus dolor feugiat commodo. Et labore ipsum lorem dolor diam sadipscing iriure. Feugiat et tempor praesent sadipscing dolore dolores ullamcorper sit ipsum et erat et elitr nobis eos at.\nSanctus dolores amet ut. Clita amet nonummy et lorem vulputate eirmod consetetur lorem assum et vero in stet ut kasd dolore sanctus amet. Sed congue ut elitr et dolore eos est consetetur est magna erat dolore. Erat dolor no feugait duo aliquyam. Voluptua sea sit in nonumy ea veniam tempor. Et sed lorem feugiat aliquyam odio ipsum esse gubergren ut blandit. Sit lorem iusto sed nibh erat eleifend at commodo ea tempor ipsum. Dolor sed labore qui eros praesent sed justo. Velit stet magna odio lorem. Amet elitr amet eos eum ut at no euismod ea. Justo gubergren elit nonumy dolor facilisi nulla dolor sed wisi ea ea nobis ipsum nonumy rebum ipsum. Et dolor no aliquyam sed elit sadipscing elit tincidunt consetetur facilisis sed et diam accusam vel et. Ullamcorper rebum esse augue ipsum labore accusam amet nulla. Lorem erat facilisi et diam ipsum sadipscing dignissim invidunt hendrerit justo sit. Diam duo et amet sit delenit at iriure justo liber in. Ut sanctus takimata sed. Gubergren sit ea et lorem amet suscipit ut amet ipsum aliquyam labore dolor diam duis. Volutpat et amet nonumy exerci ipsum rebum est diam nulla vero. Stet hendrerit sed invidunt facilisis kasd nibh vero invidunt autem vulputate eos sed magna vel stet amet aliquyam.\nNonumy et consequat invidunt dolore dignissim duis at. Kasd et et est invidunt sea elitr te ad aliquip. Et et stet justo dolore et quis labore blandit. Te dolore voluptua magna rebum kasd diam est est sadipscing clita nonumy dolor voluptua feugiat duo. Quis magna sadipscing vulputate eleifend et lorem autem. Amet dolore est sea gubergren ea et et duo duo consetetur sed vero ea ipsum est. Veniam accumsan diam ut kasd no dolore volutpat sit dolor. Zzril amet te accusam aliquip magna sanctus sed amet ipsum labore.\nSea at te invidunt duis tempor dolor vero feugiat elitr et. Volutpat rebum nonumy elitr nonumy est gubergren stet dolore wisi sanctus. Eos tempor sadipscing ipsum kasd est accumsan feugiat diam dolore sed invidunt lorem consetetur. Eu invidunt sit duo dolor kasd iriure tempor dolores diam lorem dolore clita eos labore et. Dignissim et duo sed consetetur vel rebum vero dolor est et tempor. Ipsum eum sit aliquyam duis dolor sed nobis lorem ea autem duo at stet stet quod erat lobortis vel. Esse ea option elitr et labore lorem accusam nostrud labore nam laoreet amet magna accusam accumsan labore. Duis sea qui sanctus praesent ipsum lorem dolor invidunt blandit dolores ut et ea vel vero. Et sadipscing ipsum kasd vero lorem sit elitr justo diam diam duo. Veniam eos no et sea tempor dolore vel autem magna iusto voluptua dolor lorem tempor at. Labore sed voluptua. Ipsum nonummy illum lorem justo praesent sea rebum eu at kasd vero. Sea sed at. Sea sea erat wisi accumsan. Lorem invidunt et accusam voluptua vel sanctus sanctus. Sea in minim veniam duis sit qui ipsum eirmod dolore amet voluptua kasd sit gubergren sit no option. Kasd molestie erat ea sadipscing lorem dolore ut dolores ea et rebum nulla et stet ea labore augue. Rebum gubergren placerat sanctus consetetur consectetuer vero no lorem.\n","publishDate":"2022-08-24T18:32:24.9673723+00:00"},{"id":14,"title":"Book 14","description":"At dolores invidunt dolor amet eu rebum diam et veniam delenit dolore lorem eirmod sanctus justo lorem invidunt dolore. No enim elitr ut amet vulputate consectetuer. Ea duo nulla diam sit. Sed dolore sed magna at et volutpat vero vel vero blandit eos est dolores eirmod dolore illum. Sanctus euismod lorem at nulla wisi dolor et sit nulla clita dolor ipsum molestie no et feugiat eos laoreet. Te ipsum dolor dignissim vero ea dolores sit consequat ea autem et ut dolor. No sit ea takimata nulla et labore tempor consetetur. Elitr accusam aliquyam invidunt velit et ea sed sea illum takimata vero nobis. Sea dolores aliquyam sadipscing ex nibh veniam dolores invidunt dolor sit dolore et molestie dolore. Diam kasd takimata diam. Ea tempor duis sadipscing sit. Sed gubergren lorem et amet duo adipiscing lorem te.\n","pageCount":1400,"excerpt":"Ullamcorper consectetuer nulla at duo dolore justo sed ipsum delenit sadipscing consequat est duis vel vero tempor sadipscing. Dolore eirmod lorem clita magna takimata eirmod ea blandit rebum ipsum molestie ut takimata dolores vero consetetur dolore exerci. Lorem eos odio exerci duo dolor eos lorem dignissim veniam consetetur amet laoreet elit. In dolor et sed ut lobortis duo dolor tempor lorem ipsum sanctus. Ipsum eos gubergren consetetur sed stet voluptua id. In consetetur laoreet no eirmod sit lorem. Ut no at et mazim. Eos nonumy invidunt voluptua erat ut sed exerci esse tation et aliquyam sed. Amet sit quis est gubergren dolore sadipscing sadipscing labore gubergren accusam eos amet takimata eros. Magna lorem erat wisi ipsum ut et invidunt ut elitr dolor et. Et dolor lorem magna adipiscing dignissim sea magna lorem. Veniam erat veniam sanctus stet vulputate congue blandit accusam amet amet. Voluptua sit rebum amet iriure nostrud nulla magna justo vel sadipscing esse. Sea dolores et sit amet qui no nulla consetetur praesent velit accusam volutpat. Delenit vero sea elit ea eos odio amet. Dolores dolor no stet erat eos lorem rebum invidunt diam ut est ut nonumy ea justo dolore at. Kasd et elitr.\nLorem stet sanctus dolore dolores sed ea autem stet ea voluptua ipsum vero vero erat nisl nonumy. Justo amet clita justo sed. Ipsum clita et autem vel cum justo vero dolores magna gubergren vero dolores consetetur vel sea kasd. In nostrud illum option feugait. Eirmod aliquip justo rebum et. Amet ut et.\nVelit amet dolor ipsum diam erat dolor. Eum ea clita tempor. Takimata clita et nonumy. Eleifend magna sed dolor elitr quis labore no vero et dolore zzril elitr dolor aliquyam lobortis sea augue amet. Labore no aliquyam quis stet diam sed. Amet takimata dolore ipsum sed no sed et dolore tempor ipsum at rebum ipsum est dolore dolor sit. Kasd sea sadipscing amet eos.\nAt stet in duis eirmod ipsum ut et justo dolores sea erat vero dolore iriure. Et et gubergren stet duis invidunt sea dolor vero dolores lorem lorem takimata dolor. No rebum clita duo et takimata eirmod lorem et vero sadipscing erat nonumy vero quis. Diam et euismod laoreet aliquyam dolore et dolor nonumy stet eum. Et consetetur invidunt clita dolores hendrerit ad lorem clita eu vero. Eu et et duis. Eros blandit et consequat quod rebum eirmod. Commodo consetetur hendrerit sadipscing vel sed sea kasd vel kasd erat tempor dolore.\nIn tation erat et et ipsum sanctus no lorem eos et magna rebum invidunt eirmod dolor aliquyam laoreet. Eirmod consectetuer consequat est dolores lorem praesent aliquyam magna diam. Nostrud erat ea. Magna eos wisi odio takimata in facilisi invidunt kasd et exerci. Sed vero congue rebum et molestie ut eos amet takimata accusam clita nonumy nulla. Ullamcorper duis takimata et dolor dolore hendrerit lorem. Eu ullamcorper wisi diam nonummy consequat consetetur vel invidunt sanctus eirmod nonumy nobis ea gubergren. Est sed eirmod at dolor ipsum volutpat dolores ut dolore est est odio wisi et tempor et eirmod ea. Justo eros gubergren invidunt diam invidunt accusam et ut ipsum no labore stet sea sed diam lorem. Dolor dolor elitr. Lorem duis sadipscing nonumy ea no accumsan dolor ea dolor amet dolor sanctus nihil eleifend dolor sanctus et.\n","publishDate":"2022-08-23T18:32:24.9674434+00:00"},{"id":15,"title":"Book 15","description":"Vel nobis et tempor elitr magna tincidunt voluptua gubergren diam tempor justo dolores accusam erat kasd sadipscing nulla. Stet sed et labore diam ut kasd ipsum clita nulla sit consectetuer erat zzril sed dolores et ut est. Commodo lorem option cum nonumy dolore dolore ut ut at lorem sea ut amet. Sadipscing rebum dolores et dolor feugiat erat clita esse. Invidunt velit diam at liber duo et eirmod magna eirmod hendrerit sea. Nonumy in lorem at labore ipsum et sadipscing et invidunt aliquyam dolore et est id. Zzril ut sea rebum eirmod sanctus. At kasd vel te ut et ipsum euismod sadipscing dolore adipiscing vero. Ipsum placerat amet quod minim laoreet sea et eos consetetur ut.\n","pageCount":1500,"excerpt":"Duo amet rebum qui rebum diam labore dolores no ea. Voluptua ut eos kasd gubergren stet amet volutpat sit tempor est at. Dolore et illum zzril est facer dolores stet dolore voluptua accusam sanctus. Sadipscing duo facilisi no at suscipit voluptua suscipit. Elit amet dolor minim invidunt sed consectetuer et tation. Nostrud lorem ut feugiat quis tempor clita justo erat sed. No ut sanctus labore erat dolore rebum. Facilisis magna ad et et invidunt ut ipsum dolore ex. Magna lorem molestie sea veniam sed vero eirmod dolor facer. Est sit ad eirmod dolore nulla elitr sed sea sit justo wisi in vel sadipscing dolore. Amet et labore. Amet et kasd facilisis diam diam no diam sanctus consetetur dolores. Erat sed odio.\nEt hendrerit kasd gubergren kasd sit dolore ea gubergren consetetur invidunt in diam sadipscing est nisl. Lorem sanctus nam consetetur dolore dolor dolore. Ipsum dolor dolor aliquam sadipscing eos sed autem in dolore tempor eos tempor eos. Autem voluptua sed sit laoreet est in dolor sit takimata vero tempor lorem. Et dolor ipsum erat ea feugait consetetur sed labore vel. Augue sit quod eum dolores lorem dolor sit no takimata sit dignissim magna sed sit eu. Takimata clita justo consequat elitr amet no erat clita at stet. Dolor dignissim sadipscing consetetur erat no voluptua consetetur. Sed exerci sit tempor aliquyam hendrerit praesent minim dolores labore justo kasd duis accusam et dolores dignissim odio labore. Soluta ad nonumy accusam erat eros. Sea ut at justo accusam dolor autem stet aliquam duo labore erat stet sadipscing. Ipsum gubergren dolor cum vulputate zzril accusam at vero sanctus. Consetetur accusam eum. Dolor option augue stet tempor nonumy te et lorem diam dolores no et lorem invidunt. Clita nulla et dolor. Dolor duo sit vulputate ipsum stet augue rebum sit doming vero ut. Accusam labore eos sit duis placerat quod sit et rebum lobortis facilisi.\nSed sanctus stet et lorem et vero sed. Kasd veniam vulputate diam sit clita diam amet sadipscing takimata rebum sed. Voluptua clita sea ea lorem et enim lorem erat ipsum ea et accusam. Et at in ipsum facilisis exerci accusam clita. No wisi imperdiet voluptua dolores ipsum delenit amet iusto ipsum sanctus eu sit minim. Erat in iriure nonummy. Feugiat at hendrerit dolore at nisl dignissim duo. Ipsum esse ea rebum eros lorem. Et takimata et.\nIpsum sadipscing eu duo aliquyam dolore feugiat nulla hendrerit. Et consetetur clita et labore. Et ut dolore eu sit sit in. Sed zzril iriure duis dolores ipsum labore amet takimata invidunt dolore praesent gubergren vero et consequat vero eros. Lorem justo accusam accusam lorem luptatum erat lorem gubergren dolor eirmod velit ipsum velit veniam sadipscing duis. Justo in possim accusam accusam invidunt diam sanctus illum facilisis ut et eum exerci lorem. Nonumy commodo accusam. Hendrerit kasd et enim sadipscing kasd justo blandit erat sadipscing rebum dolore dolore autem est ut eros. Ipsum et amet ipsum et ea tempor tempor sanctus commodo dolore lorem adipiscing.\nSuscipit justo sea duo accusam eum dolor dolores sea voluptua takimata. Esse labore sit ipsum justo sed nibh tempor dolore amet elitr iriure elitr. Dolores ut hendrerit ipsum at consetetur amet. Sit ut dolor dolores dignissim eu nisl sit clita accusam sadipscing. Accusam elitr velit amet feugiat vel sanctus dolor sit est autem sit gubergren voluptua elit vero duis diam. Vel labore takimata eirmod. Ullamcorper aliquip volutpat clita et et rebum eirmod et elitr sadipscing. Et consetetur est dolore nonumy ipsum nonummy sed magna aliquam takimata facilisis tempor aliquyam est aliquyam. Nonummy dolore enim est dolor facilisi magna clita sadipscing eros magna in sea voluptu
[...]
to dignissim possim sed et eum elitr at vero gubergren. Et kasd illum diam clita eos consetetur iriure rebum sed vel consectetuer sea veniam et.\nAliquyam elitr consetetur dolor tempor ea ipsum luptatum justo sed ipsum eirmod labore et stet sanctus dolor et. Consequat dolores ut clita sed erat et clita sed ut feugiat duo clita sed et. Consequat sit lorem. Rebum zzril exerci elitr erat at. Feugiat justo et rebum sed rebum volutpat aliquyam no consetetur. Et amet dolores ipsum sit aliquyam takimata gubergren takimata gubergren amet consetetur stet et dolore eu.\nVero gubergren et tempor. Diam consetetur accusam in sed velit quis suscipit vero et ipsum dolor lorem molestie clita lorem sit justo. Duo commodo aliquyam vero sed diam at labore dolore takimata cum ut ea. Dolor diam voluptua. Vero dolore et delenit et tation kasd sed possim sed facilisi.\n","publishDate":"2022-02-19T18:32:25.0166786+00:00"},{"id":200,"title":"Book 200","description":"Vero diam ut duo illum no justo option ut. Lorem tincidunt ut velit dolor nonumy et dolor no ut facilisis nisl esse dolor eirmod sed eirmod delenit clita. Ipsum diam diam kasd voluptua. Ipsum sed dolor duo takimata. Et et dolores. Ut et stet aliquyam. Voluptua ipsum facilisi dolore et ut ipsum magna nam est in sit labore duo sed assum. Quis sit diam sadipscing ut sed erat lorem elit nisl dolor dolores.\n","pageCount":20000,"excerpt":"Ipsum placerat wisi accusam erat et sed sanctus dolore delenit eirmod sed stet ipsum voluptua nam. Eos dolores iriure diam clita ea sea vero sanctus at erat voluptua facilisis eos amet facilisis et. Sit luptatum dolor dolore. Imperdiet suscipit ipsum dolor sed sanctus erat kasd volutpat diam nostrud facilisi dolores lorem nonumy tincidunt nulla consetetur. Voluptua dolor amet illum praesent sed tempor labore diam illum diam sanctus sit velit sit labore qui accusam.\nInvidunt sed dolores facilisis amet eirmod. Sed minim labore sit sit diam lorem clita sit kasd nonumy. Eirmod sadipscing eos. Diam diam est. Duo lorem rebum et ut eirmod ut nonummy feugiat eirmod est accumsan. Sed no cum diam eirmod sea molestie sit sit consetetur sanctus. Sit ut volutpat erat diam tation. Eos sed adipiscing voluptua et rebum sed zzril vero diam labore rebum in duo quis sit. Esse eu accumsan dolore accusam sea facer. Nulla et dolores molestie sit. Molestie magna ea luptatum wisi sed ipsum ipsum facilisis gubergren feugait. Autem minim magna ea ad sed eirmod duo feugait sea.\nDolor hendrerit sed amet takimata exerci consetetur diam erat ut magna et laoreet blandit sed. Option sit et. Vero magna te erat aliquyam nostrud kasd voluptua ipsum diam. Elit ipsum nulla duis.\nIn rebum duo elit feugiat adipiscing clita dolore elit vero amet sit et. Accumsan dolores diam et est sed stet ea nibh duis ea aliquyam sit. Illum ut et justo. Option eos est sanctus aliquyam nibh elit autem aliquyam. Assum ea voluptua diam nostrud duo at nibh accumsan no dolores vero amet. Diam lorem consequat magna justo consequat option. Voluptua eos diam augue diam eu sanctus facilisis sanctus lorem et sit sed dolor sadipscing invidunt tation. Takimata eos sadipscing gubergren amet voluptua dolor. Dolores ea nonumy diam facilisis dolor et ipsum. Erat ullamcorper amet rebum. Vero gubergren esse invidunt at consetetur at sadipscing takimata ut odio tempor in voluptua magna. Erat no et consequat stet sanctus. Dolor aliquip rebum ut eros takimata nam facilisis nulla kasd. Et voluptua facer takimata duo lorem elitr. Sadipscing ut luptatum diam kasd dolore volutpat eos. Elitr facilisis dolore lorem amet nulla sit amet nonummy.\nEsse qui ut diam ea. No est amet ipsum duis stet feugait. Eu rebum est sit dolor diam sadipscing ut. Laoreet sit vel. Amet magna lorem no sed diam. Sed accumsan duo eros accusam erat nulla duis kasd est nulla eleifend lobortis gubergren blandit praesent. Lorem accumsan minim ullamcorper duis nisl et nonumy duo stet gubergren. In consetetur tempor et ut lorem vero amet. Dolore vero rebum duis vero takimata takimata justo. Dolore dolore ad. Gubergren volutpat sit amet et dolor vel consequat lorem ea aliquip justo nonumy kasd diam. Vero dolores sadipscing nam dolor molestie ea dolores gubergren laoreet option gubergren possim sed kasd diam. Et labore sit diam dolor vero et consetetur voluptua diam in consetetur eum tempor sit ipsum. Praesent aliquip justo takimata sanctus sea et rebum ut amet magna consetetur ipsum takimata esse. Dolore eos diam sadipscing sed est sadipscing accusam. Voluptua amet takimata accumsan ipsum accusam lorem clita dolore clita takimata magna voluptua kasd voluptua veniam gubergren.\n","publishDate":"2022-02-18T18:32:25.016734+00:00"}]</msg>
<status status="PASS" starttime="20220906 15:32:31.137" endtime="20220906 15:32:31.157"/>
</kw>
<kw name="Set Test Variable" library="BuiltIn">
<arg>${RESPOSTA}</arg>
<doc>Makes a variable available everywhere within the scope of the current test.</doc>
<msg timestamp="20220906 15:32:31.158" level="INFO">${RESPOSTA} = &lt;Response [200]&gt;</msg>
<status status="PASS" starttime="20220906 15:32:31.158" endtime="20220906 15:32:31.158"/>
</kw>
<status status="PASS" starttime="20220906 15:32:23.024" endtime="20220906 15:32:31.158"/>
</kw>
<kw name="Conferir o status code" library="ResourcesAPI">
<arg>200</arg>
<kw name="Should Be Equal As Strings" library="BuiltIn">
<arg>${RESPOSTA.status_code}</arg>
<arg>${STATUSCODE_DESEJADO}</arg>
<doc>Fails if objects are unequal after converting them to strings.</doc>
<msg timestamp="20220906 15:32:31.161" level="INFO">Argument types are:
&lt;class 'int'&gt;
&lt;class 'str'&gt;</msg>
<status status="PASS" starttime="20220906 15:32:31.159" endtime="20220906 15:32:31.161"/>
</kw>
<status status="PASS" starttime="20220906 15:32:31.159" endtime="20220906 15:32:31.161"/>
</kw>
<kw name="Conferir o reason" library="ResourcesAPI">
<arg>OK</arg>
<kw name="Should Be Equal As Strings" library="BuiltIn">
<arg>${RESPOSTA.reason}</arg>
<arg>${REASON_DESEJADO}</arg>
<doc>Fails if objects are unequal after converting them to strings.</doc>
<status status="PASS" starttime="20220906 15:32:31.162" endtime="20220906 15:32:31.164"/>
</kw>
<status status="PASS" starttime="20220906 15:32:31.162" endtime="20220906 15:32:31.164"/>
</kw>
<kw name="Conferir lista com 200 livros" library="ResourcesAPI" sourcename="Conferir lista com ${QTDE_LIVROS} livros">
<kw name="Length Should Be" library="BuiltIn">
<arg>${RESPOSTA.json()}</arg>
<arg>${QTDE_LIVROS}</arg>
<doc>Verifies that the length of the given item is correct.</doc>
<msg timestamp="20220906 15:32:31.170" level="INFO">Length is 200</msg>
<status status="PASS" starttime="20220906 15:32:31.165" endtime="20220906 15:32:31.170"/>
</kw>
<status status="PASS" starttime="20220906 15:32:31.164" endtime="20220906 15:32:31.170"/>
</kw>
<status status="PASS" starttime="20220906 15:32:23.024" endtime="20220906 15:32:31.171"/>
</test>
<test id="s1-t2" name="Buscar um livro especifico (GET em um livro especifico)" line="17">
<kw name="Requisitar o livro &quot;15&quot;" library="ResourcesAPI">
<kw name="GET On Session" library="RequestsLibrary">
<var>${RESPOSTA}</var>
<arg>fakeAPI</arg>
<arg>Books/17</arg>
<doc>Sends a GET request on a previously created HTTP Session.</doc>
<msg timestamp="20220906 15:32:31.488" level="INFO">GET Request : url=https://fakerestapi.azurewebsites.net/api/v1/Books/17 
 path_url=/api/v1/Books/17 
 headers={'User-Agent': 'python-requests/2.28.1', 'Accept-Encoding': 'gzip, deflate', 'Accept': '*/*', 'Connection': 'keep-alive'} 
 body=None 
 </msg>
<msg timestamp="20220906 15:32:31.488" level="INFO">GET Response : url=https://fakerestapi.azurewebsites.net/api/v1/Books/17 
 status=200, reason=OK 
 headers={'Content-Type': 'application/json; charset=utf-8; v=1.0', 'Date': 'Tue, 06 Sep 2022 18:32:31 GMT', 'Server': 'Kestrel', 'Transfer-Encoding': 'chunked', 'api-supported-versions': '1.0'} 
 body={"id":17,"title":"Book 17","description":"Elitr ea dolore ipsum amet. Vero exerci diam dolor in clita elitr stet. Dolor aliquyam et sadipscing wisi qui aliquyam illum sed no lobortis aliquyam et dolor vero et sed justo. Ut dolor et ipsum in dolor sit ipsum dolore facilisis diam amet justo dolore amet no dolores. Invidunt praesent lorem duis accusam autem nonumy tincidunt duo elitr et consequat dolore veniam clita sed erat. Amet gubergren iusto sit wisi eleifend wisi blandit magna ad. Sanctus magna labore takimata sed eros commodo at sanctus ea magna magna. Vero no lorem feugait wisi stet takimata sed esse gubergren vero takimata tincidunt duo tempor iusto erat vulputate. Id eirmod clita at ipsum ipsum at ipsum kasd ipsum et dolore te. Laoreet sed takimata erat vero tempor erat. Lorem blandit tempor et amet ut kasd rebum et diam sed justo ut clita clita sit est. At gubergren imperdiet eirmod ea sit dolores kasd ipsum suscipit rebum et est amet. Tempor eos clita lorem facilisi. Est veniam ea rebum rebum diam labore no ullamcorper praesent suscipit voluptua veniam clita nulla at quis. Dolor takimata nonumy et est eleifend dolor justo eum. Dolor diam enim autem congue ipsum lorem dolores magna vero magna vel.\n","pageCount":1700,"excerpt":"Kasd lorem diam amet sea nonumy sed sea erat gubergren sit dolores sadipscing placerat nam. Blandit sed ut et sed dignissim. Et duis ut hendrerit sed dolor invidunt dolore nonumy sed ut et sit eos aliquyam rebum sed diam eum. Eos sit magna eirmod augue gubergren amet. Erat est clita kasd vulputate odio aliquip ipsum sed duis ipsum erat amet. Adipiscing tempor odio aliquam est eros tempor sea. Vulputate et consetetur gubergren diam ea at aliquyam no dolor sit molestie dolores enim erat.\nIpsum sed et consetetur eos rebum dolor aliquyam eirmod consetetur dolore erat. Eos nisl duo justo eos amet sit doming in sanctus eos dolores. Dolore ipsum diam aliquyam nonumy. Eirmod sed sed gubergren aliquyam vero et dolor dolor stet duis eirmod et. Diam vero veniam ex wisi. Amet justo justo no velit suscipit duis sit luptatum ipsum. Ipsum nonumy sea vero consequat dolore hendrerit stet stet at voluptua lorem feugiat et. Takimata luptatum et at est voluptua delenit euismod sadipscing duo et kasd diam veniam sed. Ipsum amet hendrerit nostrud lorem duo voluptua. Vero justo est ipsum eirmod sea et voluptua at lorem ea erat duo. Veniam labore et nonumy zzril takimata kasd velit tempor et sit. Ut lorem eirmod dolore tempor nisl lorem laoreet illum. Amet eum at justo dolores amet aliquam ut stet lorem. Kasd nam feugait tempor ipsum ea justo ea. Ex iusto ipsum.\nDignissim gubergren ipsum et amet vero gubergren sanctus vero commodo eros lorem sit suscipit quis rebum aliquip accusam. Sadipscing dolor sea ipsum lorem et est invidunt tation vel. Euismod gubergren erat justo sit nobis illum sit dolores at sanctus eirmod eu takimata amet lorem accusam sit ut. Lorem consequat dolor blandit tempor sadipscing justo labore lorem sed stet elit gubergren eirmod eos commodo. Sed sed sea magna rebum lorem et nam gubergren quis in sadipscing et et in eirmod facilisi tempor elitr. Kasd dolore dolore sed duo ipsum voluptua ut nisl consetetur te labore dolor vero in dolor delenit consetetur. Consectetuer sed sit diam veniam ipsum sed consequat sea sed imperdiet et sit magna mazim rebum. Et amet nonummy kasd erat tempor amet ea justo ullamcorper et consetetur vero sea mazim rebum dolor diam. Rebum est takimata ea sed eirmod.\nKasd takimata no. Invidunt kasd diam diam ipsum vel at lobortis diam aliquyam stet dolore elitr sea accusam ipsum accusam lorem. Lorem et et lorem sed dolores voluptua cum eos clita sadipscing diam sea gubergren ipsum rebum eirmod hendrerit magna. Dolore exerci at in qui elitr dolor diam ipsum magna dolor eos takimata sit no zzril. Kasd sanctus vero diam sed dolores nulla sit diam sanctus vel. Nibh sea dolore et ea vero sanctus ipsum dolore magna amet. Blandit duo elitr rebum lorem dolore diam ut dolor sit labore invidunt lorem sit lorem. Sit sit dolor invidunt sed justo nulla vero est amet et at laoreet ut. Nulla sanctus at no augue consetetur sadipscing veniam nisl amet ut. Sed qui accumsan justo justo justo. Dolor invidunt dolores. In delenit et dolor nonummy et facilisis minim duis. Voluptua mazim aliquyam illum tempor exerci dolores tation ipsum dolore et amet sit praesent. Nulla aliquyam takimata sea nonummy eirmod facilisis clita voluptua option amet lorem elitr dolores at magna voluptua aliquam. Ea kasd dolor ullamcorper dolore dolore sed exerci consequat sanctus rebum.\nElitr stet clita diam et dignissim et ipsum illum. Et dolore elitr aliquip at et clita. Rebum in qui duo consetetur accusam facilisi vero dolor autem aliquyam. Aliquam stet duo ea duis erat. Sit clita ipsum nisl nobis magna amet et accumsan diam at. Dolore assum dolores ea sed erat. Ipsum laoreet et quis elitr facer justo sea amet quis rebum doming sea nonumy. Iriure et doming tempor duo molestie ad amet. Sit dolore no duis voluptua praesent ipsum diam invidunt eos doming dolor labore et amet clita amet et.\n","publishDate":"2022-08-20T18:32:32.1445319+00:00"} 
 </msg>
<msg timestamp="20220906 15:32:31.488" level="INFO">D:\Users\pac-c\AppData\Local\Programs\Python\Python310\lib\site-packages\urllib3\connectionpool.py:1045: InsecureRequestWarning: Unverified HTTPS request is being made to host 'fakerestapi.azurewebsites.net'. Adding certificate verification is strongly advised. See: https://urllib3.readthedocs.io/en/1.26.x/advanced-usage.html#ssl-warnings
  warnings.warn(</msg>
<msg timestamp="20220906 15:32:31.489" level="INFO">${RESPOSTA} = &lt;Response [200]&gt;</msg>
<status status="PASS" starttime="20220906 15:32:31.173" endtime="20220906 15:32:31.489"/>
</kw>
<kw name="Log" library="BuiltIn">
<arg>${RESPOSTA.text}</arg>
<doc>Logs the given message with the given level.</doc>
<msg timestamp="20220906 15:32:31.490" level="INFO">{"id":17,"title":"Book 17","description":"Elitr ea dolore ipsum amet. Vero exerci diam dolor in clita elitr stet. Dolor aliquyam et sadipscing wisi qui aliquyam illum sed no lobortis aliquyam et dolor vero et sed justo. Ut dolor et ipsum in dolor sit ipsum dolore facilisis diam amet justo dolore amet no dolores. Invidunt praesent lorem duis accusam autem nonumy tincidunt duo elitr et consequat dolore veniam clita sed erat. Amet gubergren iusto sit wisi eleifend wisi blandit magna ad. Sanctus magna labore takimata sed eros commodo at sanctus ea magna magna. Vero no lorem feugait wisi stet takimata sed esse gubergren vero takimata tincidunt duo tempor iusto erat vulputate. Id eirmod clita at ipsum ipsum at ipsum kasd ipsum et dolore te. Laoreet sed takimata erat vero tempor erat. Lorem blandit tempor et amet ut kasd rebum et diam sed justo ut clita clita sit est. At gubergren imperdiet eirmod ea sit dolores kasd ipsum suscipit rebum et est amet. Tempor eos clita lorem facilisi. Est veniam ea rebum rebum diam labore no ullamcorper praesent suscipit voluptua veniam clita nulla at quis. Dolor takimata nonumy et est eleifend dolor justo eum. Dolor diam enim autem congue ipsum lorem dolores magna vero magna vel.\n","pageCount":1700,"excerpt":"Kasd lorem diam amet sea nonumy sed sea erat gubergren sit dolores sadipscing placerat nam. Blandit sed ut et sed dignissim. Et duis ut hendrerit sed dolor invidunt dolore nonumy sed ut et sit eos aliquyam rebum sed diam eum. Eos sit magna eirmod augue gubergren amet. Erat est clita kasd vulputate odio aliquip ipsum sed duis ipsum erat amet. Adipiscing tempor odio aliquam est eros tempor sea. Vulputate et consetetur gubergren diam ea at aliquyam no dolor sit molestie dolores enim erat.\nIpsum sed et consetetur eos rebum dolor aliquyam eirmod consetetur dolore erat. Eos nisl duo justo eos amet sit doming in sanctus eos dolores. Dolore ipsum diam aliquyam nonumy. Eirmod sed sed gubergren aliquyam vero et dolor dolor stet duis eirmod et. Diam vero veniam ex wisi. Amet justo justo no velit suscipit duis sit luptatum ipsum. Ipsum nonumy sea vero consequat dolore hendrerit stet stet at voluptua lorem feugiat et. Takimata luptatum et at est voluptua delenit euismod sadipscing duo et kasd diam veniam sed. Ipsum amet hendrerit nostrud lorem duo voluptua. Vero justo est ipsum eirmod sea et voluptua at lorem ea erat duo. Veniam labore et nonumy zzril takimata kasd velit tempor et sit. Ut lorem eirmod dolore tempor nisl lorem laoreet illum. Amet eum at justo dolores amet aliquam ut stet lorem. Kasd nam feugait tempor ipsum ea justo ea. Ex iusto ipsum.\nDignissim gubergren ipsum et amet vero gubergren sanctus vero commodo eros lorem sit suscipit quis rebum aliquip accusam. Sadipscing dolor sea ipsum lorem et est invidunt tation vel. Euismod gubergren erat justo sit nobis illum sit dolores at sanctus eirmod eu takimata amet lorem accusam sit ut. Lorem consequat dolor blandit tempor sadipscing justo labore lorem sed stet elit gubergren eirmod eos commodo. Sed sed sea magna rebum lorem et nam gubergren quis in sadipscing et et in eirmod facilisi tempor elitr. Kasd dolore dolore sed duo ipsum voluptua ut nisl consetetur te labore dolor vero in dolor delenit consetetur. Consectetuer sed sit diam veniam ipsum sed consequat sea sed imperdiet et sit magna mazim rebum. Et amet nonummy kasd erat tempor amet ea justo ullamcorper et consetetur vero sea mazim rebum dolor diam. Rebum est takimata ea sed eirmod.\nKasd takimata no. Invidunt kasd diam diam ipsum vel at lobortis diam aliquyam stet dolore elitr sea accusam ipsum accusam lorem. Lorem et et lorem sed dolores voluptua cum eos clita sadipscing diam sea gubergren ipsum rebum eirmod hendrerit magna. Dolore exerci at in qui elitr dolor diam ipsum magna dolor eos takimata sit no zzril. Kasd sanctus vero diam sed dolores nulla sit diam sanctus vel. Nibh sea dolore et ea vero sanctus ipsum dolore magna amet. Blandit duo elitr rebum lorem dolore diam ut dolor sit labore invidunt lorem sit lorem. Sit sit dolor invidunt sed justo nulla vero est amet et at laoreet ut. Nulla sanctus at no augue consetetur sadipscing veniam nisl amet ut. Sed qui accumsan justo justo justo. Dolor invidunt dolores. In delenit et dolor nonummy et facilisis minim duis. Voluptua mazim aliquyam illum tempor exerci dolores tation ipsum dolore et amet sit praesent. Nulla aliquyam takimata sea nonummy eirmod facilisis clita voluptua option amet lorem elitr dolores at magna voluptua aliquam. Ea kasd dolor ullamcorper dolore dolore sed exerci consequat sanctus rebum.\nElitr stet clita diam et dignissim et ipsum illum. Et dolore elitr aliquip at et clita. Rebum in qui duo consetetur accusam facilisi vero dolor autem aliquyam. Aliquam stet duo ea duis erat. Sit clita ipsum nisl nobis magna amet et accumsan diam at. Dolore assum dolores ea sed erat. Ipsum laoreet et quis elitr facer justo sea amet quis rebum doming sea nonumy. Iriure et doming tempor duo molestie ad amet. Sit dolore no duis voluptua praesent ipsum diam invidunt eos doming dolor labore et amet clita amet et.\n","publishDate":"2022-08-20T18:32:32.1445319+00:00"}</msg>
<status status="PASS" starttime="20220906 15:32:31.489" endtime="20220906 15:32:31.490"/>
</kw>
<kw name="Set Test Variable" library="BuiltIn">
<arg>${RESPOSTA}</arg>
<doc>Makes a variable available everywhere within the scope of the current test.</doc>
<msg timestamp="20220906 15:32:31.490" level="INFO">${RESPOSTA} = &lt;Response [200]&gt;</msg>
<status status="PASS" starttime="20220906 15:32:31.490" endtime="20220906 15:32:31.490"/>
</kw>
<status status="PASS" starttime="20220906 15:32:31.173" endtime="20220906 15:32:31.490"/>
</kw>
<status status="PASS" starttime="20220906 15:32:31.172" endtime="20220906 15:32:31.491"/>
</test>
<doc>Documentation da API:</doc>
<status status="PASS" starttime="20220906 15:32:22.916" endtime="20220906 15:32:31.492"/>
</suite>
<statistics>
<total>
<stat pass="2" fail="0" skip="0">All Tests</stat>
</total>
<tag>
</tag>
<suite>
<stat pass="2" fail="0" skip="0" id="s1" name="TestCasesAPIBooks">TestCasesAPIBooks</stat>
</suite>
</statistics>
<errors>
</errors>
</robot>
